#
# There is insufficient memory for the Java Runtime Environment to continue.
# Native memory allocation (malloc) failed to allocate 1336016 bytes for Chunk::new
# Possible reasons:
#   The system is out of physical RAM or swap space
#   The process is running with CompressedOops enabled, and the Java Heap may be blocking the growth of the native heap
# Possible solutions:
#   Reduce memory load on the system
#   Increase physical memory or swap space
#   Check if swap backing store is full
#   Decrease Java heap size (-Xmx/-Xms)
#   Decrease number of Java threads
#   Decrease Java thread stack sizes (-Xss)
#   Set larger code cache with -XX:ReservedCodeCacheSize=
#   JVM is running with Unscaled Compressed Oops mode in which the Java heap is
#     placed in the first 4GB address space. The Java Heap base address is the
#     maximum limit for the native heap growth. Please use -XX:HeapBaseMinAddress
#     to set the Java Heap base and to place the Java Heap above 4GB virtual address.
# This output file may be truncated or incomplete.
#
#  Out of Memory Error (./src/hotspot/share/memory/arena.cpp:197), pid=14244, tid=8048
#
# JRE version: OpenJDK Runtime Environment (11.0.12+7) (build 11.0.12+7-b1504.28-7817840)
# Java VM: OpenJDK 64-Bit Server VM (11.0.12+7-b1504.28-7817840, mixed mode, tiered, compressed oops, g1 gc, windows-amd64)
# No core dump will be written. Minidumps are not enabled by default on client versions of Windows
#

---------------  S U M M A R Y ------------

Command Line: --add-opens=java.base/java.util=ALL-UNNAMED --add-opens=java.base/java.lang=ALL-UNNAMED --add-opens=java.base/java.lang.invoke=ALL-UNNAMED --add-opens=java.base/java.util=ALL-UNNAMED --add-opens=java.prefs/java.util.prefs=ALL-UNNAMED --add-opens=java.prefs/java.util.prefs=ALL-UNNAMED --add-opens=java.base/java.nio.charset=ALL-UNNAMED --add-opens=java.base/java.net=ALL-UNNAMED --add-opens=java.base/java.util.concurrent.atomic=ALL-UNNAMED -Xmx2048m -Dfile.encoding=UTF-8 -Duser.country=BR -Duser.language=pt -Duser.variant org.gradle.launcher.daemon.bootstrap.GradleDaemon 7.3.3

Host: Intel(R) Core(TM) i5-8250U CPU @ 1.60GHz, 8 cores, 7G,  Windows 10 , 64 bit Build 19041 (10.0.19041.1706)
Time: Tue Jun  7 19:36:42 2022 Hora oficial do Brasil elapsed time: 19.171982 seconds (0d 0h 0m 19s)

---------------  T H R E A D  ---------------

Current thread (0x000002bc4f49c000):  JavaThread "C2 CompilerThread0" daemon [_thread_in_native, id=8048, stack(0x000000c1ec900000,0x000000c1eca00000)]


Current CompileTask:
C2:  19172 16255   !   4       java.net.URL::<init> (543 bytes)

Stack: [0x000000c1ec900000,0x000000c1eca00000]
Native frames: (J=compiled Java code, j=interpreted, Vv=VM code, C=native code)
V  [jvm.dll+0x5fbcea]
V  [jvm.dll+0x731905]
V  [jvm.dll+0x732f1d]
V  [jvm.dll+0x7335d3]
V  [jvm.dll+0x247bf8]
V  [jvm.dll+0xc018c]
V  [jvm.dll+0xc06cc]
V  [jvm.dll+0x35b2db]
V  [jvm.dll+0x328803]
V  [jvm.dll+0x327cfa]
V  [jvm.dll+0x200602]
V  [jvm.dll+0x1ff794]
V  [jvm.dll+0x18868c]
V  [jvm.dll+0x20e0d7]
V  [jvm.dll+0x20c901]
V  [jvm.dll+0x6f9b7f]
V  [jvm.dll+0x6f26a5]
V  [jvm.dll+0x5fabf6]
C  [ucrtbase.dll+0x21bb2]
C  [KERNEL32.DLL+0x17034]
C  [ntdll.dll+0x52651]


---------------  P R O C E S S  ---------------

Threads class SMR info:
_java_thread_list=0x000002bc5a7361e0, length=153, elements={
0x000002bc3269d000, 0x000002bc4eb00000, 0x000002bc4eb0d800, 0x000002bc4f495800,
0x000002bc4f497000, 0x000002bc4f499000, 0x000002bc4f49c000, 0x000002bc4f4a0800,
0x000002bc4eb23000, 0x000002bc4f5ed000, 0x000002bc5149d000, 0x000002bc50af7800,
0x000002bc5189e800, 0x000002bc51a34000, 0x000002bc519fa800, 0x000002bc50962000,
0x000002bc5066f000, 0x000002bc51797800, 0x000002bc51895800, 0x000002bc51958000,
0x000002bc51e88000, 0x000002bc51e89000, 0x000002bc51e86800, 0x000002bc51e89800,
0x000002bc51e87000, 0x000002bc51e84000, 0x000002bc51e85000, 0x000002bc51e8a800,
0x000002bc51e85800, 0x000002bc53425800, 0x000002bc53428000, 0x000002bc53427000,
0x000002bc53425000, 0x000002bc5342c000, 0x000002bc5342f800, 0x000002bc53430000,
0x000002bc5342b800, 0x000002bc53431000, 0x000002bc53432800, 0x000002bc5342d000,
0x000002bc53433800, 0x000002bc5342e000, 0x000002bc5342e800, 0x000002bc53432000,
0x000002bc56f42800, 0x000002bc56f43800, 0x000002bc56f44800, 0x000002bc56f46800,
0x000002bc56f45000, 0x000002bc56f46000, 0x000002bc56f41000, 0x000002bc56f47800,
0x000002bc56f42000, 0x000002bc56f4b800, 0x000002bc56f4c800, 0x000002bc56f4d800,
0x000002bc56f48800, 0x000002bc56f4e000, 0x000002bc56f49000, 0x000002bc56f4f000,
0x000002bc56f4f800, 0x000002bc56f4a000, 0x000002bc56f4b000, 0x000002bc5507b800,
0x000002bc55076000, 0x000002bc55078800, 0x000002bc5507a000, 0x000002bc5507c800,
0x000002bc55079000, 0x000002bc5507a800, 0x000002bc55076800, 0x000002bc5507d000,
0x000002bc55077800, 0x000002bc5507f000, 0x000002bc5507f800, 0x000002bc55080800,
0x000002bc55081800, 0x000002bc55082000, 0x000002bc55083000, 0x000002bc55083800,
0x000002bc5507e000, 0x000002bc55084800, 0x000002bc5724c800, 0x000002bc57248800,
0x000002bc5724c000, 0x000002bc5724f000, 0x000002bc5724d800, 0x000002bc57249800,
0x000002bc5724b000, 0x000002bc5724e000, 0x000002bc57250000, 0x000002bc5724a000,
0x000002bc57255800, 0x000002bc57250800, 0x000002bc57251800, 0x000002bc57256800,
0x000002bc57252800, 0x000002bc57257000, 0x000002bc57253000, 0x000002bc57255000,
0x000002bc57254000, 0x000002bc54f12000, 0x000002bc54f10000, 0x000002bc54f12800,
0x000002bc54f13800, 0x000002bc54f16000, 0x000002bc54f17000, 0x000002bc54f11000,
0x000002bc54f17800, 0x000002bc54f14800, 0x000002bc54f18800, 0x000002bc54f19000,
0x000002bc54f15000, 0x000002bc54f1f000, 0x000002bc54f1b000, 0x000002bc54f1a000,
0x000002bc54f1e000, 0x000002bc54f1b800, 0x000002bc54f1c800, 0x000002bc54f1d800,
0x000002bc54a38800, 0x000002bc54a3b000, 0x000002bc54a36000, 0x000002bc54a3c800,
0x000002bc54a37000, 0x000002bc54a3c000, 0x000002bc54a42800, 0x000002bc54a44000,
0x000002bc54a45000, 0x000002bc54a40000, 0x000002bc54a43000, 0x000002bc54a41000,
0x000002bc59eff000, 0x000002bc59eff800, 0x000002bc59efc800, 0x000002bc59efb800,
0x000002bc59efd000, 0x000002bc5a0f0000, 0x000002bc59f00800, 0x000002bc59efe000,
0x000002bc59efa800, 0x000002bc59f02000, 0x000002bc59f03000, 0x000002bc59f03800,
0x000002bc59f04800, 0x000002bc59f06000, 0x000002bc59f01000, 0x000002bc59f07800,
0x000002bc59f09800, 0x000002bc59f05800, 0x000002bc59f08800, 0x000002bc5ab04000,
0x000002bc5aaff800
}

Java Threads: ( => current thread )
  0x000002bc3269d000 JavaThread "main" [_thread_blocked, id=16268, stack(0x000000c1ebd00000,0x000000c1ebe00000)]
  0x000002bc4eb00000 JavaThread "Reference Handler" daemon [_thread_blocked, id=12544, stack(0x000000c1ec400000,0x000000c1ec500000)]
  0x000002bc4eb0d800 JavaThread "Finalizer" daemon [_thread_blocked, id=14880, stack(0x000000c1ec500000,0x000000c1ec600000)]
  0x000002bc4f495800 JavaThread "Signal Dispatcher" daemon [_thread_blocked, id=12016, stack(0x000000c1ec600000,0x000000c1ec700000)]
  0x000002bc4f497000 JavaThread "Attach Listener" daemon [_thread_blocked, id=13800, stack(0x000000c1ec700000,0x000000c1ec800000)]
  0x000002bc4f499000 JavaThread "Service Thread" daemon [_thread_blocked, id=8480, stack(0x000000c1ec800000,0x000000c1ec900000)]
=>0x000002bc4f49c000 JavaThread "C2 CompilerThread0" daemon [_thread_in_native, id=8048, stack(0x000000c1ec900000,0x000000c1eca00000)]
  0x000002bc4f4a0800 JavaThread "C1 CompilerThread0" daemon [_thread_blocked, id=6496, stack(0x000000c1eca00000,0x000000c1ecb00000)]
  0x000002bc4eb23000 JavaThread "Sweeper thread" daemon [_thread_blocked, id=3972, stack(0x000000c1ecb00000,0x000000c1ecc00000)]
  0x000002bc4f5ed000 JavaThread "Common-Cleaner" daemon [_thread_blocked, id=10664, stack(0x000000c1ecc00000,0x000000c1ecd00000)]
  0x000002bc5149d000 JavaThread "Daemon health stats" [_thread_blocked, id=11104, stack(0x000000c1ed100000,0x000000c1ed200000)]
  0x000002bc50af7800 JavaThread "Incoming local TCP Connector on port 60245" [_thread_in_native, id=9748, stack(0x000000c1ece00000,0x000000c1ecf00000)]
  0x000002bc5189e800 JavaThread "Daemon periodic checks" [_thread_blocked, id=9180, stack(0x000000c1ed200000,0x000000c1ed300000)]
  0x000002bc51a34000 JavaThread "Daemon" [_thread_blocked, id=12640, stack(0x000000c1ed300000,0x000000c1ed400000)]
  0x000002bc519fa800 JavaThread "Handler for socket connection from /127.0.0.1:60245 to /127.0.0.1:60246" [_thread_in_native, id=14556, stack(0x000000c1ed400000,0x000000c1ed500000)]
  0x000002bc50962000 JavaThread "Cancel handler" [_thread_blocked, id=7548, stack(0x000000c1ed500000,0x000000c1ed600000)]
  0x000002bc5066f000 JavaThread "Daemon worker" [_thread_in_Java, id=11404, stack(0x000000c1ed600000,0x000000c1ed700000)]
  0x000002bc51797800 JavaThread "Asynchronous log dispatcher for DefaultDaemonConnection: socket connection from /127.0.0.1:60245 to /127.0.0.1:60246" [_thread_blocked, id=15072, stack(0x000000c1ed700000,0x000000c1ed800000)]
  0x000002bc51895800 JavaThread "Stdin handler" [_thread_blocked, id=5828, stack(0x000000c1ed800000,0x000000c1ed900000)]
  0x000002bc51958000 JavaThread "Daemon client event forwarder" [_thread_blocked, id=14048, stack(0x000000c1ed900000,0x000000c1eda00000)]
  0x000002bc51e88000 JavaThread "Cache worker for journal cache (C:\Users\usuario\.gradle\caches\journal-1)" [_thread_blocked, id=5868, stack(0x000000c1ee100000,0x000000c1ee200000)]
  0x000002bc51e89000 JavaThread "File lock request listener" [_thread_in_native, id=8464, stack(0x000000c1ee200000,0x000000c1ee300000)]
  0x000002bc51e86800 JavaThread "Cache worker for file hash cache (C:\Users\usuario\.gradle\caches\7.3.3\fileHashes)" [_thread_blocked, id=14604, stack(0x000000c1ee300000,0x000000c1ee400000)]
  0x000002bc51e89800 JavaThread "Cache worker for file hash cache (C:\Users\usuario\AndroidStudioProjects\MyApplication\.gradle\7.3.3\fileHashes)" [_thread_blocked, id=14288, stack(0x000000c1ee500000,0x000000c1ee600000)]
  0x000002bc51e87000 JavaThread "File watcher server" daemon [_thread_in_native, id=7332, stack(0x000000c1ee600000,0x000000c1ee700000)]
  0x000002bc51e84000 JavaThread "File watcher consumer" daemon [_thread_blocked, id=1976, stack(0x000000c1ee700000,0x000000c1ee800000)]
  0x000002bc51e85000 JavaThread "Cache worker for checksums cache (C:\Users\usuario\AndroidStudioProjects\MyApplication\.gradle\7.3.3\checksums)" [_thread_blocked, id=4184, stack(0x000000c1ee800000,0x000000c1ee900000)]
  0x000002bc51e8a800 JavaThread "Cache worker for cache directory md-supplier (C:\Users\usuario\.gradle\caches\7.3.3\md-supplier)" [_thread_blocked, id=1076, stack(0x000000c1ee900000,0x000000c1eea00000)]
  0x000002bc51e85800 JavaThread "Cache worker for cache directory md-rule (C:\Users\usuario\.gradle\caches\7.3.3\md-rule)" [_thread_blocked, id=10100, stack(0x000000c1eea00000,0x000000c1eeb00000)]
  0x000002bc53425800 JavaThread "Cache worker for execution history cache (C:\Users\usuario\.gradle\caches\7.3.3\executionHistory)" [_thread_blocked, id=11992, stack(0x000000c1eeb00000,0x000000c1eec00000)]
  0x000002bc53428000 JavaThread "jar transforms" [_thread_blocked, id=15388, stack(0x000000c1eec00000,0x000000c1eed00000)]
  0x000002bc53427000 JavaThread "Cache worker for file content cache (C:\Users\usuario\.gradle\caches\7.3.3\fileContent)" [_thread_blocked, id=6828, stack(0x000000c1eed00000,0x000000c1eee00000)]
  0x000002bc53425000 JavaThread "jar transforms Thread 2" [_thread_blocked, id=14664, stack(0x000000c1eee00000,0x000000c1eef00000)]
  0x000002bc5342c000 JavaThread "Cache worker for dependencies-accessors (C:\Users\usuario\AndroidStudioProjects\MyApplication\.gradle\7.3.3\dependencies-accessors)" [_thread_blocked, id=12236, stack(0x000000c1eef00000,0x000000c1ef000000)]
  0x000002bc5342f800 JavaThread "jar transforms Thread 3" [_thread_blocked, id=8008, stack(0x000000c1ef000000,0x000000c1ef100000)]
  0x000002bc53430000 JavaThread "Cache worker for Build Output Cleanup Cache (C:\Users\usuario\AndroidStudioProjects\MyApplication\.gradle\buildOutputCleanup)" [_thread_blocked, id=10488, stack(0x000000c1ef100000,0x000000c1ef200000)]
  0x000002bc5342b800 JavaThread "Unconstrained build operations" [_thread_blocked, id=10324, stack(0x000000c1ef200000,0x000000c1ef300000)]
  0x000002bc53431000 JavaThread "Unconstrained build operations Thread 2" [_thread_blocked, id=11568, stack(0x000000c1ef300000,0x000000c1ef400000)]
  0x000002bc53432800 JavaThread "Unconstrained build operations Thread 3" [_thread_blocked, id=12060, stack(0x000000c1ef400000,0x000000c1ef500000)]
  0x000002bc5342d000 JavaThread "Unconstrained build operations Thread 4" [_thread_blocked, id=5916, stack(0x000000c1ef500000,0x000000c1ef600000)]
  0x000002bc53433800 JavaThread "Unconstrained build operations Thread 5" [_thread_blocked, id=8320, stack(0x000000c1ef600000,0x000000c1ef700000)]
  0x000002bc5342e000 JavaThread "Unconstrained build operations Thread 6" [_thread_blocked, id=15684, stack(0x000000c1ef700000,0x000000c1ef800000)]
  0x000002bc5342e800 JavaThread "Unconstrained build operations Thread 7" [_thread_blocked, id=6280, stack(0x000000c1ef800000,0x000000c1ef900000)]
  0x000002bc53432000 JavaThread "Unconstrained build operations Thread 8" [_thread_blocked, id=9652, stack(0x000000c1ef900000,0x000000c1efa00000)]
  0x000002bc56f42800 JavaThread "Unconstrained build operations Thread 9" [_thread_blocked, id=13752, stack(0x000000c1efa00000,0x000000c1efb00000)]
  0x000002bc56f43800 JavaThread "Unconstrained build operations Thread 10" [_thread_blocked, id=15936, stack(0x000000c1efb00000,0x000000c1efc00000)]
  0x000002bc56f44800 JavaThread "Unconstrained build operations Thread 11" [_thread_blocked, id=9200, stack(0x000000c1efc00000,0x000000c1efd00000)]
  0x000002bc56f46800 JavaThread "Unconstrained build operations Thread 12" [_thread_blocked, id=7352, stack(0x000000c1efd00000,0x000000c1efe00000)]
  0x000002bc56f45000 JavaThread "Unconstrained build operations Thread 13" [_thread_blocked, id=5264, stack(0x000000c1efe00000,0x000000c1eff00000)]
  0x000002bc56f46000 JavaThread "Unconstrained build operations Thread 14" [_thread_blocked, id=1096, stack(0x000000c1eff00000,0x000000c1f0000000)]
  0x000002bc56f41000 JavaThread "Unconstrained build operations Thread 15" [_thread_blocked, id=5992, stack(0x000000c1f0000000,0x000000c1f0100000)]
  0x000002bc56f47800 JavaThread "Unconstrained build operations Thread 16" [_thread_blocked, id=10640, stack(0x000000c1f0100000,0x000000c1f0200000)]
  0x000002bc56f42000 JavaThread "Unconstrained build operations Thread 17" [_thread_blocked, id=6296, stack(0x000000c1f0200000,0x000000c1f0300000)]
  0x000002bc56f4b800 JavaThread "Unconstrained build operations Thread 18" [_thread_blocked, id=12588, stack(0x000000c1f0300000,0x000000c1f0400000)]
  0x000002bc56f4c800 JavaThread "Unconstrained build operations Thread 19" [_thread_blocked, id=15216, stack(0x000000c1f0400000,0x000000c1f0500000)]
  0x000002bc56f4d800 JavaThread "Unconstrained build operations Thread 20" [_thread_blocked, id=13196, stack(0x000000c1f0500000,0x000000c1f0600000)]
  0x000002bc56f48800 JavaThread "Unconstrained build operations Thread 21" [_thread_blocked, id=7308, stack(0x000000c1f0600000,0x000000c1f0700000)]
  0x000002bc56f4e000 JavaThread "Unconstrained build operations Thread 22" [_thread_blocked, id=6428, stack(0x000000c1f0700000,0x000000c1f0800000)]
  0x000002bc56f49000 JavaThread "Unconstrained build operations Thread 23" [_thread_blocked, id=944, stack(0x000000c1f0800000,0x000000c1f0900000)]
  0x000002bc56f4f000 JavaThread "Unconstrained build operations Thread 24" [_thread_blocked, id=9692, stack(0x000000c1f0900000,0x000000c1f0a00000)]
  0x000002bc56f4f800 JavaThread "Unconstrained build operations Thread 25" [_thread_blocked, id=3384, stack(0x000000c1f0a00000,0x000000c1f0b00000)]
  0x000002bc56f4a000 JavaThread "Unconstrained build operations Thread 26" [_thread_blocked, id=2512, stack(0x000000c1f0b00000,0x000000c1f0c00000)]
  0x000002bc56f4b000 JavaThread "Unconstrained build operations Thread 27" [_thread_blocked, id=10092, stack(0x000000c1f0c00000,0x000000c1f0d00000)]
  0x000002bc5507b800 JavaThread "Unconstrained build operations Thread 28" [_thread_blocked, id=7320, stack(0x000000c1f0d00000,0x000000c1f0e00000)]
  0x000002bc55076000 JavaThread "Unconstrained build operations Thread 29" [_thread_blocked, id=3520, stack(0x000000c1f0e00000,0x000000c1f0f00000)]
  0x000002bc55078800 JavaThread "Unconstrained build operations Thread 30" [_thread_blocked, id=5092, stack(0x000000c1f0f00000,0x000000c1f1000000)]
  0x000002bc5507a000 JavaThread "Unconstrained build operations Thread 31" [_thread_blocked, id=2032, stack(0x000000c1f1000000,0x000000c1f1100000)]
  0x000002bc5507c800 JavaThread "Unconstrained build operations Thread 32" [_thread_blocked, id=15228, stack(0x000000c1f1100000,0x000000c1f1200000)]
  0x000002bc55079000 JavaThread "Unconstrained build operations Thread 33" [_thread_blocked, id=9644, stack(0x000000c1f1200000,0x000000c1f1300000)]
  0x000002bc5507a800 JavaThread "Unconstrained build operations Thread 34" [_thread_blocked, id=5984, stack(0x000000c1f1300000,0x000000c1f1400000)]
  0x000002bc55076800 JavaThread "Unconstrained build operations Thread 35" [_thread_blocked, id=14856, stack(0x000000c1f1400000,0x000000c1f1500000)]
  0x000002bc5507d000 JavaThread "Unconstrained build operations Thread 36" [_thread_blocked, id=8984, stack(0x000000c1f1500000,0x000000c1f1600000)]
  0x000002bc55077800 JavaThread "Unconstrained build operations Thread 37" [_thread_blocked, id=13000, stack(0x000000c1f1600000,0x000000c1f1700000)]
  0x000002bc5507f000 JavaThread "Unconstrained build operations Thread 38" [_thread_blocked, id=3988, stack(0x000000c1f1700000,0x000000c1f1800000)]
  0x000002bc5507f800 JavaThread "Unconstrained build operations Thread 39" [_thread_blocked, id=10164, stack(0x000000c1f1800000,0x000000c1f1900000)]
  0x000002bc55080800 JavaThread "Unconstrained build operations Thread 40" [_thread_blocked, id=7472, stack(0x000000c1f1900000,0x000000c1f1a00000)]
  0x000002bc55081800 JavaThread "Unconstrained build operations Thread 41" [_thread_blocked, id=12160, stack(0x000000c1f1a00000,0x000000c1f1b00000)]
  0x000002bc55082000 JavaThread "Unconstrained build operations Thread 42" [_thread_blocked, id=9304, stack(0x000000c1f1b00000,0x000000c1f1c00000)]
  0x000002bc55083000 JavaThread "Unconstrained build operations Thread 43" [_thread_blocked, id=6644, stack(0x000000c1f1c00000,0x000000c1f1d00000)]
  0x000002bc55083800 JavaThread "Unconstrained build operations Thread 44" [_thread_blocked, id=8716, stack(0x000000c1f1d00000,0x000000c1f1e00000)]
  0x000002bc5507e000 JavaThread "Unconstrained build operations Thread 45" [_thread_blocked, id=12984, stack(0x000000c1f1e00000,0x000000c1f1f00000)]
  0x000002bc55084800 JavaThread "Unconstrained build operations Thread 46" [_thread_blocked, id=13716, stack(0x000000c1f1f00000,0x000000c1f2000000)]
  0x000002bc5724c800 JavaThread "Unconstrained build operations Thread 47" [_thread_blocked, id=6596, stack(0x000000c1f2000000,0x000000c1f2100000)]
  0x000002bc57248800 JavaThread "Unconstrained build operations Thread 48" [_thread_blocked, id=13980, stack(0x000000c1f2100000,0x000000c1f2200000)]
  0x000002bc5724c000 JavaThread "Unconstrained build operations Thread 49" [_thread_blocked, id=8236, stack(0x000000c1f2200000,0x000000c1f2300000)]
  0x000002bc5724f000 JavaThread "Unconstrained build operations Thread 50" [_thread_blocked, id=6504, stack(0x000000c1f2300000,0x000000c1f2400000)]
  0x000002bc5724d800 JavaThread "Unconstrained build operations Thread 51" [_thread_blocked, id=10060, stack(0x000000c1f2400000,0x000000c1f2500000)]
  0x000002bc57249800 JavaThread "Unconstrained build operations Thread 52" [_thread_blocked, id=12136, stack(0x000000c1f2500000,0x000000c1f2600000)]
  0x000002bc5724b000 JavaThread "Unconstrained build operations Thread 53" [_thread_blocked, id=14052, stack(0x000000c1f2600000,0x000000c1f2700000)]
  0x000002bc5724e000 JavaThread "Unconstrained build operations Thread 54" [_thread_blocked, id=1392, stack(0x000000c1f2700000,0x000000c1f2800000)]
  0x000002bc57250000 JavaThread "Unconstrained build operations Thread 55" [_thread_blocked, id=13536, stack(0x000000c1f2800000,0x000000c1f2900000)]
  0x000002bc5724a000 JavaThread "Unconstrained build operations Thread 56" [_thread_blocked, id=8752, stack(0x000000c1f2900000,0x000000c1f2a00000)]
  0x000002bc57255800 JavaThread "Unconstrained build operations Thread 57" [_thread_blocked, id=8644, stack(0x000000c1f2a00000,0x000000c1f2b00000)]
  0x000002bc57250800 JavaThread "Unconstrained build operations Thread 58" [_thread_blocked, id=16340, stack(0x000000c1f2b00000,0x000000c1f2c00000)]
  0x000002bc57251800 JavaThread "Unconstrained build operations Thread 59" [_thread_blocked, id=2044, stack(0x000000c1f2c00000,0x000000c1f2d00000)]
  0x000002bc57256800 JavaThread "Unconstrained build operations Thread 60" [_thread_blocked, id=7456, stack(0x000000c1f2d00000,0x000000c1f2e00000)]
  0x000002bc57252800 JavaThread "Unconstrained build operations Thread 61" [_thread_blocked, id=16248, stack(0x000000c1f2e00000,0x000000c1f2f00000)]
  0x000002bc57257000 JavaThread "Unconstrained build operations Thread 62" [_thread_blocked, id=15820, stack(0x000000c1f2f00000,0x000000c1f3000000)]
  0x000002bc57253000 JavaThread "Unconstrained build operations Thread 63" [_thread_blocked, id=1852, stack(0x000000c1f3000000,0x000000c1f3100000)]
  0x000002bc57255000 JavaThread "Unconstrained build operations Thread 64" [_thread_blocked, id=3784, stack(0x000000c1f3100000,0x000000c1f3200000)]
  0x000002bc57254000 JavaThread "Unconstrained build operations Thread 65" [_thread_blocked, id=9568, stack(0x000000c1f3200000,0x000000c1f3300000)]
  0x000002bc54f12000 JavaThread "Unconstrained build operations Thread 66" [_thread_blocked, id=896, stack(0x000000c1f3300000,0x000000c1f3400000)]
  0x000002bc54f10000 JavaThread "Unconstrained build operations Thread 67" [_thread_blocked, id=6552, stack(0x000000c1f3400000,0x000000c1f3500000)]
  0x000002bc54f12800 JavaThread "Unconstrained build operations Thread 68" [_thread_blocked, id=6884, stack(0x000000c1f3500000,0x000000c1f3600000)]
  0x000002bc54f13800 JavaThread "Unconstrained build operations Thread 69" [_thread_blocked, id=10224, stack(0x000000c1f3600000,0x000000c1f3700000)]
  0x000002bc54f16000 JavaThread "Unconstrained build operations Thread 70" [_thread_blocked, id=13396, stack(0x000000c1f3700000,0x000000c1f3800000)]
  0x000002bc54f17000 JavaThread "Unconstrained build operations Thread 71" [_thread_blocked, id=7112, stack(0x000000c1f3800000,0x000000c1f3900000)]
  0x000002bc54f11000 JavaThread "Unconstrained build operations Thread 72" [_thread_blocked, id=12620, stack(0x000000c1f3900000,0x000000c1f3a00000)]
  0x000002bc54f17800 JavaThread "Unconstrained build operations Thread 73" [_thread_blocked, id=13916, stack(0x000000c1f3a00000,0x000000c1f3b00000)]
  0x000002bc54f14800 JavaThread "Unconstrained build operations Thread 74" [_thread_blocked, id=11064, stack(0x000000c1f3b00000,0x000000c1f3c00000)]
  0x000002bc54f18800 JavaThread "Unconstrained build operations Thread 75" [_thread_blocked, id=8080, stack(0x000000c1f3c00000,0x000000c1f3d00000)]
  0x000002bc54f19000 JavaThread "Unconstrained build operations Thread 76" [_thread_blocked, id=10804, stack(0x000000c1f3d00000,0x000000c1f3e00000)]
  0x000002bc54f15000 JavaThread "Unconstrained build operations Thread 77" [_thread_blocked, id=10856, stack(0x000000c1f3e00000,0x000000c1f3f00000)]
  0x000002bc54f1f000 JavaThread "Unconstrained build operations Thread 78" [_thread_blocked, id=9412, stack(0x000000c1f3f00000,0x000000c1f4000000)]
  0x000002bc54f1b000 JavaThread "Unconstrained build operations Thread 79" [_thread_blocked, id=14116, stack(0x000000c1f4000000,0x000000c1f4100000)]
  0x000002bc54f1a000 JavaThread "Unconstrained build operations Thread 80" [_thread_blocked, id=5948, stack(0x000000c1f4100000,0x000000c1f4200000)]
  0x000002bc54f1e000 JavaThread "jar transforms Thread 4" [_thread_blocked, id=8596, stack(0x000000c1f4200000,0x000000c1f4300000)]
  0x000002bc54f1b800 JavaThread "jar transforms Thread 5" [_thread_blocked, id=8976, stack(0x000000c1f4300000,0x000000c1f4400000)]
  0x000002bc54f1c800 JavaThread "jar transforms Thread 6" [_thread_blocked, id=132, stack(0x000000c1f4400000,0x000000c1f4500000)]
  0x000002bc54f1d800 JavaThread "jar transforms Thread 7" [_thread_blocked, id=1636, stack(0x000000c1f4500000,0x000000c1f4600000)]
  0x000002bc54a38800 JavaThread "jar transforms Thread 8" [_thread_blocked, id=15960, stack(0x000000c1f4600000,0x000000c1f4700000)]
  0x000002bc54a3b000 JavaThread "Memory manager" [_thread_blocked, id=232, stack(0x000000c1eda00000,0x000000c1edb00000)]
  0x000002bc54a36000 JavaThread "build event listener" [_thread_blocked, id=15024, stack(0x000000c1f4700000,0x000000c1f4800000)]
  0x000002bc54a3c800 JavaThread "build event listener" [_thread_blocked, id=16056, stack(0x000000c1f4800000,0x000000c1f4900000)]
  0x000002bc54a37000 JavaThread "pool-3-thread-1" [_thread_blocked, id=14728, stack(0x000000c1f4900000,0x000000c1f4a00000)]
  0x000002bc54a3c000 JavaThread "build event listener" [_thread_blocked, id=6592, stack(0x000000c1f4a00000,0x000000c1f4b00000)]
  0x000002bc54a42800 JavaThread "Cache worker for execution history cache (C:\Users\usuario\AndroidStudioProjects\MyApplication\.gradle\7.3.3\executionHistory)" [_thread_blocked, id=11424, stack(0x000000c1f5200000,0x000000c1f5300000)]
  0x000002bc54a44000 JavaThread "Cache worker for Java compile cache (C:\Users\usuario\.gradle\caches\7.3.3\javaCompile)" [_thread_blocked, id=5136, stack(0x000000c1f5300000,0x000000c1f5400000)]
  0x000002bc54a45000 JavaThread "Build operations" [_thread_blocked, id=8380, stack(0x000000c1f5400000,0x000000c1f5500000)]
  0x000002bc54a40000 JavaThread "Build operations Thread 2" [_thread_blocked, id=1464, stack(0x000000c1f5500000,0x000000c1f5600000)]
  0x000002bc54a43000 JavaThread "Build operations Thread 3" [_thread_blocked, id=2612, stack(0x000000c1f5600000,0x000000c1f5700000)]
  0x000002bc54a41000 JavaThread "Build operations Thread 4" [_thread_blocked, id=10284, stack(0x000000c1f5700000,0x000000c1f5800000)]
  0x000002bc59eff000 JavaThread "Build operations Thread 5" [_thread_blocked, id=8316, stack(0x000000c1f5800000,0x000000c1f5900000)]
  0x000002bc59eff800 JavaThread "Build operations Thread 6" [_thread_blocked, id=14816, stack(0x000000c1f5900000,0x000000c1f5a00000)]
  0x000002bc59efc800 JavaThread "Build operations Thread 7" [_thread_blocked, id=15844, stack(0x000000c1f5a00000,0x000000c1f5b00000)]
  0x000002bc59efb800 JavaThread "Build operations Thread 8" [_thread_blocked, id=10364, stack(0x000000c1f5b00000,0x000000c1f5c00000)]
  0x000002bc59efd000 JavaThread "WorkerExecutor Queue" [_thread_blocked, id=5500, stack(0x000000c1f5c00000,0x000000c1f5d00000)]
  0x000002bc5a0f0000 JavaThread "C2 CompilerThread1" daemon [_thread_in_native, id=9988, stack(0x000000c1f5d00000,0x000000c1f5e00000)]
  0x000002bc59f00800 JavaThread "WorkerExecutor Queue Thread 2" [_thread_blocked, id=11832, stack(0x000000c1f5e00000,0x000000c1f5f00000)]
  0x000002bc59efe000 JavaThread "WorkerExecutor Queue Thread 3" [_thread_blocked, id=7200, stack(0x000000c1f5f00000,0x000000c1f6000000)]
  0x000002bc59efa800 JavaThread "WorkerExecutor Queue Thread 4" [_thread_blocked, id=10200, stack(0x000000c1f6000000,0x000000c1f6100000)]
  0x000002bc59f02000 JavaThread "WorkerExecutor Queue Thread 5" [_thread_blocked, id=6640, stack(0x000000c1f6100000,0x000000c1f6200000)]
  0x000002bc59f03000 JavaThread "WorkerExecutor Queue Thread 6" [_thread_blocked, id=6676, stack(0x000000c1f6200000,0x000000c1f6300000)]
  0x000002bc59f03800 JavaThread "WorkerExecutor Queue Thread 7" [_thread_blocked, id=2360, stack(0x000000c1f6300000,0x000000c1f6400000)]
  0x000002bc59f04800 JavaThread "WorkerExecutor Queue Thread 8" [_thread_blocked, id=16196, stack(0x000000c1f6400000,0x000000c1f6500000)]
  0x000002bc59f06000 JavaThread "WorkerExecutor Queue Thread 9" [_thread_blocked, id=14292, stack(0x000000c1f6500000,0x000000c1f6600000)]
  0x000002bc59f01000 JavaThread "ForkJoinPool.commonPool-worker-3" daemon [_thread_blocked, id=3116, stack(0x000000c1f6600000,0x000000c1f6700000)]
  0x000002bc59f07800 JavaThread "ForkJoinPool.commonPool-worker-5" daemon [_thread_blocked, id=2816, stack(0x000000c1f6700000,0x000000c1f6800000)]
  0x000002bc59f09800 JavaThread "ForkJoinPool.commonPool-worker-7" daemon [_thread_blocked, id=11900, stack(0x000000c1f6800000,0x000000c1f6900000)]
  0x000002bc59f05800 JavaThread "ForkJoinPool.commonPool-worker-9" daemon [_thread_blocked, id=9708, stack(0x000000c1f6900000,0x000000c1f6a00000)]
  0x000002bc59f08800 JavaThread "ForkJoinPool.commonPool-worker-11" daemon [_thread_blocked, id=5340, stack(0x000000c1f6a00000,0x000000c1f6b00000)]
  0x000002bc5ab04000 JavaThread "ForkJoinPool.commonPool-worker-13" daemon [_thread_blocked, id=3052, stack(0x000000c1f6b00000,0x000000c1f6c00000)]
  0x000002bc5aaff800 JavaThread "ForkJoinPool.commonPool-worker-15" daemon [_thread_blocked, id=11728, stack(0x000000c1f6c00000,0x000000c1f6d00000)]

Other Threads:
  0x000002bc4eafe000 VMThread "VM Thread" [stack: 0x000000c1ec300000,0x000000c1ec400000] [id=7152]
  0x000002bc4f64a000 WatcherThread [stack: 0x000000c1ecd00000,0x000000c1ece00000] [id=3372]
  0x000002bc326b6800 GCTaskThread "GC Thread#0" [stack: 0x000000c1ebe00000,0x000000c1ebf00000] [id=16328]
  0x000002bc5041a800 GCTaskThread "GC Thread#1" [stack: 0x000000c1ecf00000,0x000000c1ed000000] [id=9332]
  0x000002bc50064800 GCTaskThread "GC Thread#2" [stack: 0x000000c1ed000000,0x000000c1ed100000] [id=14868]
  0x000002bc51483800 GCTaskThread "GC Thread#3" [stack: 0x000000c1edb00000,0x000000c1edc00000] [id=11384]
  0x000002bc52f5a000 GCTaskThread "GC Thread#4" [stack: 0x000000c1edc00000,0x000000c1edd00000] [id=16160]
  0x000002bc50c44000 GCTaskThread "GC Thread#5" [stack: 0x000000c1edd00000,0x000000c1ede00000] [id=2540]
  0x000002bc4fbca800 GCTaskThread "GC Thread#6" [stack: 0x000000c1ede00000,0x000000c1edf00000] [id=13432]
  0x000002bc5083a000 GCTaskThread "GC Thread#7" [stack: 0x000000c1edf00000,0x000000c1ee000000] [id=11932]
  0x000002bc326e9000 ConcurrentGCThread "G1 Main Marker" [stack: 0x000000c1ebf00000,0x000000c1ec000000] [id=6628]
  0x000002bc326ea000 ConcurrentGCThread "G1 Conc#0" [stack: 0x000000c1ec000000,0x000000c1ec100000] [id=12512]
  0x000002bc509f2800 ConcurrentGCThread "G1 Conc#1" [stack: 0x000000c1ee400000,0x000000c1ee500000] [id=14508]
  0x000002bc4e950800 ConcurrentGCThread "G1 Refine#0" [stack: 0x000000c1ec100000,0x000000c1ec200000] [id=14916]
  0x000002bc516b1000 ConcurrentGCThread "G1 Refine#1" [stack: 0x000000c1ee000000,0x000000c1ee100000] [id=10252]
  0x000002bc4e951000 ConcurrentGCThread "G1 Young RemSet Sampling" [stack: 0x000000c1ec200000,0x000000c1ec300000] [id=7852]

Threads with active compile tasks:
C2 CompilerThread0  19226 16255   !   4       java.net.URL::<init> (543 bytes)
C2 CompilerThread1  19226 16263       4       sun.net.util.URLUtil::urlNoFragString (114 bytes)

VM state:not at safepoint (normal execution)

VM Mutex/Monitor currently owned by a thread: None

Heap address: 0x0000000080000000, size: 2048 MB, Compressed Oops mode: 32-bit
Narrow klass base: 0x0000000000000000, Narrow klass shift: 3
Compressed class space size: 1073741824 Address: 0x0000000100000000

Heap:
 garbage-first heap   total 225280K, used 159316K [0x0000000080000000, 0x0000000100000000)
  region size 1024K, 13 young (13312K), 2 survivors (2048K)
 Metaspace       used 122257K, capacity 125469K, committed 127352K, reserved 1159168K
  class space    used 15782K, capacity 17047K, committed 17784K, reserved 1048576K
Heap Regions: E=young(eden), S=young(survivor), O=old, HS=humongous(starts), HC=humongous(continues), CS=collection set, F=free, A=archive, TAMS=top-at-mark-start (previous, next)
|   0|0x0000000080000000, 0x0000000080100000, 0x0000000080100000|100%| O|  |TAMS 0x0000000080100000, 0x0000000080000000| Untracked 
|   1|0x0000000080100000, 0x0000000080200000, 0x0000000080200000|100%| O|  |TAMS 0x0000000080200000, 0x0000000080100000| Untracked 
|   2|0x0000000080200000, 0x0000000080300000, 0x0000000080300000|100%| O|  |TAMS 0x0000000080300000, 0x0000000080200000| Untracked 
|   3|0x0000000080300000, 0x0000000080400000, 0x0000000080400000|100%|HS|  |TAMS 0x0000000080400000, 0x0000000080300000| Complete 
|   4|0x0000000080400000, 0x0000000080500000, 0x0000000080500000|100%|HC|  |TAMS 0x0000000080500000, 0x0000000080400000| Complete 
|   5|0x0000000080500000, 0x0000000080600000, 0x0000000080600000|100%|HC|  |TAMS 0x0000000080600000, 0x0000000080500000| Complete 
|   6|0x0000000080600000, 0x0000000080700000, 0x0000000080700000|100%| O|  |TAMS 0x0000000080700000, 0x0000000080600000| Untracked 
|   7|0x0000000080700000, 0x0000000080800000, 0x0000000080800000|100%| O|  |TAMS 0x0000000080800000, 0x0000000080700000| Untracked 
|   8|0x0000000080800000, 0x0000000080900000, 0x0000000080900000|100%| O|  |TAMS 0x0000000080900000, 0x0000000080800000| Untracked 
|   9|0x0000000080900000, 0x0000000080a00000, 0x0000000080a00000|100%| O|  |TAMS 0x0000000080a00000, 0x0000000080900000| Untracked 
|  10|0x0000000080a00000, 0x0000000080b00000, 0x0000000080b00000|100%| O|  |TAMS 0x0000000080b00000, 0x0000000080a00000| Untracked 
|  11|0x0000000080b00000, 0x0000000080c00000, 0x0000000080c00000|100%| O|  |TAMS 0x0000000080c00000, 0x0000000080b00000| Untracked 
|  12|0x0000000080c00000, 0x0000000080d00000, 0x0000000080d00000|100%| O|  |TAMS 0x0000000080d00000, 0x0000000080c00000| Untracked 
|  13|0x0000000080d00000, 0x0000000080e00000, 0x0000000080e00000|100%| O|  |TAMS 0x0000000080e00000, 0x0000000080d00000| Untracked 
|  14|0x0000000080e00000, 0x0000000080f00000, 0x0000000080f00000|100%| O|  |TAMS 0x0000000080f00000, 0x0000000080e00000| Untracked 
|  15|0x0000000080f00000, 0x0000000081000000, 0x0000000081000000|100%| O|  |TAMS 0x0000000081000000, 0x0000000080f00000| Untracked 
|  16|0x0000000081000000, 0x0000000081100000, 0x0000000081100000|100%|HS|  |TAMS 0x0000000081100000, 0x0000000081000000| Complete 
|  17|0x0000000081100000, 0x0000000081200000, 0x0000000081200000|100%| O|  |TAMS 0x0000000081200000, 0x0000000081100000| Untracked 
|  18|0x0000000081200000, 0x0000000081300000, 0x0000000081300000|100%| O|  |TAMS 0x0000000081300000, 0x0000000081200000| Untracked 
|  19|0x0000000081300000, 0x0000000081400000, 0x0000000081400000|100%| O|  |TAMS 0x0000000081400000, 0x0000000081300000| Untracked 
|  20|0x0000000081400000, 0x0000000081500000, 0x0000000081500000|100%| O|  |TAMS 0x0000000081500000, 0x0000000081400000| Untracked 
|  21|0x0000000081500000, 0x0000000081600000, 0x0000000081600000|100%| O|  |TAMS 0x0000000081600000, 0x0000000081500000| Untracked 
|  22|0x0000000081600000, 0x0000000081700000, 0x0000000081700000|100%| O|  |TAMS 0x0000000081700000, 0x0000000081600000| Complete 
|  23|0x0000000081700000, 0x0000000081800000, 0x0000000081800000|100%|HS|  |TAMS 0x0000000081800000, 0x0000000081700000| Complete 
|  24|0x0000000081800000, 0x0000000081900000, 0x0000000081900000|100%|HS|  |TAMS 0x0000000081900000, 0x0000000081800000| Complete 
|  25|0x0000000081900000, 0x0000000081a00000, 0x0000000081a00000|100%|HS|  |TAMS 0x0000000081a00000, 0x0000000081900000| Complete 
|  26|0x0000000081a00000, 0x0000000081b00000, 0x0000000081b00000|100%|HC|  |TAMS 0x0000000081b00000, 0x0000000081a00000| Complete 
|  27|0x0000000081b00000, 0x0000000081c00000, 0x0000000081c00000|100%|HC|  |TAMS 0x0000000081c00000, 0x0000000081b00000| Complete 
|  28|0x0000000081c00000, 0x0000000081d00000, 0x0000000081d00000|100%|HS|  |TAMS 0x0000000081d00000, 0x0000000081c00000| Complete 
|  29|0x0000000081d00000, 0x0000000081e00000, 0x0000000081e00000|100%|HC|  |TAMS 0x0000000081e00000, 0x0000000081d00000| Complete 
|  30|0x0000000081e00000, 0x0000000081f00000, 0x0000000081f00000|100%| O|  |TAMS 0x0000000081f00000, 0x0000000081e00000| Untracked 
|  31|0x0000000081f00000, 0x0000000082000000, 0x0000000082000000|100%| O|  |TAMS 0x0000000082000000, 0x0000000081f00000| Untracked 
|  32|0x0000000082000000, 0x0000000082100000, 0x0000000082100000|100%| O|  |TAMS 0x0000000082100000, 0x0000000082000000| Untracked 
|  33|0x0000000082100000, 0x0000000082200000, 0x0000000082200000|100%| O|  |TAMS 0x0000000082200000, 0x0000000082100000| Untracked 
|  34|0x0000000082200000, 0x0000000082300000, 0x0000000082300000|100%| O|  |TAMS 0x0000000082300000, 0x0000000082200000| Untracked 
|  35|0x0000000082300000, 0x0000000082400000, 0x0000000082400000|100%| O|  |TAMS 0x0000000082400000, 0x0000000082300000| Untracked 
|  36|0x0000000082400000, 0x0000000082500000, 0x0000000082500000|100%| O|  |TAMS 0x0000000082500000, 0x0000000082400000| Complete 
|  37|0x0000000082500000, 0x0000000082600000, 0x0000000082600000|100%| O|  |TAMS 0x0000000082600000, 0x0000000082500000| Untracked 
|  38|0x0000000082600000, 0x0000000082700000, 0x0000000082700000|100%| O|  |TAMS 0x0000000082700000, 0x0000000082600000| Untracked 
|  39|0x0000000082700000, 0x0000000082800000, 0x0000000082800000|100%| O|  |TAMS 0x0000000082800000, 0x0000000082700000| Complete 
|  40|0x0000000082800000, 0x0000000082900000, 0x0000000082900000|100%| O|  |TAMS 0x0000000082900000, 0x0000000082800000| Untracked 
|  41|0x0000000082900000, 0x0000000082a00000, 0x0000000082a00000|100%| O|  |TAMS 0x0000000082a00000, 0x0000000082900000| Untracked 
|  42|0x0000000082a00000, 0x0000000082b00000, 0x0000000082b00000|100%| O|  |TAMS 0x0000000082b00000, 0x0000000082a00000| Complete 
|  43|0x0000000082b00000, 0x0000000082c00000, 0x0000000082c00000|100%| O|  |TAMS 0x0000000082c00000, 0x0000000082b00000| Untracked 
|  44|0x0000000082c00000, 0x0000000082d00000, 0x0000000082d00000|100%| O|  |TAMS 0x0000000082d00000, 0x0000000082c00000| Untracked 
|  45|0x0000000082d00000, 0x0000000082e00000, 0x0000000082e00000|100%| O|  |TAMS 0x0000000082e00000, 0x0000000082d00000| Untracked 
|  46|0x0000000082e00000, 0x0000000082f00000, 0x0000000082f00000|100%| O|  |TAMS 0x0000000082f00000, 0x0000000082e00000| Untracked 
|  47|0x0000000082f00000, 0x0000000083000000, 0x0000000083000000|100%| O|  |TAMS 0x0000000083000000, 0x0000000082f00000| Untracked 
|  48|0x0000000083000000, 0x0000000083100000, 0x0000000083100000|100%| O|  |TAMS 0x0000000083100000, 0x0000000083000000| Complete 
|  49|0x0000000083100000, 0x0000000083200000, 0x0000000083200000|100%| O|  |TAMS 0x0000000083200000, 0x0000000083100000| Untracked 
|  50|0x0000000083200000, 0x0000000083300000, 0x0000000083300000|100%| O|  |TAMS 0x0000000083300000, 0x0000000083200000| Untracked 
|  51|0x0000000083300000, 0x0000000083400000, 0x0000000083400000|100%| O|  |TAMS 0x0000000083400000, 0x0000000083300000| Complete 
|  52|0x0000000083400000, 0x0000000083500000, 0x0000000083500000|100%| O|  |TAMS 0x0000000083500000, 0x0000000083400000| Untracked 
|  53|0x0000000083500000, 0x0000000083600000, 0x0000000083600000|100%| O|  |TAMS 0x0000000083600000, 0x0000000083500000| Untracked 
|  54|0x0000000083600000, 0x0000000083700000, 0x0000000083700000|100%| O|  |TAMS 0x0000000083700000, 0x0000000083600000| Untracked 
|  55|0x0000000083700000, 0x0000000083800000, 0x0000000083800000|100%| O|  |TAMS 0x0000000083800000, 0x0000000083700000| Untracked 
|  56|0x0000000083800000, 0x0000000083900000, 0x0000000083900000|100%| O|  |TAMS 0x0000000083900000, 0x0000000083800000| Untracked 
|  57|0x0000000083900000, 0x0000000083a00000, 0x0000000083a00000|100%| O|  |TAMS 0x0000000083a00000, 0x0000000083900000| Untracked 
|  58|0x0000000083a00000, 0x0000000083b00000, 0x0000000083b00000|100%| O|  |TAMS 0x0000000083b00000, 0x0000000083a00000| Untracked 
|  59|0x0000000083b00000, 0x0000000083c00000, 0x0000000083c00000|100%| O|  |TAMS 0x0000000083c00000, 0x0000000083b00000| Complete 
|  60|0x0000000083c00000, 0x0000000083d00000, 0x0000000083d00000|100%| O|  |TAMS 0x0000000083d00000, 0x0000000083c00000| Untracked 
|  61|0x0000000083d00000, 0x0000000083e00000, 0x0000000083e00000|100%| O|  |TAMS 0x0000000083e00000, 0x0000000083d00000| Untracked 
|  62|0x0000000083e00000, 0x0000000083f00000, 0x0000000083f00000|100%| O|  |TAMS 0x0000000083f00000, 0x0000000083e00000| Untracked 
|  63|0x0000000083f00000, 0x0000000084000000, 0x0000000084000000|100%| O|  |TAMS 0x0000000084000000, 0x0000000083f00000| Untracked 
|  64|0x0000000084000000, 0x0000000084100000, 0x0000000084100000|100%| O|  |TAMS 0x0000000084100000, 0x0000000084000000| Untracked 
|  65|0x0000000084100000, 0x0000000084200000, 0x0000000084200000|100%| O|  |TAMS 0x0000000084200000, 0x0000000084100000| Complete 
|  66|0x0000000084200000, 0x0000000084300000, 0x0000000084300000|100%| O|  |TAMS 0x0000000084300000, 0x0000000084200000| Untracked 
|  67|0x0000000084300000, 0x0000000084400000, 0x0000000084400000|100%| O|  |TAMS 0x0000000084400000, 0x0000000084300000| Untracked 
|  68|0x0000000084400000, 0x0000000084500000, 0x0000000084500000|100%| O|  |TAMS 0x0000000084500000, 0x0000000084400000| Untracked 
|  69|0x0000000084500000, 0x0000000084600000, 0x0000000084600000|100%| O|  |TAMS 0x0000000084600000, 0x0000000084500000| Untracked 
|  70|0x0000000084600000, 0x0000000084700000, 0x0000000084700000|100%| O|  |TAMS 0x0000000084700000, 0x0000000084600000| Untracked 
|  71|0x0000000084700000, 0x0000000084800000, 0x0000000084800000|100%| O|  |TAMS 0x0000000084800000, 0x0000000084700000| Untracked 
|  72|0x0000000084800000, 0x0000000084900000, 0x0000000084900000|100%| O|  |TAMS 0x0000000084900000, 0x0000000084800000| Complete 
|  73|0x0000000084900000, 0x0000000084a00000, 0x0000000084a00000|100%| O|  |TAMS 0x0000000084a00000, 0x0000000084900000| Untracked 
|  74|0x0000000084a00000, 0x0000000084b00000, 0x0000000084b00000|100%| O|  |TAMS 0x0000000084b00000, 0x0000000084a00000| Complete 
|  75|0x0000000084b00000, 0x0000000084c00000, 0x0000000084c00000|100%| O|  |TAMS 0x0000000084c00000, 0x0000000084b00000| Complete 
|  76|0x0000000084c00000, 0x0000000084d00000, 0x0000000084d00000|100%| O|  |TAMS 0x0000000084d00000, 0x0000000084c00000| Untracked 
|  77|0x0000000084d00000, 0x0000000084e00000, 0x0000000084e00000|100%| O|  |TAMS 0x0000000084e00000, 0x0000000084d00000| Untracked 
|  78|0x0000000084e00000, 0x0000000084f00000, 0x0000000084f00000|100%| O|  |TAMS 0x0000000084f00000, 0x0000000084e00000| Untracked 
|  79|0x0000000084f00000, 0x0000000085000000, 0x0000000085000000|100%| O|  |TAMS 0x0000000085000000, 0x0000000084f00000| Untracked 
|  80|0x0000000085000000, 0x0000000085100000, 0x0000000085100000|100%| O|  |TAMS 0x0000000085100000, 0x0000000085000000| Complete 
|  81|0x0000000085100000, 0x0000000085200000, 0x0000000085200000|100%| O|  |TAMS 0x0000000085200000, 0x0000000085100000| Untracked 
|  82|0x0000000085200000, 0x0000000085300000, 0x0000000085300000|100%| O|  |TAMS 0x0000000085300000, 0x0000000085200000| Untracked 
|  83|0x0000000085300000, 0x0000000085400000, 0x0000000085400000|100%| O|  |TAMS 0x0000000085400000, 0x0000000085300000| Untracked 
|  84|0x0000000085400000, 0x0000000085500000, 0x0000000085500000|100%| O|  |TAMS 0x0000000085500000, 0x0000000085400000| Complete 
|  85|0x0000000085500000, 0x0000000085600000, 0x0000000085600000|100%| O|  |TAMS 0x0000000085600000, 0x0000000085500000| Complete 
|  86|0x0000000085600000, 0x0000000085700000, 0x0000000085700000|100%| O|  |TAMS 0x0000000085700000, 0x0000000085600000| Untracked 
|  87|0x0000000085700000, 0x0000000085800000, 0x0000000085800000|100%| O|  |TAMS 0x0000000085800000, 0x0000000085700000| Untracked 
|  88|0x0000000085800000, 0x0000000085900000, 0x0000000085900000|100%| O|  |TAMS 0x0000000085900000, 0x0000000085800000| Complete 
|  89|0x0000000085900000, 0x0000000085a00000, 0x0000000085a00000|100%| O|  |TAMS 0x0000000085a00000, 0x0000000085900000| Untracked 
|  90|0x0000000085a00000, 0x0000000085b00000, 0x0000000085b00000|100%| O|  |TAMS 0x0000000085b00000, 0x0000000085a00000| Untracked 
|  91|0x0000000085b00000, 0x0000000085c00000, 0x0000000085c00000|100%| O|  |TAMS 0x0000000085c00000, 0x0000000085b00000| Untracked 
|  92|0x0000000085c00000, 0x0000000085d00000, 0x0000000085d00000|100%| O|  |TAMS 0x0000000085d00000, 0x0000000085c00000| Untracked 
|  93|0x0000000085d00000, 0x0000000085e00000, 0x0000000085e00000|100%| O|  |TAMS 0x0000000085e00000, 0x0000000085d00000| Complete 
|  94|0x0000000085e00000, 0x0000000085f00000, 0x0000000085f00000|100%| O|  |TAMS 0x0000000085f00000, 0x0000000085e00000| Untracked 
|  95|0x0000000085f00000, 0x0000000086000000, 0x0000000086000000|100%| O|  |TAMS 0x0000000086000000, 0x0000000085f00000| Untracked 
|  96|0x0000000086000000, 0x0000000086100000, 0x0000000086100000|100%| O|  |TAMS 0x0000000086100000, 0x0000000086000000| Complete 
|  97|0x0000000086100000, 0x0000000086200000, 0x0000000086200000|100%| O|  |TAMS 0x0000000086200000, 0x0000000086100000| Complete 
|  98|0x0000000086200000, 0x0000000086300000, 0x0000000086300000|100%| O|  |TAMS 0x0000000086300000, 0x0000000086200000| Complete 
|  99|0x0000000086300000, 0x0000000086400000, 0x0000000086400000|100%|HS|  |TAMS 0x0000000086300000, 0x0000000086300000| Complete 
| 100|0x0000000086400000, 0x0000000086500000, 0x0000000086500000|100%| O|  |TAMS 0x0000000086500000, 0x0000000086400000| Complete 
| 101|0x0000000086500000, 0x0000000086600000, 0x0000000086600000|100%| O|  |TAMS 0x0000000086600000, 0x0000000086500000| Complete 
| 102|0x0000000086600000, 0x0000000086700000, 0x0000000086700000|100%| O|  |TAMS 0x0000000086700000, 0x0000000086600000| Complete 
| 103|0x0000000086700000, 0x0000000086800000, 0x0000000086800000|100%|HS|  |TAMS 0x0000000086700000, 0x0000000086700000| Complete 
| 104|0x0000000086800000, 0x0000000086900000, 0x0000000086900000|100%|HC|  |TAMS 0x0000000086800000, 0x0000000086800000| Complete 
| 105|0x0000000086900000, 0x0000000086a00000, 0x0000000086a00000|100%| O|  |TAMS 0x0000000086a00000, 0x0000000086900000| Complete 
| 106|0x0000000086a00000, 0x0000000086b00000, 0x0000000086b00000|100%| O|  |TAMS 0x0000000086b00000, 0x0000000086a00000| Complete 
| 107|0x0000000086b00000, 0x0000000086c00000, 0x0000000086c00000|100%| O|  |TAMS 0x0000000086c00000, 0x0000000086b00000| Complete 
| 108|0x0000000086c00000, 0x0000000086d00000, 0x0000000086d00000|100%| O|  |TAMS 0x0000000086d00000, 0x0000000086c00000| Complete 
| 109|0x0000000086d00000, 0x0000000086e00000, 0x0000000086e00000|100%| O|  |TAMS 0x0000000086e00000, 0x0000000086d00000| Complete 
| 110|0x0000000086e00000, 0x0000000086f00000, 0x0000000086f00000|100%| O|  |TAMS 0x0000000086f00000, 0x0000000086e00000| Complete 
| 111|0x0000000086f00000, 0x0000000087000000, 0x0000000087000000|100%| O|  |TAMS 0x0000000087000000, 0x0000000086f00000| Complete 
| 112|0x0000000087000000, 0x0000000087100000, 0x0000000087100000|100%| O|  |TAMS 0x0000000087100000, 0x0000000087000000| Complete 
| 113|0x0000000087100000, 0x0000000087200000, 0x0000000087200000|100%| O|  |TAMS 0x0000000087200000, 0x0000000087100000| Complete 
| 114|0x0000000087200000, 0x0000000087300000, 0x0000000087300000|100%| O|  |TAMS 0x0000000087300000, 0x0000000087200000| Complete 
| 115|0x0000000087300000, 0x0000000087400000, 0x0000000087400000|100%| O|  |TAMS 0x0000000087400000, 0x0000000087300000| Complete 
| 116|0x0000000087400000, 0x0000000087500000, 0x0000000087500000|100%| O|  |TAMS 0x0000000087500000, 0x0000000087400000| Complete 
| 117|0x0000000087500000, 0x0000000087600000, 0x0000000087600000|100%| O|  |TAMS 0x0000000087600000, 0x0000000087500000| Complete 
| 118|0x0000000087600000, 0x0000000087700000, 0x0000000087700000|100%| O|  |TAMS 0x0000000087700000, 0x0000000087600000| Untracked 
| 119|0x0000000087700000, 0x000000008775a200, 0x0000000087800000| 35%| O|  |TAMS 0x000000008775a200, 0x0000000087700000| Untracked 
| 120|0x0000000087800000, 0x0000000087900000, 0x0000000087900000|100%|HS|  |TAMS 0x0000000087800000, 0x0000000087800000| Complete 
| 121|0x0000000087900000, 0x0000000087a00000, 0x0000000087a00000|100%|HC|  |TAMS 0x0000000087900000, 0x0000000087900000| Complete 
| 122|0x0000000087a00000, 0x0000000087b00000, 0x0000000087b00000|100%|HC|  |TAMS 0x0000000087a00000, 0x0000000087a00000| Complete 
| 123|0x0000000087b00000, 0x0000000087c00000, 0x0000000087c00000|100%|HC|  |TAMS 0x0000000087b00000, 0x0000000087b00000| Complete 
| 124|0x0000000087c00000, 0x0000000087d00000, 0x0000000087d00000|100%|HC|  |TAMS 0x0000000087c00000, 0x0000000087c00000| Complete 
| 125|0x0000000087d00000, 0x0000000087e00000, 0x0000000087e00000|100%|HC|  |TAMS 0x0000000087d00000, 0x0000000087d00000| Complete 
| 126|0x0000000087e00000, 0x0000000087f00000, 0x0000000087f00000|100%|HC|  |TAMS 0x0000000087e00000, 0x0000000087e00000| Complete 
| 127|0x0000000087f00000, 0x0000000088000000, 0x0000000088000000|100%|HC|  |TAMS 0x0000000087f00000, 0x0000000087f00000| Complete 
| 128|0x0000000088000000, 0x0000000088100000, 0x0000000088100000|100%|HC|  |TAMS 0x0000000088000000, 0x0000000088000000| Complete 
| 129|0x0000000088100000, 0x0000000088200000, 0x0000000088200000|100%|HS|  |TAMS 0x0000000088100000, 0x0000000088100000| Complete 
| 130|0x0000000088200000, 0x0000000088300000, 0x0000000088300000|100%|HC|  |TAMS 0x0000000088200000, 0x0000000088200000| Complete 
| 131|0x0000000088300000, 0x0000000088400000, 0x0000000088400000|100%|HC|  |TAMS 0x0000000088300000, 0x0000000088300000| Complete 
| 132|0x0000000088400000, 0x0000000088500000, 0x0000000088500000|100%|HC|  |TAMS 0x0000000088400000, 0x0000000088400000| Complete 
| 133|0x0000000088500000, 0x0000000088600000, 0x0000000088600000|100%|HC|  |TAMS 0x0000000088500000, 0x0000000088500000| Complete 
| 134|0x0000000088600000, 0x0000000088700000, 0x0000000088700000|100%|HC|  |TAMS 0x0000000088600000, 0x0000000088600000| Complete 
| 135|0x0000000088700000, 0x0000000088800000, 0x0000000088800000|100%|HC|  |TAMS 0x0000000088700000, 0x0000000088700000| Complete 
| 136|0x0000000088800000, 0x0000000088900000, 0x0000000088900000|100%|HC|  |TAMS 0x0000000088800000, 0x0000000088800000| Complete 
| 137|0x0000000088900000, 0x0000000088a00000, 0x0000000088a00000|100%|HC|  |TAMS 0x0000000088900000, 0x0000000088900000| Complete 
| 138|0x0000000088a00000, 0x0000000088b00000, 0x0000000088b00000|100%|HS|  |TAMS 0x0000000088a00000, 0x0000000088a00000| Complete 
| 139|0x0000000088b00000, 0x0000000088c00000, 0x0000000088c00000|100%|HC|  |TAMS 0x0000000088b00000, 0x0000000088b00000| Complete 
| 140|0x0000000088c00000, 0x0000000088d00000, 0x0000000088d00000|100%|HS|  |TAMS 0x0000000088c00000, 0x0000000088c00000| Complete 
| 141|0x0000000088d00000, 0x0000000088e00000, 0x0000000088e00000|100%|HC|  |TAMS 0x0000000088d00000, 0x0000000088d00000| Complete 
| 142|0x0000000088e00000, 0x0000000088f00000, 0x0000000088f00000|100%|HS|  |TAMS 0x0000000088e00000, 0x0000000088e00000| Complete 
| 143|0x0000000088f00000, 0x0000000089000000, 0x0000000089000000|100%|HC|  |TAMS 0x0000000088f00000, 0x0000000088f00000| Complete 
| 144|0x0000000089000000, 0x0000000089100000, 0x0000000089100000|100%|HS|  |TAMS 0x0000000089000000, 0x0000000089000000| Complete 
| 145|0x0000000089100000, 0x0000000089200000, 0x0000000089200000|100%|HC|  |TAMS 0x0000000089100000, 0x0000000089100000| Complete 
| 146|0x0000000089200000, 0x0000000089200000, 0x0000000089300000|  0%| F|  |TAMS 0x0000000089200000, 0x0000000089200000| Untracked 
| 147|0x0000000089300000, 0x0000000089300000, 0x0000000089400000|  0%| F|  |TAMS 0x0000000089300000, 0x0000000089300000| Untracked 
| 148|0x0000000089400000, 0x0000000089400000, 0x0000000089500000|  0%| F|  |TAMS 0x0000000089400000, 0x0000000089400000| Untracked 
| 149|0x0000000089500000, 0x0000000089500000, 0x0000000089600000|  0%| F|  |TAMS 0x0000000089500000, 0x0000000089500000| Untracked 
| 150|0x0000000089600000, 0x0000000089600000, 0x0000000089700000|  0%| F|  |TAMS 0x0000000089600000, 0x0000000089600000| Untracked 
| 151|0x0000000089700000, 0x0000000089700000, 0x0000000089800000|  0%| F|  |TAMS 0x0000000089700000, 0x0000000089700000| Untracked 
| 152|0x0000000089800000, 0x0000000089800000, 0x0000000089900000|  0%| F|  |TAMS 0x0000000089800000, 0x0000000089800000| Untracked 
| 153|0x0000000089900000, 0x0000000089900000, 0x0000000089a00000|  0%| F|  |TAMS 0x0000000089900000, 0x0000000089900000| Untracked 
| 154|0x0000000089a00000, 0x0000000089a00000, 0x0000000089b00000|  0%| F|  |TAMS 0x0000000089a00000, 0x0000000089a00000| Untracked 
| 155|0x0000000089b00000, 0x0000000089b00000, 0x0000000089c00000|  0%| F|  |TAMS 0x0000000089b00000, 0x0000000089b00000| Untracked 
| 156|0x0000000089c00000, 0x0000000089c00000, 0x0000000089d00000|  0%| F|  |TAMS 0x0000000089c00000, 0x0000000089c00000| Untracked 
| 157|0x0000000089d00000, 0x0000000089d00000, 0x0000000089e00000|  0%| F|  |TAMS 0x0000000089d00000, 0x0000000089d00000| Untracked 
| 158|0x0000000089e00000, 0x0000000089e00000, 0x0000000089f00000|  0%| F|  |TAMS 0x0000000089e00000, 0x0000000089e00000| Untracked 
| 159|0x0000000089f00000, 0x0000000089f00000, 0x000000008a000000|  0%| F|  |TAMS 0x0000000089f00000, 0x0000000089f00000| Untracked 
| 160|0x000000008a000000, 0x000000008a000000, 0x000000008a100000|  0%| F|  |TAMS 0x000000008a000000, 0x000000008a000000| Untracked 
| 161|0x000000008a100000, 0x000000008a100000, 0x000000008a200000|  0%| F|  |TAMS 0x000000008a100000, 0x000000008a100000| Untracked 
| 162|0x000000008a200000, 0x000000008a200000, 0x000000008a300000|  0%| F|  |TAMS 0x000000008a200000, 0x000000008a200000| Untracked 
| 163|0x000000008a300000, 0x000000008a300000, 0x000000008a400000|  0%| F|  |TAMS 0x000000008a300000, 0x000000008a300000| Untracked 
| 164|0x000000008a400000, 0x000000008a400000, 0x000000008a500000|  0%| F|  |TAMS 0x000000008a400000, 0x000000008a400000| Untracked 
| 165|0x000000008a500000, 0x000000008a500000, 0x000000008a600000|  0%| F|  |TAMS 0x000000008a500000, 0x000000008a500000| Untracked 
| 166|0x000000008a600000, 0x000000008a600000, 0x000000008a700000|  0%| F|  |TAMS 0x000000008a600000, 0x000000008a600000| Untracked 
| 167|0x000000008a700000, 0x000000008a700000, 0x000000008a800000|  0%| F|  |TAMS 0x000000008a700000, 0x000000008a700000| Untracked 
| 168|0x000000008a800000, 0x000000008a800000, 0x000000008a900000|  0%| F|  |TAMS 0x000000008a800000, 0x000000008a800000| Untracked 
| 169|0x000000008a900000, 0x000000008a900000, 0x000000008aa00000|  0%| F|  |TAMS 0x000000008a900000, 0x000000008a900000| Untracked 
| 170|0x000000008aa00000, 0x000000008aa00000, 0x000000008ab00000|  0%| F|  |TAMS 0x000000008aa00000, 0x000000008aa00000| Untracked 
| 171|0x000000008ab00000, 0x000000008ab00000, 0x000000008ac00000|  0%| F|  |TAMS 0x000000008ab00000, 0x000000008ab00000| Untracked 
| 172|0x000000008ac00000, 0x000000008ac00000, 0x000000008ad00000|  0%| F|  |TAMS 0x000000008ac00000, 0x000000008ac00000| Untracked 
| 173|0x000000008ad00000, 0x000000008ad00000, 0x000000008ae00000|  0%| F|  |TAMS 0x000000008ad00000, 0x000000008ad00000| Untracked 
| 174|0x000000008ae00000, 0x000000008ae00000, 0x000000008af00000|  0%| F|  |TAMS 0x000000008ae00000, 0x000000008ae00000| Untracked 
| 175|0x000000008af00000, 0x000000008af00000, 0x000000008b000000|  0%| F|  |TAMS 0x000000008af00000, 0x000000008af00000| Untracked 
| 176|0x000000008b000000, 0x000000008b000000, 0x000000008b100000|  0%| F|  |TAMS 0x000000008b000000, 0x000000008b000000| Untracked 
| 177|0x000000008b100000, 0x000000008b100000, 0x000000008b200000|  0%| F|  |TAMS 0x000000008b100000, 0x000000008b100000| Untracked 
| 178|0x000000008b200000, 0x000000008b200000, 0x000000008b300000|  0%| F|  |TAMS 0x000000008b200000, 0x000000008b200000| Untracked 
| 179|0x000000008b300000, 0x000000008b300000, 0x000000008b400000|  0%| F|  |TAMS 0x000000008b300000, 0x000000008b300000| Untracked 
| 180|0x000000008b400000, 0x000000008b400000, 0x000000008b500000|  0%| F|  |TAMS 0x000000008b400000, 0x000000008b400000| Untracked 
| 181|0x000000008b500000, 0x000000008b500000, 0x000000008b600000|  0%| F|  |TAMS 0x000000008b500000, 0x000000008b500000| Untracked 
| 182|0x000000008b600000, 0x000000008b600000, 0x000000008b700000|  0%| F|  |TAMS 0x000000008b600000, 0x000000008b600000| Untracked 
| 183|0x000000008b700000, 0x000000008b700000, 0x000000008b800000|  0%| F|  |TAMS 0x000000008b700000, 0x000000008b700000| Untracked 
| 184|0x000000008b800000, 0x000000008b800000, 0x000000008b900000|  0%| F|  |TAMS 0x000000008b800000, 0x000000008b800000| Untracked 
| 185|0x000000008b900000, 0x000000008b900000, 0x000000008ba00000|  0%| F|  |TAMS 0x000000008b900000, 0x000000008b900000| Untracked 
| 186|0x000000008ba00000, 0x000000008ba00000, 0x000000008bb00000|  0%| F|  |TAMS 0x000000008ba00000, 0x000000008ba00000| Untracked 
| 187|0x000000008bb00000, 0x000000008bb00000, 0x000000008bc00000|  0%| F|  |TAMS 0x000000008bb00000, 0x000000008bb00000| Untracked 
| 188|0x000000008bc00000, 0x000000008bc00000, 0x000000008bd00000|  0%| F|  |TAMS 0x000000008bc00000, 0x000000008bc00000| Untracked 
| 189|0x000000008bd00000, 0x000000008bd00000, 0x000000008be00000|  0%| F|  |TAMS 0x000000008bd00000, 0x000000008bd00000| Untracked 
| 190|0x000000008be00000, 0x000000008be00000, 0x000000008bf00000|  0%| F|  |TAMS 0x000000008be00000, 0x000000008be00000| Untracked 
| 191|0x000000008bf00000, 0x000000008bf00000, 0x000000008c000000|  0%| F|  |TAMS 0x000000008bf00000, 0x000000008bf00000| Untracked 
| 192|0x000000008c000000, 0x000000008c000000, 0x000000008c100000|  0%| F|  |TAMS 0x000000008c000000, 0x000000008c000000| Untracked 
| 193|0x000000008c100000, 0x000000008c100000, 0x000000008c200000|  0%| F|  |TAMS 0x000000008c100000, 0x000000008c100000| Untracked 
| 194|0x000000008c200000, 0x000000008c200000, 0x000000008c300000|  0%| F|  |TAMS 0x000000008c200000, 0x000000008c200000| Untracked 
| 195|0x000000008c300000, 0x000000008c300000, 0x000000008c400000|  0%| F|  |TAMS 0x000000008c300000, 0x000000008c300000| Untracked 
| 196|0x000000008c400000, 0x000000008c400000, 0x000000008c500000|  0%| F|  |TAMS 0x000000008c400000, 0x000000008c400000| Untracked 
| 197|0x000000008c500000, 0x000000008c500000, 0x000000008c600000|  0%| F|  |TAMS 0x000000008c500000, 0x000000008c500000| Untracked 
| 198|0x000000008c600000, 0x000000008c600000, 0x000000008c700000|  0%| F|  |TAMS 0x000000008c600000, 0x000000008c600000| Untracked 
| 199|0x000000008c700000, 0x000000008c700000, 0x000000008c800000|  0%| F|  |TAMS 0x000000008c700000, 0x000000008c700000| Untracked 
| 200|0x000000008c800000, 0x000000008c800000, 0x000000008c900000|  0%| F|  |TAMS 0x000000008c800000, 0x000000008c800000| Untracked 
| 201|0x000000008c900000, 0x000000008c900000, 0x000000008ca00000|  0%| F|  |TAMS 0x000000008c900000, 0x000000008c900000| Untracked 
| 202|0x000000008ca00000, 0x000000008ca00000, 0x000000008cb00000|  0%| F|  |TAMS 0x000000008ca00000, 0x000000008ca00000| Untracked 
| 203|0x000000008cb00000, 0x000000008cb00000, 0x000000008cc00000|  0%| F|  |TAMS 0x000000008cb00000, 0x000000008cb00000| Untracked 
| 204|0x000000008cc00000, 0x000000008cc00000, 0x000000008cd00000|  0%| F|  |TAMS 0x000000008cc00000, 0x000000008cc00000| Untracked 
| 205|0x000000008cd00000, 0x000000008cd00000, 0x000000008ce00000|  0%| F|  |TAMS 0x000000008cd00000, 0x000000008cd00000| Untracked 
| 206|0x000000008ce00000, 0x000000008ce00000, 0x000000008cf00000|  0%| F|  |TAMS 0x000000008ce00000, 0x000000008ce00000| Untracked 
| 207|0x000000008cf00000, 0x000000008cfb9928, 0x000000008d000000| 72%| E|  |TAMS 0x000000008cf00000, 0x000000008cf00000| Complete 
| 208|0x000000008d000000, 0x000000008d100000, 0x000000008d100000|100%| E|CS|TAMS 0x000000008d000000, 0x000000008d000000| Complete 
| 209|0x000000008d100000, 0x000000008d200000, 0x000000008d200000|100%| E|  |TAMS 0x000000008d100000, 0x000000008d100000| Complete 
| 210|0x000000008d200000, 0x000000008d300000, 0x000000008d300000|100%| E|CS|TAMS 0x000000008d200000, 0x000000008d200000| Complete 
| 211|0x000000008d300000, 0x000000008d400000, 0x000000008d400000|100%| E|CS|TAMS 0x000000008d300000, 0x000000008d300000| Complete 
| 212|0x000000008d400000, 0x000000008d500000, 0x000000008d500000|100%| E|CS|TAMS 0x000000008d400000, 0x000000008d400000| Complete 
| 213|0x000000008d500000, 0x000000008d600000, 0x000000008d600000|100%| E|CS|TAMS 0x000000008d500000, 0x000000008d500000| Complete 
| 214|0x000000008d600000, 0x000000008d700000, 0x000000008d700000|100%| E|CS|TAMS 0x000000008d600000, 0x000000008d600000| Complete 
| 215|0x000000008d700000, 0x000000008d73b0d0, 0x000000008d800000| 23%| S|CS|TAMS 0x000000008d700000, 0x000000008d700000| Complete 
| 216|0x000000008d800000, 0x000000008d900000, 0x000000008d900000|100%| S|CS|TAMS 0x000000008d800000, 0x000000008d800000| Complete 
| 217|0x000000008d900000, 0x000000008da00000, 0x000000008da00000|100%| E|CS|TAMS 0x000000008d900000, 0x000000008d900000| Complete 
| 218|0x000000008da00000, 0x000000008db00000, 0x000000008db00000|100%| E|CS|TAMS 0x000000008da00000, 0x000000008da00000| Complete 
| 219|0x000000008db00000, 0x000000008dc00000, 0x000000008dc00000|100%| E|CS|TAMS 0x000000008db00000, 0x000000008db00000| Complete 

Card table byte_map: [0x000002bc47820000,0x000002bc47c20000] _byte_map_base: 0x000002bc47420000

Marking Bits (Prev, Next): (CMBitMap*) 0x000002bc326e0630, (CMBitMap*) 0x000002bc326e05f8
 Prev Bits: [0x000002bc4a020000, 0x000002bc4c020000)
 Next Bits: [0x000002bc48020000, 0x000002bc4a020000)

Polling page: 0x000002bc32780000

Metaspace:

Usage:
  Non-class:    105.88 MB capacity,   104.00 MB ( 98%) used,     1.49 MB (  1%) free+waste,   401.19 KB ( <1%) overhead. 
      Class:     16.65 MB capacity,    15.41 MB ( 93%) used,     1.06 MB (  6%) free+waste,   179.88 KB (  1%) overhead. 
       Both:    122.53 MB capacity,   119.41 MB ( 97%) used,     2.55 MB (  2%) free+waste,   581.06 KB ( <1%) overhead. 

Virtual space:
  Non-class space:      108.00 MB reserved,     107.00 MB (>99%) committed 
      Class space:        1.00 GB reserved,      17.37 MB (  2%) committed 
             Both:        1.11 GB reserved,     124.37 MB ( 11%) committed 

Chunk freelists:
   Non-Class:  1018.00 KB
       Class:  713.00 KB
        Both:  1.69 MB

MaxMetaspaceSize: 17179869184.00 GB
CompressedClassSpaceSize: 1.00 GB
Initial GC threshold: 20.80 MB
Current GC threshold: 206.86 MB
CDS: off

CodeHeap 'non-profiled nmethods': size=120000Kb used=7364Kb max_used=7364Kb free=112635Kb
 bounds [0x000002bc3f490000, 0x000002bc3fbd0000, 0x000002bc469c0000]
CodeHeap 'profiled nmethods': size=120000Kb used=31174Kb max_used=31174Kb free=88825Kb
 bounds [0x000002bc37f60000, 0x000002bc39de0000, 0x000002bc3f490000]
CodeHeap 'non-nmethods': size=5760Kb used=2450Kb max_used=2501Kb free=3309Kb
 bounds [0x000002bc379c0000, 0x000002bc37c40000, 0x000002bc37f60000]
 total_blobs=16662 nmethods=15681 adapters=893
 compilation: enabled
              stopped_count=0, restarted_count=0
 full_count=0

Compilation events (20 events):
Event: 18.907 Thread 0x000002bc4f49c000 nmethod 16252 0x000002bc3fbbdf10 code [0x000002bc3fbbe0c0, 0x000002bc3fbbe6a8]
Event: 18.973 Thread 0x000002bc4f4a0800 16253   !   3       java.util.zip.Deflater::finished (19 bytes)
Event: 18.976 Thread 0x000002bc4f4a0800 nmethod 16253 0x000002bc39dbca10 code [0x000002bc39dbcbc0, 0x000002bc39dbce58]
Event: 19.011 Thread 0x000002bc5a0f0000 16254       4       java.util.jar.JarFile::getVersionedEntry (85 bytes)
Event: 19.028 Thread 0x000002bc4f49c000 16255   !   4       java.net.URL::<init> (543 bytes)
Event: 19.045 Thread 0x000002bc5a0f0000 nmethod 16254 0x000002bc3fbbea90 code [0x000002bc3fbbec80, 0x000002bc3fbbf638]
Event: 19.045 Thread 0x000002bc5a0f0000 16256       4       org.gradle.internal.util.Trie::find (135 bytes)
Event: 19.054 Thread 0x000002bc5a0f0000 nmethod 16256 0x000002bc3fbbf990 code [0x000002bc3fbbfb60, 0x000002bc3fbbfe08]
Event: 19.121 Thread 0x000002bc5a0f0000 16257       4       sun.nio.ch.Util$BufferCache::next (8 bytes)
Event: 19.123 Thread 0x000002bc5a0f0000 nmethod 16257 0x000002bc3fbc0190 code [0x000002bc3fbc0320, 0x000002bc3fbc0398]
Event: 19.130 Thread 0x000002bc5a0f0000 16258       4       com.google.common.collect.AbstractMapBasedMultimap$WrappedCollection::<init> (44 bytes)
Event: 19.135 Thread 0x000002bc5a0f0000 nmethod 16258 0x000002bc3fbc0490 code [0x000002bc3fbc0620, 0x000002bc3fbc0a38]
Event: 19.139 Thread 0x000002bc4f4a0800 16259       3       org.gradle.internal.snapshot.impl.DirectorySnapshotter$DefaultExcludes$StartMatcher::test (9 bytes)
Event: 19.140 Thread 0x000002bc4f4a0800 nmethod 16259 0x000002bc39dbcf10 code [0x000002bc39dbd0e0, 0x000002bc39dbd3e8]
Event: 19.154 Thread 0x000002bc4f4a0800 16260       3       java.io.FileInputStream::read (9 bytes)
Event: 19.155 Thread 0x000002bc4f4a0800 nmethod 16260 0x000002bc39dbd510 code [0x000002bc39dbd6c0, 0x000002bc39dbd808]
Event: 19.155 Thread 0x000002bc4f4a0800 16261   !   3       org.gradle.internal.hash.DefaultStreamHasher::doHash (84 bytes)
Event: 19.159 Thread 0x000002bc4f4a0800 nmethod 16261 0x000002bc39dbd910 code [0x000002bc39dbdd00, 0x000002bc39dbfba8]
Event: 19.163 Thread 0x000002bc4f4a0800 16262       1       com.google.common.cache.RemovalNotification::getCause (5 bytes)
Event: 19.163 Thread 0x000002bc4f4a0800 nmethod 16262 0x000002bc3fbc0b10 code [0x000002bc3fbc0cc0, 0x000002bc3fbc0d78]

GC Heap History (20 events):
Event: 12.860 GC heap before
{Heap before GC invocations=22 (full 0):
 garbage-first heap   total 187392K, used 108640K [0x0000000080000000, 0x0000000100000000)
  region size 1024K, 22 young (22528K), 9 survivors (9216K)
 Metaspace       used 102970K, capacity 105587K, committed 105720K, reserved 1140736K
  class space    used 13303K, capacity 14293K, committed 14328K, reserved 1048576K
}
Event: 12.896 GC heap after
{Heap after GC invocations=23 (full 0):
 garbage-first heap   total 187392K, used 97746K [0x0000000080000000, 0x0000000100000000)
  region size 1024K, 2 young (2048K), 2 survivors (2048K)
 Metaspace       used 102970K, capacity 105587K, committed 105720K, reserved 1140736K
  class space    used 13303K, capacity 14293K, committed 14328K, reserved 1048576K
}
Event: 14.392 GC heap before
{Heap before GC invocations=24 (full 0):
 garbage-first heap   total 187392K, used 146898K [0x0000000080000000, 0x0000000100000000)
  region size 1024K, 49 young (50176K), 2 survivors (2048K)
 Metaspace       used 104498K, capacity 106830K, committed 107512K, reserved 1142784K
  class space    used 13371K, capacity 14286K, committed 14584K, reserved 1048576K
}
Event: 14.400 GC heap after
{Heap after GC invocations=25 (full 0):
 garbage-first heap   total 225280K, used 103640K [0x0000000080000000, 0x0000000100000000)
  region size 1024K, 6 young (6144K), 6 survivors (6144K)
 Metaspace       used 104498K, capacity 106830K, committed 107512K, reserved 1142784K
  class space    used 13371K, capacity 14286K, committed 14584K, reserved 1048576K
}
Event: 14.858 GC heap before
{Heap before GC invocations=25 (full 0):
 garbage-first heap   total 225280K, used 171224K [0x0000000080000000, 0x0000000100000000)
  region size 1024K, 71 young (72704K), 6 survivors (6144K)
 Metaspace       used 106156K, capacity 108528K, committed 109176K, reserved 1144832K
  class space    used 13598K, capacity 14527K, committed 14712K, reserved 1048576K
}
Event: 14.866 GC heap after
{Heap after GC invocations=26 (full 0):
 garbage-first heap   total 225280K, used 107087K [0x0000000080000000, 0x0000000100000000)
  region size 1024K, 8 young (8192K), 8 survivors (8192K)
 Metaspace       used 106156K, capacity 108528K, committed 109176K, reserved 1144832K
  class space    used 13598K, capacity 14527K, committed 14712K, reserved 1048576K
}
Event: 15.425 GC heap before
{Heap before GC invocations=26 (full 0):
 garbage-first heap   total 225280K, used 173647K [0x0000000080000000, 0x0000000100000000)
  region size 1024K, 74 young (75776K), 8 survivors (8192K)
 Metaspace       used 111366K, capacity 114048K, committed 114296K, reserved 1148928K
  class space    used 14338K, capacity 15392K, committed 15480K, reserved 1048576K
}
Event: 15.440 GC heap after
{Heap after GC invocations=27 (full 0):
 garbage-first heap   total 225280K, used 118396K [0x0000000080000000, 0x0000000100000000)
  region size 1024K, 10 young (10240K), 10 survivors (10240K)
 Metaspace       used 111366K, capacity 114048K, committed 114296K, reserved 1148928K
  class space    used 14338K, capacity 15392K, committed 15480K, reserved 1048576K
}
Event: 15.693 GC heap before
{Heap before GC invocations=27 (full 0):
 garbage-first heap   total 225280K, used 176764K [0x0000000080000000, 0x0000000100000000)
  region size 1024K, 68 young (69632K), 10 survivors (10240K)
 Metaspace       used 116373K, capacity 119770K, committed 119928K, reserved 1153024K
  class space    used 15295K, capacity 16667K, committed 16760K, reserved 1048576K
}
Event: 15.721 GC heap after
{Heap after GC invocations=28 (full 0):
 garbage-first heap   total 225280K, used 121314K [0x0000000080000000, 0x0000000100000000)
  region size 1024K, 3 young (3072K), 3 survivors (3072K)
 Metaspace       used 116373K, capacity 119770K, committed 119928K, reserved 1153024K
  class space    used 15295K, capacity 16667K, committed 16760K, reserved 1048576K
}
Event: 16.326 GC heap before
{Heap before GC invocations=29 (full 0):
 garbage-first heap   total 225280K, used 161250K [0x0000000080000000, 0x0000000100000000)
  region size 1024K, 44 young (45056K), 3 survivors (3072K)
 Metaspace       used 119531K, capacity 123307K, committed 123512K, reserved 1155072K
  class space    used 15740K, capacity 17263K, committed 17272K, reserved 1048576K
}
Event: 16.334 GC heap after
{Heap after GC invocations=30 (full 0):
 garbage-first heap   total 225280K, used 123068K [0x0000000080000000, 0x0000000100000000)
  region size 1024K, 5 young (5120K), 5 survivors (5120K)
 Metaspace       used 119531K, capacity 123307K, committed 123512K, reserved 1155072K
  class space    used 15740K, capacity 17263K, committed 17272K, reserved 1048576K
}
Event: 17.232 GC heap before
{Heap before GC invocations=31 (full 0):
 garbage-first heap   total 225280K, used 157884K [0x0000000080000000, 0x0000000100000000)
  region size 1024K, 41 young (41984K), 5 survivors (5120K)
 Metaspace       used 119763K, capacity 123281K, committed 124152K, reserved 1157120K
  class space    used 15646K, capacity 17074K, committed 17400K, reserved 1048576K
}
Event: 17.248 GC heap after
{Heap after GC invocations=32 (full 0):
 garbage-first heap   total 225280K, used 123306K [0x0000000080000000, 0x0000000100000000)
  region size 1024K, 7 young (7168K), 7 survivors (7168K)
 Metaspace       used 119763K, capacity 123281K, committed 124152K, reserved 1157120K
  class space    used 15646K, capacity 17074K, committed 17400K, reserved 1048576K
}
Event: 18.462 GC heap before
{Heap before GC invocations=33 (full 0):
 garbage-first heap   total 225280K, used 184746K [0x0000000080000000, 0x0000000100000000)
  region size 1024K, 66 young (67584K), 7 survivors (7168K)
 Metaspace       used 122447K, capacity 126149K, committed 126584K, reserved 1159168K
  class space    used 16022K, capacity 17568K, committed 17784K, reserved 1048576K
}
Event: 18.471 GC heap after
{Heap after GC invocations=34 (full 0):
 garbage-first heap   total 225280K, used 122368K [0x0000000080000000, 0x0000000100000000)
  region size 1024K, 4 young (4096K), 4 survivors (4096K)
 Metaspace       used 122447K, capacity 126149K, committed 126584K, reserved 1159168K
  class space    used 16022K, capacity 17568K, committed 17784K, reserved 1048576K
}
Event: 18.578 GC heap before
{Heap before GC invocations=34 (full 0):
 garbage-first heap   total 225280K, used 128512K [0x0000000080000000, 0x0000000100000000)
  region size 1024K, 11 young (11264K), 4 survivors (4096K)
 Metaspace       used 122818K, capacity 126559K, committed 126840K, reserved 1159168K
  class space    used 16079K, capacity 17621K, committed 17784K, reserved 1048576K
}
Event: 18.586 GC heap after
{Heap after GC invocations=35 (full 0):
 garbage-first heap   total 225280K, used 122034K [0x0000000080000000, 0x0000000100000000)
  region size 1024K, 1 young (1024K), 1 survivors (1024K)
 Metaspace       used 122818K, capacity 126559K, committed 126840K, reserved 1159168K
  class space    used 16079K, capacity 17621K, committed 17784K, reserved 1048576K
}
Event: 18.609 GC heap before
{Heap before GC invocations=35 (full 0):
 garbage-first heap   total 225280K, used 123058K [0x0000000080000000, 0x0000000100000000)
  region size 1024K, 4 young (4096K), 1 survivors (1024K)
 Metaspace       used 123000K, capacity 126746K, committed 127096K, reserved 1159168K
  class space    used 16103K, capacity 17663K, committed 17784K, reserved 1048576K
}
Event: 18.612 GC heap after
{Heap after GC invocations=36 (full 0):
 garbage-first heap   total 225280K, used 122452K [0x0000000080000000, 0x0000000100000000)
  region size 1024K, 2 young (2048K), 2 survivors (2048K)
 Metaspace       used 123000K, capacity 126746K, committed 127096K, reserved 1159168K
  class space    used 16103K, capacity 17663K, committed 17784K, reserved 1048576K
}

Deoptimization events (20 events):
Event: 18.997 Thread 0x000002bc59f00800 Uncommon trap: trap_request=0xffffff4d fr.pc=0x000002bc3fbb9508 relative=0x00000000000002c8
Event: 18.997 Thread 0x000002bc59f00800 Uncommon trap: reason=unstable_if action=reinterpret pc=0x000002bc3fbb9508 method=java.nio.channels.spi.AbstractInterruptibleChannel.end(Z)V @ 34 c2
Event: 18.997 Thread 0x000002bc59f00800 DEOPT PACKING pc=0x000002bc3fbb9508 sp=0x000000c1f5efda50
Event: 18.997 Thread 0x000002bc59f00800 DEOPT UNPACKING pc=0x000002bc37a0a1af sp=0x000000c1f5efd9c0 mode 2
Event: 19.119 Thread 0x000002bc59f01000 Uncommon trap: trap_request=0xffffff4d fr.pc=0x000002bc3f9b3904 relative=0x00000000000002c4
Event: 19.119 Thread 0x000002bc59f01000 Uncommon trap: reason=unstable_if action=reinterpret pc=0x000002bc3f9b3904 method=java.nio.channels.spi.AbstractInterruptibleChannel.end(Z)V @ 34 c2
Event: 19.119 Thread 0x000002bc59f01000 DEOPT PACKING pc=0x000002bc3f9b3904 sp=0x000000c1f66fe880
Event: 19.119 Thread 0x000002bc59f01000 DEOPT UNPACKING pc=0x000002bc37a0a1af sp=0x000000c1f66fe858 mode 2
Event: 19.132 Thread 0x000002bc5066f000 Uncommon trap: trap_request=0xffffffc6 fr.pc=0x000002bc3f68ec50 relative=0x00000000000008f0
Event: 19.132 Thread 0x000002bc5066f000 Uncommon trap: reason=bimorphic_or_optimized_type_check action=maybe_recompile pc=0x000002bc3f68ec50 method=java.lang.Throwable.<init>(Ljava/lang/String;Ljava/lang/Throwable;)V @ 24 c2
Event: 19.132 Thread 0x000002bc5066f000 DEOPT PACKING pc=0x000002bc3f68ec50 sp=0x000000c1ed6f7a50
Event: 19.132 Thread 0x000002bc5066f000 DEOPT UNPACKING pc=0x000002bc37a0a1af sp=0x000000c1ed6f7a18 mode 2
Event: 19.139 Thread 0x000002bc5066f000 Uncommon trap: trap_request=0xffffffde fr.pc=0x000002bc3f94aa68 relative=0x0000000000000ec8
Event: 19.139 Thread 0x000002bc5066f000 Uncommon trap: reason=class_check action=maybe_recompile pc=0x000002bc3f94aa68 method=org.gradle.internal.snapshot.ChildMap$Entry.handleAncestorDescendantOrExactMatch(Lorg/gradle/internal/snapshot/VfsRelativePath;Lorg/gradle/internal/snapshot/CaseSensitiv
Event: 19.139 Thread 0x000002bc5066f000 DEOPT PACKING pc=0x000002bc3f94aa68 sp=0x000000c1ed6f7800
Event: 19.139 Thread 0x000002bc5066f000 DEOPT UNPACKING pc=0x000002bc37a0a1af sp=0x000000c1ed6f77e0 mode 2
Event: 19.140 Thread 0x000002bc5066f000 Uncommon trap: trap_request=0xffffffde fr.pc=0x000002bc3f94aa68 relative=0x0000000000000ec8
Event: 19.140 Thread 0x000002bc5066f000 Uncommon trap: reason=class_check action=maybe_recompile pc=0x000002bc3f94aa68 method=org.gradle.internal.snapshot.ChildMap$Entry.handleAncestorDescendantOrExactMatch(Lorg/gradle/internal/snapshot/VfsRelativePath;Lorg/gradle/internal/snapshot/CaseSensitiv
Event: 19.140 Thread 0x000002bc5066f000 DEOPT PACKING pc=0x000002bc3f94aa68 sp=0x000000c1ed6f76a0
Event: 19.140 Thread 0x000002bc5066f000 DEOPT UNPACKING pc=0x000002bc37a0a1af sp=0x000000c1ed6f7680 mode 2

Classes redefined (0 events):
No events

Internal exceptions (20 events):
Event: 17.901 Thread 0x000002bc59f04800 Exception <a 'sun/nio/fs/WindowsException'{0x000000008cb68c88}> (0x000000008cb68c88) thrown at [./src/hotspot/share/prims/jni.cpp, line 615]
Event: 17.901 Thread 0x000002bc59f03800 Exception <a 'sun/nio/fs/WindowsException'{0x000000008cae4718}> (0x000000008cae4718) thrown at [./src/hotspot/share/prims/jni.cpp, line 615]
Event: 17.901 Thread 0x000002bc59efe000 Exception <a 'sun/nio/fs/WindowsException'{0x000000008c9a9930}> (0x000000008c9a9930) thrown at [./src/hotspot/share/prims/jni.cpp, line 615]
Event: 17.901 Thread 0x000002bc59efd000 Exception <a 'sun/nio/fs/WindowsException'{0x000000008c9b3af8}> (0x000000008c9b3af8) thrown at [./src/hotspot/share/prims/jni.cpp, line 615]
Event: 17.901 Thread 0x000002bc59efa800 Exception <a 'sun/nio/fs/WindowsException'{0x000000008cb9fa20}> (0x000000008cb9fa20) thrown at [./src/hotspot/share/prims/jni.cpp, line 615]
Event: 18.063 Thread 0x000002bc59f03800 Exception <a 'sun/nio/fs/WindowsException'{0x000000008bdf59e0}> (0x000000008bdf59e0) thrown at [./src/hotspot/share/prims/jni.cpp, line 615]
Event: 18.073 Thread 0x000002bc59f04800 Exception <a 'sun/nio/fs/WindowsException'{0x000000008bcac028}> (0x000000008bcac028) thrown at [./src/hotspot/share/prims/jni.cpp, line 615]
Event: 18.076 Thread 0x000002bc59efa800 Exception <a 'sun/nio/fs/WindowsException'{0x000000008bb4ecf0}> (0x000000008bb4ecf0) thrown at [./src/hotspot/share/prims/jni.cpp, line 615]
Event: 18.082 Thread 0x000002bc59efd000 Exception <a 'sun/nio/fs/WindowsException'{0x000000008ba46d88}> (0x000000008ba46d88) thrown at [./src/hotspot/share/prims/jni.cpp, line 615]
Event: 18.233 Thread 0x000002bc59efe000 Exception <a 'sun/nio/fs/WindowsException'{0x000000008a70afc0}> (0x000000008a70afc0) thrown at [./src/hotspot/share/prims/jni.cpp, line 615]
Event: 18.345 Thread 0x000002bc5066f000 Exception <a 'java/lang/NoSuchMethodError'{0x0000000089d54d58}: <clinit>> (0x0000000089d54d58) thrown at [./src/hotspot/share/prims/jni.cpp, line 1365]
Event: 18.346 Thread 0x000002bc5066f000 Exception <a 'java/lang/NoSuchMethodError'{0x0000000089d6e180}: <clinit>> (0x0000000089d6e180) thrown at [./src/hotspot/share/prims/jni.cpp, line 1365]
Event: 18.408 Thread 0x000002bc59f00800 Exception <a 'sun/nio/fs/WindowsException'{0x0000000089a1d458}> (0x0000000089a1d458) thrown at [./src/hotspot/share/prims/jni.cpp, line 615]
Event: 18.414 Thread 0x000002bc59f00800 Implicit null exception at 0x000002bc3f91b480 to 0x000002bc3f91daa4
Event: 18.458 Thread 0x000002bc59f00800 Exception <a 'java/lang/NoSuchMethodError'{0x0000000089ad0a90}: 'java.lang.Object java.lang.invoke.DirectMethodHandle$Holder.invokeStatic(java.lang.Object, java.lang.Object, java.lang.Object, java.lang.Object, java.lang.Object, int, java.lang.Object)'> (0x0000000089ad0a90) thrown at [./src/hotspot/share/interpreter/linkResolver.cpp, line 773]
Event: 18.458 Thread 0x000002bc59f00800 Exception <a 'java/lang/NoSuchMethodError'{0x0000000089ad7b28}: 'java.lang.Object java.lang.invoke.Invokers$Holder.linkToTargetMethod(java.lang.Object, java.lang.Object, java.lang.Object, java.lang.Object, int, java.lang.Object, java.lang.Object)'> (0x0000000089ad7b28) thrown at [./src/hotspot/share/interpreter/linkResolver.cpp, line 773]
Event: 18.518 Thread 0x000002bc59f00800 Exception <a 'java/lang/NoSuchMethodError'{0x000000008d71be40}: 'java.lang.Object java.lang.invoke.DirectMethodHandle$Holder.invokeStatic(java.lang.Object, java.lang.Object, java.lang.Object, java.lang.Object, java.lang.Object, java.lang.Object, java.lang.Object, int)'> (0x000000008d71be40) thrown at [./src/hotspot/share/interpreter/linkResolver.cpp, line 773]
Event: 18.519 Thread 0x000002bc59f00800 Exception <a 'java/lang/NoSuchMethodError'{0x000000008d7208b0}: 'java.lang.Object java.lang.invoke.DirectMethodHandle$Holder.invokeSpecial(java.lang.Object, java.lang.Object, java.lang.Object, java.lang.Object, java.lang.Object, java.lang.Object, java.lang.Object, java.lang.Object, int)'> (0x000000008d7208b0) thrown at [./src/hotspot/share/interpreter/linkResolver.cpp, line 773]
Event: 18.519 Thread 0x000002bc59f00800 Exception <a 'java/lang/NoSuchMethodError'{0x000000008d724a40}: 'java.lang.Object java.lang.invoke.Invokers$Holder.linkToTargetMethod(java.lang.Object, java.lang.Object, java.lang.Object, java.lang.Object, java.lang.Object, java.lang.Object, int, java.lang.Object)'> (0x000000008d724a40) thrown at [./src/hotspot/share/interpreter/linkResolver.cpp, line 773]
Event: 19.129 Thread 0x000002bc59f00800 Exception <a 'java/lang/ClassNotFoundException'{0x000000008d684758}: sun/misc/SharedSecrets> (0x000000008d684758) thrown at [./src/hotspot/share/classfile/systemDictionary.cpp, line 231]

Events (20 events):
Event: 19.114 Executing VM operation: RevokeBias
Event: 19.116 Executing VM operation: RevokeBias done
Event: 19.116 Executing VM operation: RevokeBias
Event: 19.117 Executing VM operation: RevokeBias done
Event: 19.118 loading class com/android/apksig/internal/apk/ApkSigningBlockUtils$ChunkSupplier$Chunk
Event: 19.118 loading class com/android/apksig/internal/apk/ApkSigningBlockUtils$ChunkSupplier$Chunk done
Event: 19.126 loading class com/google/common/base/Throwables
Event: 19.126 loading class com/google/common/base/Throwables done
Event: 19.129 loading class sun/misc/SharedSecrets
Event: 19.129 loading class sun/misc/SharedSecrets done
Event: 19.133 loading class org/gradle/internal/exceptions/DefaultMultiCauseException$1
Event: 19.133 loading class org/gradle/internal/exceptions/DefaultMultiCauseException$1 done
Event: 19.163 loading class org/gradle/internal/execution/history/AfterExecutionState
Event: 19.163 loading class org/gradle/internal/execution/history/AfterExecutionState done
Event: 19.164 loading class org/gradle/internal/execution/history/PreviousExecutionState
Event: 19.164 loading class org/gradle/internal/execution/history/PreviousExecutionState done
Event: 19.164 loading class org/gradle/internal/execution/history/AfterExecutionState
Event: 19.164 loading class org/gradle/internal/execution/history/AfterExecutionState done
Event: 19.165 loading class org/gradle/internal/execution/history/changes/ChangeDetectorVisitor
Event: 19.165 loading class org/gradle/internal/execution/history/changes/ChangeDetectorVisitor done


Dynamic libraries:
0x00007ff78ac00000 - 0x00007ff78ac0a000 	C:\Program Files\Android\Android Studio\jre\bin\java.exe
0x00007ffd22cf0000 - 0x00007ffd22ee5000 	C:\Windows\SYSTEM32\ntdll.dll
0x00007ffd21500000 - 0x00007ffd215bd000 	C:\Windows\System32\KERNEL32.DLL
0x00007ffd20a70000 - 0x00007ffd20d3d000 	C:\Windows\System32\KERNELBASE.dll
0x00007ffd20690000 - 0x00007ffd20790000 	C:\Windows\System32\ucrtbase.dll
0x00007ffd0b390000 - 0x00007ffd0b3a9000 	C:\Program Files\Android\Android Studio\jre\bin\jli.dll
0x00007ffd10290000 - 0x00007ffd102a7000 	C:\Program Files\Android\Android Studio\jre\bin\VCRUNTIME140.dll
0x00007ffd21640000 - 0x00007ffd217e0000 	C:\Windows\System32\USER32.dll
0x00007ffd09dc0000 - 0x00007ffd0a05a000 	C:\Windows\WinSxS\amd64_microsoft.windows.common-controls_6595b64144ccf1df_6.0.19041.1110_none_60b5254171f9507e\COMCTL32.dll
0x00007ffd20790000 - 0x00007ffd207b2000 	C:\Windows\System32\win32u.dll
0x00007ffd22070000 - 0x00007ffd2209a000 	C:\Windows\System32\GDI32.dll
0x00007ffd221d0000 - 0x00007ffd2226e000 	C:\Windows\System32\msvcrt.dll
0x00007ffd20810000 - 0x00007ffd2091b000 	C:\Windows\System32\gdi32full.dll
0x00007ffd20920000 - 0x00007ffd209bd000 	C:\Windows\System32\msvcp_win.dll
0x00007ffd22480000 - 0x00007ffd224b0000 	C:\Windows\System32\IMM32.DLL
0x00007ffcedd40000 - 0x00007ffcedddd000 	C:\Program Files\Android\Android Studio\jre\bin\msvcp140.dll
0x00007ffccdb60000 - 0x00007ffcce645000 	C:\Program Files\Android\Android Studio\jre\bin\server\jvm.dll
0x00007ffd217e0000 - 0x00007ffd2188e000 	C:\Windows\System32\ADVAPI32.dll
0x00007ffd21460000 - 0x00007ffd214fc000 	C:\Windows\System32\sechost.dll
0x00007ffd22340000 - 0x00007ffd22465000 	C:\Windows\System32\RPCRT4.dll
0x00007ffd225e0000 - 0x00007ffd225e8000 	C:\Windows\System32\PSAPI.DLL
0x00007ffd06780000 - 0x00007ffd06789000 	C:\Windows\SYSTEM32\WSOCK32.dll
0x00007ffd09be0000 - 0x00007ffd09c07000 	C:\Windows\SYSTEM32\WINMM.dll
0x00007ffd16d20000 - 0x00007ffd16d2a000 	C:\Windows\SYSTEM32\VERSION.dll
0x00007ffd22570000 - 0x00007ffd225db000 	C:\Windows\System32\WS2_32.dll
0x00007ffd1ece0000 - 0x00007ffd1ecf2000 	C:\Windows\SYSTEM32\kernel.appcore.dll
0x00007ffd17a40000 - 0x00007ffd17a51000 	C:\Program Files\Android\Android Studio\jre\bin\verify.dll
0x00007ffd1b1b0000 - 0x00007ffd1b394000 	C:\Windows\SYSTEM32\DBGHELP.DLL
0x00007ffd04340000 - 0x00007ffd0436c000 	C:\Windows\SYSTEM32\dbgcore.DLL
0x00007ffd205d0000 - 0x00007ffd20652000 	C:\Windows\System32\bcryptPrimitives.dll
0x00007ffd10260000 - 0x00007ffd10289000 	C:\Program Files\Android\Android Studio\jre\bin\java.dll
0x00007ffd1a6e0000 - 0x00007ffd1a6eb000 	C:\Program Files\Android\Android Studio\jre\bin\jimage.dll
0x00007ffd17790000 - 0x00007ffd177a8000 	C:\Program Files\Android\Android Studio\jre\bin\zip.dll
0x00007ffd21920000 - 0x00007ffd22064000 	C:\Windows\System32\SHELL32.dll
0x00007ffd1e4b0000 - 0x00007ffd1ec44000 	C:\Windows\SYSTEM32\windows.storage.dll
0x00007ffd20f00000 - 0x00007ffd21254000 	C:\Windows\System32\combase.dll
0x00007ffd1fd90000 - 0x00007ffd1fdbc000 	C:\Windows\SYSTEM32\Wldp.dll
0x00007ffd22290000 - 0x00007ffd2233d000 	C:\Windows\System32\SHCORE.dll
0x00007ffd225f0000 - 0x00007ffd22645000 	C:\Windows\System32\shlwapi.dll
0x00007ffd20340000 - 0x00007ffd2035f000 	C:\Windows\SYSTEM32\profapi.dll
0x00007ffd17440000 - 0x00007ffd1745a000 	C:\Program Files\Android\Android Studio\jre\bin\net.dll
0x00007ffd0aec0000 - 0x00007ffd0afca000 	C:\Windows\SYSTEM32\WINHTTP.dll
0x00007ffd1faf0000 - 0x00007ffd1fb5a000 	C:\Windows\system32\mswsock.dll
0x00007ffd16e60000 - 0x00007ffd16e74000 	C:\Program Files\Android\Android Studio\jre\bin\nio.dll
0x00007ffd175e0000 - 0x00007ffd17607000 	C:\Users\usuario\.gradle\native\e1d6ef7f7dcc3fd88c89a11ec53ec762bb8ba0a96d01ffa2cd45eb1d1d8dd5c5\windows-amd64\native-platform.dll
0x00007ffccaa40000 - 0x00007ffccab84000 	C:\Users\usuario\.gradle\native\5664cfc778a61ccfe75a443a1ab52a65af34e5dc3c78e0209fed803814484fcb\windows-amd64\native-platform-file-events.dll
0x00007ffd18c30000 - 0x00007ffd18c3a000 	C:\Program Files\Android\Android Studio\jre\bin\management.dll
0x00007ffd175b0000 - 0x00007ffd175bd000 	C:\Program Files\Android\Android Studio\jre\bin\management_ext.dll
0x00007ffd1fce0000 - 0x00007ffd1fcf8000 	C:\Windows\SYSTEM32\CRYPTSP.dll
0x00007ffd1f470000 - 0x00007ffd1f4a4000 	C:\Windows\system32\rsaenh.dll
0x00007ffd20660000 - 0x00007ffd20687000 	C:\Windows\System32\bcrypt.dll
0x00007ffd202c0000 - 0x00007ffd202ee000 	C:\Windows\SYSTEM32\USERENV.dll
0x00007ffd1fd00000 - 0x00007ffd1fd0c000 	C:\Windows\SYSTEM32\CRYPTBASE.dll
0x00007ffd1f7e0000 - 0x00007ffd1f81b000 	C:\Windows\SYSTEM32\IPHLPAPI.DLL
0x00007ffd22470000 - 0x00007ffd22478000 	C:\Windows\System32\NSI.dll
0x00007ffd14520000 - 0x00007ffd14537000 	C:\Windows\SYSTEM32\dhcpcsvc6.DLL
0x00007ffd14c60000 - 0x00007ffd14c7d000 	C:\Windows\SYSTEM32\dhcpcsvc.DLL
0x00007ffd1f820000 - 0x00007ffd1f8eb000 	C:\Windows\SYSTEM32\DNSAPI.dll
0x00007ffd0ac70000 - 0x00007ffd0ac97000 	C:\Program Files\Android\Android Studio\jre\bin\sunec.dll

dbghelp: loaded successfully - version: 4.0.5 - missing functions: none
symbol engine: initialized successfully - sym options: 0x614 - pdb path: .;C:\Program Files\Android\Android Studio\jre\bin;C:\Windows\SYSTEM32;C:\Windows\WinSxS\amd64_microsoft.windows.common-controls_6595b64144ccf1df_6.0.19041.1110_none_60b5254171f9507e;C:\Program Files\Android\Android Studio\jre\bin\server;C:\Users\usuario\.gradle\native\e1d6ef7f7dcc3fd88c89a11ec53ec762bb8ba0a96d01ffa2cd45eb1d1d8dd5c5\windows-amd64;C:\Users\usuario\.gradle\native\5664cfc778a61ccfe75a443a1ab52a65af34e5dc3c78e0209fed803814484fcb\windows-amd64

VM Arguments:
jvm_args: --add-opens=java.base/java.util=ALL-UNNAMED --add-opens=java.base/java.lang=ALL-UNNAMED --add-opens=java.base/java.lang.invoke=ALL-UNNAMED --add-opens=java.base/java.util=ALL-UNNAMED --add-opens=java.prefs/java.util.prefs=ALL-UNNAMED --add-opens=java.prefs/java.util.prefs=ALL-UNNAMED --add-opens=java.base/java.nio.charset=ALL-UNNAMED --add-opens=java.base/java.net=ALL-UNNAMED --add-opens=java.base/java.util.concurrent.atomic=ALL-UNNAMED -Xmx2048m -Dfile.encoding=UTF-8 -Duser.country=BR -Duser.language=pt -Duser.variant 
java_command: org.gradle.launcher.daemon.bootstrap.GradleDaemon 7.3.3
java_class_path (initial): C:\Users\usuario\.gradle\wrapper\dists\gradle-7.3.3-bin\6a41zxkdtcxs8rphpq6y0069z\gradle-7.3.3\lib\gradle-launcher-7.3.3.jar
Launcher Type: SUN_STANDARD

[Global flags]
     intx CICompilerCount                          = 4                                         {product} {ergonomic}
     uint ConcGCThreads                            = 2                                         {product} {ergonomic}
     uint G1ConcRefinementThreads                  = 8                                         {product} {ergonomic}
   size_t G1HeapRegionSize                         = 1048576                                   {product} {ergonomic}
    uintx GCDrainStackTargetSize                   = 64                                        {product} {ergonomic}
   size_t InitialHeapSize                          = 132120576                                 {product} {ergonomic}
   size_t MarkStackSize                            = 4194304                                   {product} {ergonomic}
   size_t MaxHeapSize                              = 2147483648                                {product} {command line}
   size_t MaxNewSize                               = 1287651328                                {product} {ergonomic}
   size_t MinHeapDeltaBytes                        = 1048576                                   {product} {ergonomic}
    uintx NonNMethodCodeHeapSize                   = 5836300                                {pd product} {ergonomic}
    uintx NonProfiledCodeHeapSize                  = 122910970                              {pd product} {ergonomic}
    uintx ProfiledCodeHeapSize                     = 122910970                              {pd product} {ergonomic}
    uintx ReservedCodeCacheSize                    = 251658240                              {pd product} {ergonomic}
     bool SegmentedCodeCache                       = true                                      {product} {ergonomic}
     bool UseCompressedClassPointers               = true                                 {lp64_product} {ergonomic}
     bool UseCompressedOops                        = true                                 {lp64_product} {ergonomic}
     bool UseG1GC                                  = true                                      {product} {ergonomic}
     bool UseLargePagesIndividualAllocation        = false                                  {pd product} {ergonomic}

Logging:
Log output configuration:
 #0: stdout all=warning uptime,level,tags
 #1: stderr all=off uptime,level,tags

Environment Variables:
PATH=C:\Program Files\Common Files\Oracle\Java\javapath;C:\Windows\system32;C:\Windows;C:\Windows\System32\Wbem;C:\Windows\System32\WindowsPowerShell\v1.0\;C:\Windows\System32\OpenSSH\;C:\Program Files (x86)\Intel\Intel(R) Management Engine Components\DAL;C:\Program Files\Intel\Intel(R) Management Engine Components\DAL;C:\ProgramData\UNIVALI\Portugol Studio;C:\Program Files\nodejs\;C:\Program Files\Git\cmd;C:\Users\usuario\AppData\Local\Microsoft\WindowsApps;C:\Users\usuario\AppData\Local\GitHubDesktop\bin;C:\Users\usuario\AppData\Local\Programs\Microsoft VS Code\bin;C:\Users\usuario\AppData\Roaming\npm;C:\Program Files\JetBrains\IntelliJ IDEA Community Edition 2022.1.1\bin;
USERNAME=usuario
OS=Windows_NT
PROCESSOR_IDENTIFIER=Intel64 Family 6 Model 142 Stepping 10, GenuineIntel



---------------  S Y S T E M  ---------------

OS: Windows 10 , 64 bit Build 19041 (10.0.19041.1706)
OS uptime: 3 days 4:04 hours

CPU:total 8 (initial active 8) (4 cores per cpu, 2 threads per core) family 6 model 142 stepping 10 microcode 0xe0, cmov, cx8, fxsr, mmx, sse, sse2, sse3, ssse3, sse4.1, sse4.2, popcnt, avx, avx2, aes, clmul, erms, 3dnowpref, lzcnt, ht, tsc, tscinvbit, bmi1, bmi2, adx, fma

Memory: 4k page, system-wide physical 8050M (418M free)
TotalPageFile size 12146M (AvailPageFile size 4M)
current process WorkingSet (physical memory assigned to process): 413M, peak: 438M
current process commit charge ("private bytes"): 588M, peak: 591M

vm_info: OpenJDK 64-Bit Server VM (11.0.12+7-b1504.28-7817840) for windows-amd64 JRE (11.0.12+7-b1504.28-7817840), built on Oct 13 2021 22:12:33 by "builder" with MS VC++ 14.0 (VS2015)

END.
