#
# There is insufficient memory for the Java Runtime Environment to continue.
# Native memory allocation (malloc) failed to allocate 1772816 bytes for Chunk::new
# Possible reasons:
#   The system is out of physical RAM or swap space
#   The process is running with CompressedOops enabled, and the Java Heap may be blocking the growth of the native heap
# Possible solutions:
#   Reduce memory load on the system
#   Increase physical memory or swap space
#   Check if swap backing store is full
#   Decrease Java heap size (-Xmx/-Xms)
#   Decrease number of Java threads
#   Decrease Java thread stack sizes (-Xss)
#   Set larger code cache with -XX:ReservedCodeCacheSize=
#   JVM is running with Unscaled Compressed Oops mode in which the Java heap is
#     placed in the first 4GB address space. The Java Heap base address is the
#     maximum limit for the native heap growth. Please use -XX:HeapBaseMinAddress
#     to set the Java Heap base and to place the Java Heap above 4GB virtual address.
# This output file may be truncated or incomplete.
#
#  Out of Memory Error (./src/hotspot/share/memory/arena.cpp:197), pid=15128, tid=1276
#
# JRE version: OpenJDK Runtime Environment (11.0.12+7) (build 11.0.12+7-b1504.28-7817840)
# Java VM: OpenJDK 64-Bit Server VM (11.0.12+7-b1504.28-7817840, mixed mode, tiered, compressed oops, g1 gc, windows-amd64)
# No core dump will be written. Minidumps are not enabled by default on client versions of Windows
#

---------------  S U M M A R Y ------------

Command Line: org.jetbrains.kotlin.cli.jvm.K2JVMCompiler @C:\Users\usuario\AndroidStudioProjects\MyApplication\app\build\20220607_9709889366707860979.compiler.options

Host: Intel(R) Core(TM) i5-8250U CPU @ 1.60GHz, 8 cores, 7G,  Windows 10 , 64 bit Build 19041 (10.0.19041.1706)
Time: Tue Jun  7 19:32:17 2022 Hora oficial do Brasil elapsed time: 2.598926 seconds (0d 0h 0m 2s)

---------------  T H R E A D  ---------------

Current thread (0x000001627d3e2000):  JavaThread "C2 CompilerThread1" daemon [_thread_in_native, id=1276, stack(0x0000000699d00000,0x0000000699e00000)]


Current CompileTask:
C2:   2598 2997   !   4       jdk.internal.loader.BuiltinClassLoader::findClassOnClassPathOrNull (64 bytes)

Stack: [0x0000000699d00000,0x0000000699e00000]
Native frames: (J=compiled Java code, j=interpreted, Vv=VM code, C=native code)
V  [jvm.dll+0x5fbcea]
V  [jvm.dll+0x731905]
V  [jvm.dll+0x732f1d]
V  [jvm.dll+0x7335d3]
V  [jvm.dll+0x247bf8]
V  [jvm.dll+0xc018c]
V  [jvm.dll+0xc06cc]
V  [jvm.dll+0x35b2db]
V  [jvm.dll+0x328803]
V  [jvm.dll+0x327cfa]
V  [jvm.dll+0x200602]
V  [jvm.dll+0x1ff794]
V  [jvm.dll+0x18868c]
V  [jvm.dll+0x20e0d7]
V  [jvm.dll+0x20c901]
V  [jvm.dll+0x6f9b7f]
V  [jvm.dll+0x6f26a5]
V  [jvm.dll+0x5fabf6]
C  [ucrtbase.dll+0x21bb2]
C  [KERNEL32.DLL+0x17034]
C  [ntdll.dll+0x52651]


---------------  P R O C E S S  ---------------

Threads class SMR info:
_java_thread_list=0x000001627c570bb0, length=12, elements={
0x000001626fa6b000, 0x000001627b58a000, 0x000001627b593000, 0x000001627bf19800,
0x000001627bf1c000, 0x000001627bf1e000, 0x000001627bf20800, 0x000001627b5a4000,
0x000001627b5a4800, 0x000001627c07f000, 0x000001627d3e2000, 0x000001627d3dc000
}

Java Threads: ( => current thread )
  0x000001626fa6b000 JavaThread "main" [_thread_in_vm, id=5184, stack(0x0000000698c00000,0x0000000698d00000)]
  0x000001627b58a000 JavaThread "Reference Handler" daemon [_thread_blocked, id=11732, stack(0x0000000699300000,0x0000000699400000)]
  0x000001627b593000 JavaThread "Finalizer" daemon [_thread_blocked, id=15292, stack(0x0000000699400000,0x0000000699500000)]
  0x000001627bf19800 JavaThread "Signal Dispatcher" daemon [_thread_blocked, id=3828, stack(0x0000000699500000,0x0000000699600000)]
  0x000001627bf1c000 JavaThread "Attach Listener" daemon [_thread_blocked, id=9728, stack(0x0000000699600000,0x0000000699700000)]
  0x000001627bf1e000 JavaThread "Service Thread" daemon [_thread_blocked, id=8652, stack(0x0000000699700000,0x0000000699800000)]
  0x000001627bf20800 JavaThread "C2 CompilerThread0" daemon [_thread_in_native, id=15928, stack(0x0000000699800000,0x0000000699900000)]
  0x000001627b5a4000 JavaThread "C1 CompilerThread0" daemon [_thread_blocked, id=8368, stack(0x0000000699900000,0x0000000699a00000)]
  0x000001627b5a4800 JavaThread "Sweeper thread" daemon [_thread_blocked, id=11300, stack(0x0000000699a00000,0x0000000699b00000)]
  0x000001627c07f000 JavaThread "Common-Cleaner" daemon [_thread_blocked, id=15256, stack(0x0000000699c00000,0x0000000699d00000)]
=>0x000001627d3e2000 JavaThread "C2 CompilerThread1" daemon [_thread_in_native, id=1276, stack(0x0000000699d00000,0x0000000699e00000)]
  0x000001627d3dc000 JavaThread "C2 CompilerThread2" daemon [_thread_in_native, id=3136, stack(0x0000000699e00000,0x0000000699f00000)]

Other Threads:
  0x000001627b562800 VMThread "VM Thread" [stack: 0x0000000699200000,0x0000000699300000] [id=14400]
  0x000001627c075000 WatcherThread [stack: 0x0000000699b00000,0x0000000699c00000] [id=5704]
  0x000001626fa83800 GCTaskThread "GC Thread#0" [stack: 0x0000000698d00000,0x0000000698e00000] [id=7436]
  0x000001627c6f9800 GCTaskThread "GC Thread#1" [stack: 0x0000000699f00000,0x000000069a000000] [id=14220]
  0x000001627c6af800 GCTaskThread "GC Thread#2" [stack: 0x000000069a000000,0x000000069a100000] [id=15564]
  0x000001626fab3000 ConcurrentGCThread "G1 Main Marker" [stack: 0x0000000698e00000,0x0000000698f00000] [id=12264]
  0x000001626fab5000 ConcurrentGCThread "G1 Conc#0" [stack: 0x0000000698f00000,0x0000000699000000] [id=6664]
  0x000001627cacb000 ConcurrentGCThread "G1 Conc#1" [stack: 0x000000069a100000,0x000000069a200000] [id=11824]
  0x000001627b3d0800 ConcurrentGCThread "G1 Refine#0" [stack: 0x0000000699000000,0x0000000699100000] [id=3676]
  0x000001627d12c800 ConcurrentGCThread "G1 Refine#1" [stack: 0x000000069a200000,0x000000069a300000] [id=15452]
  0x000001627b3d1800 ConcurrentGCThread "G1 Young RemSet Sampling" [stack: 0x0000000699100000,0x0000000699200000] [id=16168]

Threads with active compile tasks:
C2 CompilerThread0   2613 3000       4       jdk.internal.loader.ClassLoaders$AppClassLoader::loadClass (40 bytes)
C2 CompilerThread1   2613 2997   !   4       jdk.internal.loader.BuiltinClassLoader::findClassOnClassPathOrNull (64 bytes)
C2 CompilerThread2   2613 2895       4       java.lang.ClassLoader::loadClass (7 bytes)

VM state:not at safepoint (normal execution)

VM Mutex/Monitor currently owned by a thread: None

Heap address: 0x0000000082200000, size: 2014 MB, Compressed Oops mode: 32-bit
Narrow klass base: 0x0000000000000000, Narrow klass shift: 3
Compressed class space size: 1073741824 Address: 0x0000000100000000

Heap:
 garbage-first heap   total 163840K, used 30210K [0x0000000082200000, 0x0000000100000000)
  region size 1024K, 11 young (11264K), 6 survivors (6144K)
 Metaspace       used 46074K, capacity 46582K, committed 46800K, reserved 1091584K
  class space    used 5485K, capacity 5681K, committed 5760K, reserved 1048576K
Heap Regions: E=young(eden), S=young(survivor), O=old, HS=humongous(starts), HC=humongous(continues), CS=collection set, F=free, A=archive, TAMS=top-at-mark-start (previous, next)
|   0|0x0000000082200000, 0x0000000082300000, 0x0000000082300000|100%|HS|  |TAMS 0x0000000082300000, 0x0000000082200000| Complete 
|   1|0x0000000082300000, 0x0000000082400000, 0x0000000082400000|100%|HC|  |TAMS 0x0000000082400000, 0x0000000082300000| Complete 
|   2|0x0000000082400000, 0x0000000082500000, 0x0000000082500000|100%|HC|  |TAMS 0x0000000082500000, 0x0000000082400000| Complete 
|   3|0x0000000082500000, 0x0000000082600000, 0x0000000082600000|100%|HS|  |TAMS 0x0000000082600000, 0x0000000082500000| Complete 
|   4|0x0000000082600000, 0x0000000082700000, 0x0000000082700000|100%|HC|  |TAMS 0x0000000082700000, 0x0000000082600000| Complete 
|   5|0x0000000082700000, 0x0000000082800000, 0x0000000082800000|100%|HC|  |TAMS 0x0000000082800000, 0x0000000082700000| Complete 
|   6|0x0000000082800000, 0x0000000082900000, 0x0000000082900000|100%|HS|  |TAMS 0x0000000082800000, 0x0000000082800000| Complete 
|   7|0x0000000082900000, 0x0000000082a00000, 0x0000000082a00000|100%|HC|  |TAMS 0x0000000082900000, 0x0000000082900000| Complete 
|   8|0x0000000082a00000, 0x0000000082b00000, 0x0000000082b00000|100%| O|  |TAMS 0x0000000082b00000, 0x0000000082a00000| Untracked 
|   9|0x0000000082b00000, 0x0000000082c00000, 0x0000000082c00000|100%| O|  |TAMS 0x0000000082c00000, 0x0000000082b00000| Untracked 
|  10|0x0000000082c00000, 0x0000000082d00000, 0x0000000082d00000|100%| O|  |TAMS 0x0000000082d00000, 0x0000000082c00000| Untracked 
|  11|0x0000000082d00000, 0x0000000082e00000, 0x0000000082e00000|100%| O|  |TAMS 0x0000000082e00000, 0x0000000082d00000| Untracked 
|  12|0x0000000082e00000, 0x0000000082f00000, 0x0000000082f00000|100%| O|  |TAMS 0x0000000082f00000, 0x0000000082e00000| Untracked 
|  13|0x0000000082f00000, 0x0000000083000000, 0x0000000083000000|100%| O|  |TAMS 0x0000000083000000, 0x0000000082f00000| Untracked 
|  14|0x0000000083000000, 0x0000000083100000, 0x0000000083100000|100%| O|  |TAMS 0x0000000083100000, 0x0000000083000000| Untracked 
|  15|0x0000000083100000, 0x0000000083200000, 0x0000000083200000|100%| O|  |TAMS 0x0000000083200000, 0x0000000083100000| Untracked 
|  16|0x0000000083200000, 0x0000000083300000, 0x0000000083300000|100%| O|  |TAMS 0x0000000083300000, 0x0000000083200000| Untracked 
|  17|0x0000000083300000, 0x0000000083400000, 0x0000000083400000|100%| O|  |TAMS 0x0000000083400000, 0x0000000083300000| Untracked 
|  18|0x0000000083400000, 0x0000000083500000, 0x0000000083500000|100%| O|  |TAMS 0x0000000083500000, 0x0000000083400000| Untracked 
|  19|0x0000000083500000, 0x00000000835db800, 0x0000000083600000| 85%| O|  |TAMS 0x00000000835db800, 0x0000000083500000| Untracked 
|  20|0x0000000083600000, 0x0000000083600000, 0x0000000083700000|  0%| F|  |TAMS 0x0000000083600000, 0x0000000083600000| Untracked 
|  21|0x0000000083700000, 0x0000000083700000, 0x0000000083800000|  0%| F|  |TAMS 0x0000000083700000, 0x0000000083700000| Untracked 
|  22|0x0000000083800000, 0x0000000083800000, 0x0000000083900000|  0%| F|  |TAMS 0x0000000083800000, 0x0000000083800000| Untracked 
|  23|0x0000000083900000, 0x0000000083900000, 0x0000000083a00000|  0%| F|  |TAMS 0x0000000083900000, 0x0000000083900000| Untracked 
|  24|0x0000000083a00000, 0x0000000083a00000, 0x0000000083b00000|  0%| F|  |TAMS 0x0000000083a00000, 0x0000000083a00000| Untracked 
|  25|0x0000000083b00000, 0x0000000083b00000, 0x0000000083c00000|  0%| F|  |TAMS 0x0000000083b00000, 0x0000000083b00000| Untracked 
|  26|0x0000000083c00000, 0x0000000083c00000, 0x0000000083d00000|  0%| F|  |TAMS 0x0000000083c00000, 0x0000000083c00000| Untracked 
|  27|0x0000000083d00000, 0x0000000083d00000, 0x0000000083e00000|  0%| F|  |TAMS 0x0000000083d00000, 0x0000000083d00000| Untracked 
|  28|0x0000000083e00000, 0x0000000083e00000, 0x0000000083f00000|  0%| F|  |TAMS 0x0000000083e00000, 0x0000000083e00000| Untracked 
|  29|0x0000000083f00000, 0x0000000083f00000, 0x0000000084000000|  0%| F|  |TAMS 0x0000000083f00000, 0x0000000083f00000| Untracked 
|  30|0x0000000084000000, 0x0000000084000000, 0x0000000084100000|  0%| F|  |TAMS 0x0000000084000000, 0x0000000084000000| Untracked 
|  31|0x0000000084100000, 0x0000000084100000, 0x0000000084200000|  0%| F|  |TAMS 0x0000000084100000, 0x0000000084100000| Untracked 
|  32|0x0000000084200000, 0x0000000084200000, 0x0000000084300000|  0%| F|  |TAMS 0x0000000084200000, 0x0000000084200000| Untracked 
|  33|0x0000000084300000, 0x0000000084300000, 0x0000000084400000|  0%| F|  |TAMS 0x0000000084300000, 0x0000000084300000| Untracked 
|  34|0x0000000084400000, 0x0000000084400000, 0x0000000084500000|  0%| F|  |TAMS 0x0000000084400000, 0x0000000084400000| Untracked 
|  35|0x0000000084500000, 0x0000000084500000, 0x0000000084600000|  0%| F|  |TAMS 0x0000000084500000, 0x0000000084500000| Untracked 
|  36|0x0000000084600000, 0x0000000084600000, 0x0000000084700000|  0%| F|  |TAMS 0x0000000084600000, 0x0000000084600000| Untracked 
|  37|0x0000000084700000, 0x0000000084700000, 0x0000000084800000|  0%| F|  |TAMS 0x0000000084700000, 0x0000000084700000| Untracked 
|  38|0x0000000084800000, 0x0000000084800000, 0x0000000084900000|  0%| F|  |TAMS 0x0000000084800000, 0x0000000084800000| Untracked 
|  39|0x0000000084900000, 0x0000000084900000, 0x0000000084a00000|  0%| F|  |TAMS 0x0000000084900000, 0x0000000084900000| Untracked 
|  40|0x0000000084a00000, 0x0000000084a00000, 0x0000000084b00000|  0%| F|  |TAMS 0x0000000084a00000, 0x0000000084a00000| Untracked 
|  41|0x0000000084b00000, 0x0000000084b00000, 0x0000000084c00000|  0%| F|  |TAMS 0x0000000084b00000, 0x0000000084b00000| Untracked 
|  42|0x0000000084c00000, 0x0000000084c00000, 0x0000000084d00000|  0%| F|  |TAMS 0x0000000084c00000, 0x0000000084c00000| Untracked 
|  43|0x0000000084d00000, 0x0000000084d00000, 0x0000000084e00000|  0%| F|  |TAMS 0x0000000084d00000, 0x0000000084d00000| Untracked 
|  44|0x0000000084e00000, 0x0000000084e00000, 0x0000000084f00000|  0%| F|  |TAMS 0x0000000084e00000, 0x0000000084e00000| Untracked 
|  45|0x0000000084f00000, 0x0000000084f00000, 0x0000000085000000|  0%| F|  |TAMS 0x0000000084f00000, 0x0000000084f00000| Untracked 
|  46|0x0000000085000000, 0x0000000085000000, 0x0000000085100000|  0%| F|  |TAMS 0x0000000085000000, 0x0000000085000000| Untracked 
|  47|0x0000000085100000, 0x0000000085100000, 0x0000000085200000|  0%| F|  |TAMS 0x0000000085100000, 0x0000000085100000| Untracked 
|  48|0x0000000085200000, 0x0000000085200000, 0x0000000085300000|  0%| F|  |TAMS 0x0000000085200000, 0x0000000085200000| Untracked 
|  49|0x0000000085300000, 0x0000000085300000, 0x0000000085400000|  0%| F|  |TAMS 0x0000000085300000, 0x0000000085300000| Untracked 
|  50|0x0000000085400000, 0x0000000085400000, 0x0000000085500000|  0%| F|  |TAMS 0x0000000085400000, 0x0000000085400000| Untracked 
|  51|0x0000000085500000, 0x0000000085500000, 0x0000000085600000|  0%| F|  |TAMS 0x0000000085500000, 0x0000000085500000| Untracked 
|  52|0x0000000085600000, 0x0000000085600000, 0x0000000085700000|  0%| F|  |TAMS 0x0000000085600000, 0x0000000085600000| Untracked 
|  53|0x0000000085700000, 0x0000000085700000, 0x0000000085800000|  0%| F|  |TAMS 0x0000000085700000, 0x0000000085700000| Untracked 
|  54|0x0000000085800000, 0x0000000085800000, 0x0000000085900000|  0%| F|  |TAMS 0x0000000085800000, 0x0000000085800000| Untracked 
|  55|0x0000000085900000, 0x0000000085900000, 0x0000000085a00000|  0%| F|  |TAMS 0x0000000085900000, 0x0000000085900000| Untracked 
|  56|0x0000000085a00000, 0x0000000085a00000, 0x0000000085b00000|  0%| F|  |TAMS 0x0000000085a00000, 0x0000000085a00000| Untracked 
|  57|0x0000000085b00000, 0x0000000085b00000, 0x0000000085c00000|  0%| F|  |TAMS 0x0000000085b00000, 0x0000000085b00000| Untracked 
|  58|0x0000000085c00000, 0x0000000085c00000, 0x0000000085d00000|  0%| F|  |TAMS 0x0000000085c00000, 0x0000000085c00000| Untracked 
|  59|0x0000000085d00000, 0x0000000085d00000, 0x0000000085e00000|  0%| F|  |TAMS 0x0000000085d00000, 0x0000000085d00000| Untracked 
|  60|0x0000000085e00000, 0x0000000085e00000, 0x0000000085f00000|  0%| F|  |TAMS 0x0000000085e00000, 0x0000000085e00000| Untracked 
|  61|0x0000000085f00000, 0x0000000085f00000, 0x0000000086000000|  0%| F|  |TAMS 0x0000000085f00000, 0x0000000085f00000| Untracked 
|  62|0x0000000086000000, 0x0000000086000000, 0x0000000086100000|  0%| F|  |TAMS 0x0000000086000000, 0x0000000086000000| Untracked 
|  63|0x0000000086100000, 0x0000000086100000, 0x0000000086200000|  0%| F|  |TAMS 0x0000000086100000, 0x0000000086100000| Untracked 
|  64|0x0000000086200000, 0x0000000086200000, 0x0000000086300000|  0%| F|  |TAMS 0x0000000086200000, 0x0000000086200000| Untracked 
|  65|0x0000000086300000, 0x0000000086300000, 0x0000000086400000|  0%| F|  |TAMS 0x0000000086300000, 0x0000000086300000| Untracked 
|  66|0x0000000086400000, 0x0000000086400000, 0x0000000086500000|  0%| F|  |TAMS 0x0000000086400000, 0x0000000086400000| Untracked 
|  67|0x0000000086500000, 0x0000000086500000, 0x0000000086600000|  0%| F|  |TAMS 0x0000000086500000, 0x0000000086500000| Untracked 
|  68|0x0000000086600000, 0x0000000086600000, 0x0000000086700000|  0%| F|  |TAMS 0x0000000086600000, 0x0000000086600000| Untracked 
|  69|0x0000000086700000, 0x0000000086700000, 0x0000000086800000|  0%| F|  |TAMS 0x0000000086700000, 0x0000000086700000| Untracked 
|  70|0x0000000086800000, 0x0000000086800000, 0x0000000086900000|  0%| F|  |TAMS 0x0000000086800000, 0x0000000086800000| Untracked 
|  71|0x0000000086900000, 0x0000000086900000, 0x0000000086a00000|  0%| F|  |TAMS 0x0000000086900000, 0x0000000086900000| Untracked 
|  72|0x0000000086a00000, 0x0000000086a00000, 0x0000000086b00000|  0%| F|  |TAMS 0x0000000086a00000, 0x0000000086a00000| Untracked 
|  73|0x0000000086b00000, 0x0000000086ba5380, 0x0000000086c00000| 64%| S|CS|TAMS 0x0000000086b00000, 0x0000000086b00000| Complete 
|  74|0x0000000086c00000, 0x0000000086d00000, 0x0000000086d00000|100%| S|CS|TAMS 0x0000000086c00000, 0x0000000086c00000| Complete 
|  75|0x0000000086d00000, 0x0000000086e00000, 0x0000000086e00000|100%| S|CS|TAMS 0x0000000086d00000, 0x0000000086d00000| Complete 
|  76|0x0000000086e00000, 0x0000000086f00000, 0x0000000086f00000|100%| S|CS|TAMS 0x0000000086e00000, 0x0000000086e00000| Complete 
|  77|0x0000000086f00000, 0x0000000087000000, 0x0000000087000000|100%| S|CS|TAMS 0x0000000086f00000, 0x0000000086f00000| Complete 
|  78|0x0000000087000000, 0x0000000087100000, 0x0000000087100000|100%| S|CS|TAMS 0x0000000087000000, 0x0000000087000000| Complete 
|  79|0x0000000087100000, 0x0000000087100000, 0x0000000087200000|  0%| F|  |TAMS 0x0000000087100000, 0x0000000087100000| Untracked 
|  80|0x0000000087200000, 0x0000000087200000, 0x0000000087300000|  0%| F|  |TAMS 0x0000000087200000, 0x0000000087200000| Untracked 
|  81|0x0000000087300000, 0x0000000087300000, 0x0000000087400000|  0%| F|  |TAMS 0x0000000087300000, 0x0000000087300000| Untracked 
|  82|0x0000000087400000, 0x0000000087400000, 0x0000000087500000|  0%| F|  |TAMS 0x0000000087400000, 0x0000000087400000| Untracked 
|  83|0x0000000087500000, 0x0000000087500000, 0x0000000087600000|  0%| F|  |TAMS 0x0000000087500000, 0x0000000087500000| Untracked 
|  84|0x0000000087600000, 0x0000000087600000, 0x0000000087700000|  0%| F|  |TAMS 0x0000000087600000, 0x0000000087600000| Untracked 
|  85|0x0000000087700000, 0x0000000087700000, 0x0000000087800000|  0%| F|  |TAMS 0x0000000087700000, 0x0000000087700000| Untracked 
|  86|0x0000000087800000, 0x0000000087800000, 0x0000000087900000|  0%| F|  |TAMS 0x0000000087800000, 0x0000000087800000| Untracked 
|  87|0x0000000087900000, 0x0000000087900000, 0x0000000087a00000|  0%| F|  |TAMS 0x0000000087900000, 0x0000000087900000| Untracked 
|  88|0x0000000087a00000, 0x0000000087a00000, 0x0000000087b00000|  0%| F|  |TAMS 0x0000000087a00000, 0x0000000087a00000| Untracked 
|  89|0x0000000087b00000, 0x0000000087b00000, 0x0000000087c00000|  0%| F|  |TAMS 0x0000000087b00000, 0x0000000087b00000| Untracked 
|  90|0x0000000087c00000, 0x0000000087c00000, 0x0000000087d00000|  0%| F|  |TAMS 0x0000000087c00000, 0x0000000087c00000| Untracked 
|  91|0x0000000087d00000, 0x0000000087d00000, 0x0000000087e00000|  0%| F|  |TAMS 0x0000000087d00000, 0x0000000087d00000| Untracked 
|  92|0x0000000087e00000, 0x0000000087e00000, 0x0000000087f00000|  0%| F|  |TAMS 0x0000000087e00000, 0x0000000087e00000| Untracked 
|  93|0x0000000087f00000, 0x0000000087f00000, 0x0000000088000000|  0%| F|  |TAMS 0x0000000087f00000, 0x0000000087f00000| Untracked 
|  94|0x0000000088000000, 0x0000000088000000, 0x0000000088100000|  0%| F|  |TAMS 0x0000000088000000, 0x0000000088000000| Untracked 
|  95|0x0000000088100000, 0x0000000088100000, 0x0000000088200000|  0%| F|  |TAMS 0x0000000088100000, 0x0000000088100000| Untracked 
|  96|0x0000000088200000, 0x0000000088200000, 0x0000000088300000|  0%| F|  |TAMS 0x0000000088200000, 0x0000000088200000| Untracked 
|  97|0x0000000088300000, 0x0000000088300000, 0x0000000088400000|  0%| F|  |TAMS 0x0000000088300000, 0x0000000088300000| Untracked 
|  98|0x0000000088400000, 0x0000000088400000, 0x0000000088500000|  0%| F|  |TAMS 0x0000000088400000, 0x0000000088400000| Untracked 
|  99|0x0000000088500000, 0x0000000088500000, 0x0000000088600000|  0%| F|  |TAMS 0x0000000088500000, 0x0000000088500000| Untracked 
| 100|0x0000000088600000, 0x0000000088600000, 0x0000000088700000|  0%| F|  |TAMS 0x0000000088600000, 0x0000000088600000| Untracked 
| 101|0x0000000088700000, 0x0000000088700000, 0x0000000088800000|  0%| F|  |TAMS 0x0000000088700000, 0x0000000088700000| Untracked 
| 102|0x0000000088800000, 0x0000000088800000, 0x0000000088900000|  0%| F|  |TAMS 0x0000000088800000, 0x0000000088800000| Untracked 
| 103|0x0000000088900000, 0x0000000088900000, 0x0000000088a00000|  0%| F|  |TAMS 0x0000000088900000, 0x0000000088900000| Untracked 
| 104|0x0000000088a00000, 0x0000000088a00000, 0x0000000088b00000|  0%| F|  |TAMS 0x0000000088a00000, 0x0000000088a00000| Untracked 
| 105|0x0000000088b00000, 0x0000000088b00000, 0x0000000088c00000|  0%| F|  |TAMS 0x0000000088b00000, 0x0000000088b00000| Untracked 
| 106|0x0000000088c00000, 0x0000000088c00000, 0x0000000088d00000|  0%| F|  |TAMS 0x0000000088c00000, 0x0000000088c00000| Untracked 
| 107|0x0000000088d00000, 0x0000000088d00000, 0x0000000088e00000|  0%| F|  |TAMS 0x0000000088d00000, 0x0000000088d00000| Untracked 
| 108|0x0000000088e00000, 0x0000000088e00000, 0x0000000088f00000|  0%| F|  |TAMS 0x0000000088e00000, 0x0000000088e00000| Untracked 
| 109|0x0000000088f00000, 0x0000000088f00000, 0x0000000089000000|  0%| F|  |TAMS 0x0000000088f00000, 0x0000000088f00000| Untracked 
| 110|0x0000000089000000, 0x0000000089000000, 0x0000000089100000|  0%| F|  |TAMS 0x0000000089000000, 0x0000000089000000| Untracked 
| 111|0x0000000089100000, 0x0000000089100000, 0x0000000089200000|  0%| F|  |TAMS 0x0000000089100000, 0x0000000089100000| Untracked 
| 112|0x0000000089200000, 0x0000000089200000, 0x0000000089300000|  0%| F|  |TAMS 0x0000000089200000, 0x0000000089200000| Untracked 
| 113|0x0000000089300000, 0x0000000089300000, 0x0000000089400000|  0%| F|  |TAMS 0x0000000089300000, 0x0000000089300000| Untracked 
| 114|0x0000000089400000, 0x0000000089400000, 0x0000000089500000|  0%| F|  |TAMS 0x0000000089400000, 0x0000000089400000| Untracked 
| 115|0x0000000089500000, 0x0000000089500000, 0x0000000089600000|  0%| F|  |TAMS 0x0000000089500000, 0x0000000089500000| Untracked 
| 116|0x0000000089600000, 0x0000000089600000, 0x0000000089700000|  0%| F|  |TAMS 0x0000000089600000, 0x0000000089600000| Untracked 
| 117|0x0000000089700000, 0x0000000089700000, 0x0000000089800000|  0%| F|  |TAMS 0x0000000089700000, 0x0000000089700000| Untracked 
| 118|0x0000000089800000, 0x0000000089800000, 0x0000000089900000|  0%| F|  |TAMS 0x0000000089800000, 0x0000000089800000| Untracked 
| 119|0x0000000089900000, 0x0000000089900000, 0x0000000089a00000|  0%| F|  |TAMS 0x0000000089900000, 0x0000000089900000| Untracked 
| 120|0x0000000089a00000, 0x0000000089a00000, 0x0000000089b00000|  0%| F|  |TAMS 0x0000000089a00000, 0x0000000089a00000| Untracked 
| 121|0x0000000089b00000, 0x0000000089b00000, 0x0000000089c00000|  0%| F|  |TAMS 0x0000000089b00000, 0x0000000089b00000| Untracked 
| 122|0x0000000089c00000, 0x0000000089c00000, 0x0000000089d00000|  0%| F|  |TAMS 0x0000000089c00000, 0x0000000089c00000| Untracked 
| 123|0x0000000089d00000, 0x0000000089d00000, 0x0000000089e00000|  0%| F|  |TAMS 0x0000000089d00000, 0x0000000089d00000| Untracked 
| 124|0x0000000089e00000, 0x0000000089e00000, 0x0000000089f00000|  0%| F|  |TAMS 0x0000000089e00000, 0x0000000089e00000| Untracked 
| 125|0x0000000089f00000, 0x0000000089f00000, 0x000000008a000000|  0%| F|  |TAMS 0x0000000089f00000, 0x0000000089f00000| Untracked 
| 126|0x000000008a000000, 0x000000008a000000, 0x000000008a100000|  0%| F|  |TAMS 0x000000008a000000, 0x000000008a000000| Untracked 
| 127|0x000000008a100000, 0x000000008a100000, 0x000000008a200000|  0%| F|  |TAMS 0x000000008a100000, 0x000000008a100000| Untracked 
| 128|0x000000008a200000, 0x000000008a200000, 0x000000008a300000|  0%| F|  |TAMS 0x000000008a200000, 0x000000008a200000| Untracked 
| 129|0x000000008a300000, 0x000000008a300000, 0x000000008a400000|  0%| F|  |TAMS 0x000000008a300000, 0x000000008a300000| Untracked 
| 130|0x000000008a400000, 0x000000008a400000, 0x000000008a500000|  0%| F|  |TAMS 0x000000008a400000, 0x000000008a400000| Untracked 
| 131|0x000000008a500000, 0x000000008a500000, 0x000000008a600000|  0%| F|  |TAMS 0x000000008a500000, 0x000000008a500000| Untracked 
| 132|0x000000008a600000, 0x000000008a600000, 0x000000008a700000|  0%| F|  |TAMS 0x000000008a600000, 0x000000008a600000| Untracked 
| 133|0x000000008a700000, 0x000000008a700000, 0x000000008a800000|  0%| F|  |TAMS 0x000000008a700000, 0x000000008a700000| Untracked 
| 134|0x000000008a800000, 0x000000008a800000, 0x000000008a900000|  0%| F|  |TAMS 0x000000008a800000, 0x000000008a800000| Untracked 
| 135|0x000000008a900000, 0x000000008a900000, 0x000000008aa00000|  0%| F|  |TAMS 0x000000008a900000, 0x000000008a900000| Untracked 
| 136|0x000000008aa00000, 0x000000008aa00000, 0x000000008ab00000|  0%| F|  |TAMS 0x000000008aa00000, 0x000000008aa00000| Untracked 
| 137|0x000000008ab00000, 0x000000008ab00000, 0x000000008ac00000|  0%| F|  |TAMS 0x000000008ab00000, 0x000000008ab00000| Untracked 
| 138|0x000000008ac00000, 0x000000008ac00000, 0x000000008ad00000|  0%| F|  |TAMS 0x000000008ac00000, 0x000000008ac00000| Untracked 
| 139|0x000000008ad00000, 0x000000008ad00000, 0x000000008ae00000|  0%| F|  |TAMS 0x000000008ad00000, 0x000000008ad00000| Untracked 
| 140|0x000000008ae00000, 0x000000008ae00000, 0x000000008af00000|  0%| F|  |TAMS 0x000000008ae00000, 0x000000008ae00000| Untracked 
| 141|0x000000008af00000, 0x000000008af00000, 0x000000008b000000|  0%| F|  |TAMS 0x000000008af00000, 0x000000008af00000| Untracked 
| 142|0x000000008b000000, 0x000000008b000000, 0x000000008b100000|  0%| F|  |TAMS 0x000000008b000000, 0x000000008b000000| Untracked 
| 143|0x000000008b100000, 0x000000008b100000, 0x000000008b200000|  0%| F|  |TAMS 0x000000008b100000, 0x000000008b100000| Untracked 
| 144|0x000000008b200000, 0x000000008b200000, 0x000000008b300000|  0%| F|  |TAMS 0x000000008b200000, 0x000000008b200000| Untracked 
| 145|0x000000008b300000, 0x000000008b300000, 0x000000008b400000|  0%| F|  |TAMS 0x000000008b300000, 0x000000008b300000| Untracked 
| 146|0x000000008b400000, 0x000000008b400000, 0x000000008b500000|  0%| F|  |TAMS 0x000000008b400000, 0x000000008b400000| Untracked 
| 147|0x000000008b500000, 0x000000008b500000, 0x000000008b600000|  0%| F|  |TAMS 0x000000008b500000, 0x000000008b500000| Untracked 
| 148|0x000000008b600000, 0x000000008b600000, 0x000000008b700000|  0%| F|  |TAMS 0x000000008b600000, 0x000000008b600000| Untracked 
| 149|0x000000008b700000, 0x000000008b700000, 0x000000008b800000|  0%| F|  |TAMS 0x000000008b700000, 0x000000008b700000| Untracked 
| 150|0x000000008b800000, 0x000000008b800000, 0x000000008b900000|  0%| F|  |TAMS 0x000000008b800000, 0x000000008b800000| Untracked 
| 151|0x000000008b900000, 0x000000008b900000, 0x000000008ba00000|  0%| F|  |TAMS 0x000000008b900000, 0x000000008b900000| Untracked 
| 152|0x000000008ba00000, 0x000000008ba00000, 0x000000008bb00000|  0%| F|  |TAMS 0x000000008ba00000, 0x000000008ba00000| Untracked 
| 153|0x000000008bb00000, 0x000000008bb00000, 0x000000008bc00000|  0%| F|  |TAMS 0x000000008bb00000, 0x000000008bb00000| Untracked 
| 154|0x000000008bc00000, 0x000000008bc00000, 0x000000008bd00000|  0%| F|  |TAMS 0x000000008bc00000, 0x000000008bc00000| Untracked 
| 155|0x000000008bd00000, 0x000000008be00000, 0x000000008be00000|100%| E|  |TAMS 0x000000008bd00000, 0x000000008bd00000| Complete 
| 156|0x000000008be00000, 0x000000008bf00000, 0x000000008bf00000|100%| E|CS|TAMS 0x000000008be00000, 0x000000008be00000| Complete 
| 157|0x000000008bf00000, 0x000000008c000000, 0x000000008c000000|100%| E|CS|TAMS 0x000000008bf00000, 0x000000008bf00000| Complete 
| 158|0x000000008c000000, 0x000000008c100000, 0x000000008c100000|100%| E|CS|TAMS 0x000000008c000000, 0x000000008c000000| Complete 
| 159|0x000000008c100000, 0x000000008c200000, 0x000000008c200000|100%| E|CS|TAMS 0x000000008c100000, 0x000000008c100000| Complete 

Card table byte_map: [0x00000162743d0000,0x00000162747c0000] _byte_map_base: 0x0000016273fbf000

Marking Bits (Prev, Next): (CMBitMap*) 0x000001626faaa128, (CMBitMap*) 0x000001626faaa160
 Prev Bits: [0x0000016274bb0000, 0x0000016276b28000)
 Next Bits: [0x0000016276b30000, 0x0000016278aa8000)

Polling page: 0x000001626e240000

Metaspace:

Usage:
  Non-class:     40.00 MB capacity,    39.70 MB (>99%) used,   248.02 KB ( <1%) free+waste,    68.13 KB ( <1%) overhead. 
      Class:      5.55 MB capacity,     5.37 MB ( 97%) used,   152.71 KB (  3%) free+waste,    30.06 KB ( <1%) overhead. 
       Both:     45.55 MB capacity,    45.07 MB ( 99%) used,   400.73 KB ( <1%) free+waste,    98.19 KB ( <1%) overhead. 

Virtual space:
  Non-class space:       42.00 MB reserved,      40.08 MB ( 95%) committed 
      Class space:        1.00 GB reserved,       5.63 MB ( <1%) committed 
             Both:        1.04 GB reserved,      45.70 MB (  4%) committed 

Chunk freelists:
   Non-Class:  75.00 KB
       Class:  15.00 KB
        Both:  90.00 KB

MaxMetaspaceSize: 17179869184.00 GB
CompressedClassSpaceSize: 1.00 GB
Initial GC threshold: 20.80 MB
Current GC threshold: 58.88 MB
CDS: off

CodeHeap 'non-profiled nmethods': size=120000Kb used=1291Kb max_used=1291Kb free=118708Kb
 bounds [0x0000016207ad0000, 0x0000016207d40000, 0x000001620f000000]
CodeHeap 'profiled nmethods': size=120000Kb used=6350Kb max_used=6350Kb free=113649Kb
 bounds [0x00000162005a0000, 0x0000016200be0000, 0x0000016207ad0000]
CodeHeap 'non-nmethods': size=5760Kb used=1265Kb max_used=1312Kb free=4494Kb
 bounds [0x0000016200000000, 0x0000016200270000, 0x00000162005a0000]
 total_blobs=3737 nmethods=3196 adapters=453
 compilation: enabled
              stopped_count=0, restarted_count=0
 full_count=0

Compilation events (20 events):
Event: 2.596 Thread 0x000001627b5a4000 nmethod 3194 0x0000016200bc7790 code [0x0000016200bc7b00, 0x0000016200bc8d78]
Event: 2.596 Thread 0x000001627b5a4000 3183       3       org.jetbrains.kotlin.metadata.ProtoBuf$Type$Argument$1::parsePartialFrom (7 bytes)
Event: 2.596 Thread 0x000001627b5a4000 nmethod 3183 0x0000016200bc9490 code [0x0000016200bc9660, 0x0000016200bc98c8]
Event: 2.596 Thread 0x000001627b5a4000 3184       3       org.jetbrains.kotlin.metadata.ProtoBuf$Type$Argument$1::parsePartialFrom (11 bytes)
Event: 2.596 Thread 0x000001627b5a4000 nmethod 3184 0x0000016200bc9a10 code [0x0000016200bc9be0, 0x0000016200bc9de8]
Event: 2.596 Thread 0x000001627b5a4000 3185       3       org.jetbrains.kotlin.metadata.ProtoBuf$Type$Argument::<init> (7 bytes)
Event: 2.596 Thread 0x000001627b5a4000 nmethod 3185 0x0000016200bc9f10 code [0x0000016200bca0c0, 0x0000016200bca1e8]
Event: 2.596 Thread 0x000001627b5a4000 3187       3       org.jetbrains.kotlin.metadata.ProtoBuf$Type$Argument::hasType (16 bytes)
Event: 2.596 Thread 0x000001627b5a4000 nmethod 3187 0x0000016200bca290 code [0x0000016200bca440, 0x0000016200bca598]
Event: 2.596 Thread 0x000001627b5a4000 3188       3       org.jetbrains.kotlin.metadata.ProtoBuf$Type$Argument::isInitialized (49 bytes)
Event: 2.596 Thread 0x000001627b5a4000 nmethod 3188 0x0000016200bca610 code [0x0000016200bca7e0, 0x0000016200bcab28]
Event: 2.596 Thread 0x000001627b5a4000 3191       1       org.jetbrains.kotlin.metadata.ProtoBuf$TypeParameter::getUpperBoundIdList (5 bytes)
Event: 2.596 Thread 0x000001627b5a4000 nmethod 3191 0x0000016207c12290 code [0x0000016207c12440, 0x0000016207c124f8]
Event: 2.596 Thread 0x000001627b5a4000 3197       3       org.jetbrains.kotlin.storage.DefaultSimpleLock::unlock (10 bytes)
Event: 2.596 Thread 0x000001627b5a4000 nmethod 3197 0x0000016200bcac10 code [0x0000016200bcadc0, 0x0000016200bcaf88]
Event: 2.596 Thread 0x000001627b5a4000 3199       3       org.jetbrains.kotlin.name.ClassId::equals (74 bytes)
Event: 2.597 Thread 0x000001627b5a4000 nmethod 3199 0x0000016200bcb090 code [0x0000016200bcb280, 0x0000016200bcb6f8]
Event: 2.597 Thread 0x000001627b5a4000 3198   !   3       org.jetbrains.kotlin.storage.LockBasedStorageManager$LockBasedLazyValue::invoke (257 bytes)
Event: 2.598 Thread 0x000001627b5a4000 nmethod 3198 0x0000016200bcb890 code [0x0000016200bcbc00, 0x0000016200bcd018]
Event: 2.598 Thread 0x000001627b5a4000 3200       3       org.jetbrains.kotlin.storage.LockBasedStorageManager$LockBasedNotNullLazyValue::invoke (35 bytes)

GC Heap History (10 events):
Event: 0.459 GC heap before
{Heap before GC invocations=0 (full 0):
 garbage-first heap   total 129024K, used 27648K [0x0000000082200000, 0x0000000100000000)
  region size 1024K, 24 young (24576K), 0 survivors (0K)
 Metaspace       used 12354K, capacity 12504K, committed 12800K, reserved 1060864K
  class space    used 1164K, capacity 1207K, committed 1280K, reserved 1048576K
}
Event: 0.462 GC heap after
{Heap after GC invocations=1 (full 0):
 garbage-first heap   total 129024K, used 5735K [0x0000000082200000, 0x0000000100000000)
  region size 1024K, 3 young (3072K), 3 survivors (3072K)
 Metaspace       used 12354K, capacity 12504K, committed 12800K, reserved 1060864K
  class space    used 1164K, capacity 1207K, committed 1280K, reserved 1048576K
}
Event: 0.952 GC heap before
{Heap before GC invocations=1 (full 0):
 garbage-first heap   total 129024K, used 41575K [0x0000000082200000, 0x0000000100000000)
  region size 1024K, 39 young (39936K), 3 survivors (3072K)
 Metaspace       used 20875K, capacity 21087K, committed 21296K, reserved 1069056K
  class space    used 2222K, capacity 2312K, committed 2432K, reserved 1048576K
}
Event: 0.963 GC heap after
{Heap after GC invocations=2 (full 0):
 garbage-first heap   total 129024K, used 9101K [0x0000000082200000, 0x0000000100000000)
  region size 1024K, 6 young (6144K), 6 survivors (6144K)
 Metaspace       used 20875K, capacity 21087K, committed 21296K, reserved 1069056K
  class space    used 2222K, capacity 2312K, committed 2432K, reserved 1048576K
}
Event: 1.687 GC heap before
{Heap before GC invocations=3 (full 0):
 garbage-first heap   total 129024K, used 64397K [0x0000000082200000, 0x0000000100000000)
  region size 1024K, 55 young (56320K), 6 survivors (6144K)
 Metaspace       used 33051K, capacity 33524K, committed 33712K, reserved 1079296K
  class space    used 4134K, capacity 4342K, committed 4352K, reserved 1048576K
}
Event: 1.701 GC heap after
{Heap after GC invocations=4 (full 0):
 garbage-first heap   total 129024K, used 20206K [0x0000000082200000, 0x0000000100000000)
  region size 1024K, 7 young (7168K), 7 survivors (7168K)
 Metaspace       used 33051K, capacity 33524K, committed 33712K, reserved 1079296K
  class space    used 4134K, capacity 4342K, committed 4352K, reserved 1048576K
}
Event: 1.860 GC heap before
{Heap before GC invocations=4 (full 0):
 garbage-first heap   total 129024K, used 32494K [0x0000000082200000, 0x0000000100000000)
  region size 1024K, 20 young (20480K), 7 survivors (7168K)
 Metaspace       used 35388K, capacity 35807K, committed 35920K, reserved 1081344K
  class space    used 4378K, capacity 4570K, committed 4608K, reserved 1048576K
}
Event: 1.875 GC heap after
{Heap after GC invocations=5 (full 0):
 garbage-first heap   total 129024K, used 20334K [0x0000000082200000, 0x0000000100000000)
  region size 1024K, 2 young (2048K), 2 survivors (2048K)
 Metaspace       used 35388K, capacity 35807K, committed 35920K, reserved 1081344K
  class space    used 4378K, capacity 4570K, committed 4608K, reserved 1048576K
}
Event: 2.520 GC heap before
{Heap before GC invocations=6 (full 0):
 garbage-first heap   total 129024K, used 68462K [0x0000000082200000, 0x0000000100000000)
  region size 1024K, 47 young (48128K), 2 survivors (2048K)
 Metaspace       used 45358K, capacity 45846K, committed 45904K, reserved 1089536K
  class space    used 5416K, capacity 5607K, committed 5632K, reserved 1048576K
}
Event: 2.528 GC heap after
{Heap after GC invocations=7 (full 0):
 garbage-first heap   total 163840K, used 26114K [0x0000000082200000, 0x0000000100000000)
  region size 1024K, 6 young (6144K), 6 survivors (6144K)
 Metaspace       used 45358K, capacity 45846K, committed 45904K, reserved 1089536K
  class space    used 5416K, capacity 5607K, committed 5632K, reserved 1048576K
}

Deoptimization events (20 events):
Event: 2.517 Thread 0x000001626fa6b000 DEOPT PACKING pc=0x0000016207bd1020 sp=0x0000000698cf8940
Event: 2.517 Thread 0x000001626fa6b000 DEOPT UNPACKING pc=0x000001620004a1af sp=0x0000000698cf8828 mode 2
Event: 2.518 Thread 0x000001626fa6b000 Uncommon trap: trap_request=0xffffffc6 fr.pc=0x0000016207bd1020 relative=0x00000000000005a0
Event: 2.518 Thread 0x000001626fa6b000 Uncommon trap: reason=bimorphic_or_optimized_type_check action=maybe_recompile pc=0x0000016207bd1020 method=org.jetbrains.kotlin.protobuf.CodedInputStream.tryRefillBuffer(I)Z @ 177 c2
Event: 2.518 Thread 0x000001626fa6b000 DEOPT PACKING pc=0x0000016207bd1020 sp=0x0000000698cf8690
Event: 2.518 Thread 0x000001626fa6b000 DEOPT UNPACKING pc=0x000001620004a1af sp=0x0000000698cf8578 mode 2
Event: 2.530 Thread 0x000001626fa6b000 Uncommon trap: trap_request=0xffffffc6 fr.pc=0x0000016207bd1020 relative=0x00000000000005a0
Event: 2.530 Thread 0x000001626fa6b000 Uncommon trap: reason=bimorphic_or_optimized_type_check action=maybe_recompile pc=0x0000016207bd1020 method=org.jetbrains.kotlin.protobuf.CodedInputStream.tryRefillBuffer(I)Z @ 177 c2
Event: 2.530 Thread 0x000001626fa6b000 DEOPT PACKING pc=0x0000016207bd1020 sp=0x0000000698cf8940
Event: 2.530 Thread 0x000001626fa6b000 DEOPT UNPACKING pc=0x000001620004a1af sp=0x0000000698cf8828 mode 2
Event: 2.550 Thread 0x000001626fa6b000 DEOPT PACKING pc=0x0000016200aaf47f sp=0x0000000698cf8aa0
Event: 2.550 Thread 0x000001626fa6b000 DEOPT UNPACKING pc=0x000001620004a95e sp=0x0000000698cf7ef0 mode 0
Event: 2.563 Thread 0x000001626fa6b000 Uncommon trap: trap_request=0xffffffc6 fr.pc=0x0000016207bd1020 relative=0x00000000000005a0
Event: 2.563 Thread 0x000001626fa6b000 Uncommon trap: reason=bimorphic_or_optimized_type_check action=maybe_recompile pc=0x0000016207bd1020 method=org.jetbrains.kotlin.protobuf.CodedInputStream.tryRefillBuffer(I)Z @ 177 c2
Event: 2.563 Thread 0x000001626fa6b000 DEOPT PACKING pc=0x0000016207bd1020 sp=0x0000000698cf8de0
Event: 2.563 Thread 0x000001626fa6b000 DEOPT UNPACKING pc=0x000001620004a1af sp=0x0000000698cf8cc8 mode 2
Event: 2.565 Thread 0x000001626fa6b000 Uncommon trap: trap_request=0xffffffc6 fr.pc=0x0000016207bcea54 relative=0x0000000000000274
Event: 2.565 Thread 0x000001626fa6b000 Uncommon trap: reason=bimorphic_or_optimized_type_check action=maybe_recompile pc=0x0000016207bcea54 method=org.jetbrains.kotlin.protobuf.CodedInputStream.tryRefillBuffer(I)Z @ 177 c2
Event: 2.565 Thread 0x000001626fa6b000 DEOPT PACKING pc=0x0000016207bcea54 sp=0x0000000698cf8d90
Event: 2.565 Thread 0x000001626fa6b000 DEOPT UNPACKING pc=0x000001620004a1af sp=0x0000000698cf8cc8 mode 2

Classes redefined (0 events):
No events

Internal exceptions (20 events):
Event: 1.154 Thread 0x000001626fa6b000 Exception <a 'java/lang/NoSuchMethodError'{0x00000000894efdb8}: 'java.lang.Object java.lang.invoke.DirectMethodHandle$Holder.invokeStatic(java.lang.Object, java.lang.Object, java.lang.Object, java.lang.Object, java.lang.Object, java.lang.Object, java.lang.Object, java.lang.Object, java.lang.Object, java.lang.Object, java.lang.Object, java.lang.Object, java.lang.Object, java.lang.Object, java.lang.Object)'> (0x00000000894efdb8) thrown at [./src/hotspot/share/interpreter/linkResolver.cpp, line 773]
Event: 1.154 Thread 0x000001626fa6b000 Exception <a 'java/lang/NoSuchMethodError'{0x00000000894fddc0}: 'java.lang.Object java.lang.invoke.DirectMethodHandle$Holder.invokeStatic(java.lang.Object, java.lang.Object, java.lang.Object, java.lang.Object, java.lang.Object, java.lang.Object, java.lang.Object, java.lang.Object, java.lang.Object, java.lang.Object, java.lang.Object, java.lang.Object, java.lang.Object, java.lang.Object, java.lang.Object, java.lang.Object)'> (0x00000000894fddc0) thrown at [./src/hotspot/share/interpreter/linkResolver.cpp, l
Event: 1.155 Thread 0x000001626fa6b000 Exception <a 'java/lang/NoSuchMethodError'{0x000000008930c490}: 'java.lang.Object java.lang.invoke.DirectMethodHandle$Holder.invokeSpecial(java.lang.Object, java.lang.Object, int, int, java.lang.Object, java.lang.Object, java.lang.Object)'> (0x000000008930c490) thrown at [./src/hotspot/share/interpreter/linkResolver.cpp, line 773]
Event: 1.155 Thread 0x000001626fa6b000 Exception <a 'java/lang/NoSuchMethodError'{0x000000008930fcc8}: 'java.lang.Object java.lang.invoke.DelegatingMethodHandle$Holder.reinvoke_L(java.lang.Object, int, int, java.lang.Object, java.lang.Object, java.lang.Object)'> (0x000000008930fcc8) thrown at [./src/hotspot/share/interpreter/linkResolver.cpp, line 773]
Event: 1.156 Thread 0x000001626fa6b000 Exception <a 'java/lang/NoSuchMethodError'{0x0000000089314050}: 'java.lang.Object java.lang.invoke.DirectMethodHandle$Holder.invokeStatic(java.lang.Object, java.lang.Object, java.lang.Object, java.lang.Object, int)'> (0x0000000089314050) thrown at [./src/hotspot/share/interpreter/linkResolver.cpp, line 773]
Event: 1.188 Thread 0x000001626fa6b000 Exception <a 'sun/nio/fs/WindowsException'{0x0000000089253248}> (0x0000000089253248) thrown at [./src/hotspot/share/prims/jni.cpp, line 615]
Event: 1.188 Thread 0x000001626fa6b000 Exception <a 'sun/nio/fs/WindowsException'{0x0000000089253ad0}> (0x0000000089253ad0) thrown at [./src/hotspot/share/prims/jni.cpp, line 615]
Event: 1.189 Thread 0x000001626fa6b000 Exception <a 'sun/nio/fs/WindowsException'{0x0000000089254368}> (0x0000000089254368) thrown at [./src/hotspot/share/prims/jni.cpp, line 615]
Event: 1.189 Thread 0x000001626fa6b000 Exception <a 'sun/nio/fs/WindowsException'{0x0000000089254d68}> (0x0000000089254d68) thrown at [./src/hotspot/share/prims/jni.cpp, line 615]
Event: 1.189 Thread 0x000001626fa6b000 Exception <a 'sun/nio/fs/WindowsException'{0x0000000089255670}> (0x0000000089255670) thrown at [./src/hotspot/share/prims/jni.cpp, line 615]
Event: 1.189 Thread 0x000001626fa6b000 Exception <a 'sun/nio/fs/WindowsException'{0x0000000089255fa8}> (0x0000000089255fa8) thrown at [./src/hotspot/share/prims/jni.cpp, line 615]
Event: 1.190 Thread 0x000001626fa6b000 Exception <a 'java/lang/NoSuchMethodError'{0x000000008925c858}: 'void java.lang.invoke.DirectMethodHandle$Holder.invokeStatic(java.lang.Object, java.lang.Object, java.lang.Object, java.lang.Object)'> (0x000000008925c858) thrown at [./src/hotspot/share/interpreter/linkResolver.cpp, line 773]
Event: 1.237 Thread 0x000001626fa6b000 Exception <a 'java/lang/NoSuchMethodError'{0x0000000088e3d418}: 'void java.lang.invoke.DirectMethodHandle$Holder.invokeStaticInit(java.lang.Object, java.lang.Object)'> (0x0000000088e3d418) thrown at [./src/hotspot/share/interpreter/linkResolver.cpp, line 773]
Event: 1.294 Thread 0x000001626fa6b000 Exception <a 'java/lang/NoSuchMethodError'{0x0000000088a5e960}: 'void java.lang.invoke.DirectMethodHandle$Holder.invokeVirtual(java.lang.Object, java.lang.Object)'> (0x0000000088a5e960) thrown at [./src/hotspot/share/interpreter/linkResolver.cpp, line 773]
Event: 1.301 Thread 0x000001626fa6b000 Exception <a 'java/lang/NoSuchMethodError'{0x0000000088ad06c8}: 'int java.lang.invoke.DirectMethodHandle$Holder.invokeVirtual(java.lang.Object, java.lang.Object)'> (0x0000000088ad06c8) thrown at [./src/hotspot/share/interpreter/linkResolver.cpp, line 773]
Event: 1.783 Thread 0x000001626fa6b000 Exception <a 'java/lang/NoSuchMethodError'{0x000000008995dea0}: 'java.lang.Object java.lang.invoke.DirectMethodHandle$Holder.invokeVirtual(java.lang.Object, java.lang.Object, java.lang.Object)'> (0x000000008995dea0) thrown at [./src/hotspot/share/interpreter/linkResolver.cpp, line 773]
Event: 2.299 Thread 0x000001626fa6b000 Exception <a 'java/lang/NoSuchMethodError'{0x0000000087ce4988}: 'java.lang.Object java.lang.invoke.Invokers$Holder.linkToTargetMethod(java.lang.Object, int, java.lang.Object)'> (0x0000000087ce4988) thrown at [./src/hotspot/share/interpreter/linkResolver.cpp, line 773]
Event: 2.336 Thread 0x000001626fa6b000 Exception <a 'java/lang/NoSuchMethodError'{0x0000000087a7d678}: 'java.lang.Object java.lang.invoke.DirectMethodHandle$Holder.invokeStatic(java.lang.Object, java.lang.Object, java.lang.Object, int)'> (0x0000000087a7d678) thrown at [./src/hotspot/share/interpreter/linkResolver.cpp, line 773]
Event: 2.336 Thread 0x000001626fa6b000 Exception <a 'java/lang/NoSuchMethodError'{0x0000000087a812e8}: 'java.lang.Object java.lang.invoke.DirectMethodHandle$Holder.invokeSpecial(java.lang.Object, java.lang.Object, java.lang.Object, java.lang.Object, int)'> (0x0000000087a812e8) thrown at [./src/hotspot/share/interpreter/linkResolver.cpp, line 773]
Event: 2.337 Thread 0x000001626fa6b000 Exception <a 'java/lang/NoSuchMethodError'{0x0000000087a845f8}: 'java.lang.Object java.lang.invoke.Invokers$Holder.linkToTargetMethod(java.lang.Object, java.lang.Object, int, java.lang.Object)'> (0x0000000087a845f8) thrown at [./src/hotspot/share/interpreter/linkResolver.cpp, line 773]

Events (20 events):
Event: 2.572 loading class org/jetbrains/kotlin/serialization/deserialization/descriptors/DeserializedContainerSource
Event: 2.572 loading class org/jetbrains/kotlin/serialization/deserialization/descriptors/DeserializedContainerSource done
Event: 2.572 loading class org/jetbrains/kotlin/serialization/deserialization/descriptors/DeserializedContainerAbiStability
Event: 2.572 loading class org/jetbrains/kotlin/serialization/deserialization/descriptors/DeserializedContainerAbiStability done
Event: 2.573 loading class org/jetbrains/kotlin/metadata/deserialization/ProtoBufUtilKt
Event: 2.573 loading class org/jetbrains/kotlin/metadata/deserialization/ProtoBufUtilKt done
Event: 2.573 loading class org/jetbrains/kotlin/metadata/jvm/deserialization/JvmNameResolver$WhenMappings
Event: 2.573 loading class org/jetbrains/kotlin/metadata/jvm/deserialization/JvmNameResolver$WhenMappings done
Event: 2.573 loading class org/jetbrains/kotlin/load/kotlin/DeserializedDescriptorResolver$createKotlinPackagePartScope$2
Event: 2.573 loading class org/jetbrains/kotlin/load/kotlin/DeserializedDescriptorResolver$createKotlinPackagePartScope$2 done
Event: 2.574 loading class org/jetbrains/kotlin/metadata/jvm/JvmProtoBuf$JvmPropertySignature$Builder
Event: 2.574 loading class org/jetbrains/kotlin/metadata/jvm/JvmProtoBuf$JvmPropertySignature$Builder done
Event: 2.585 loading class org/jetbrains/kotlin/metadata/ProtoBuf$TypeAlias
Event: 2.585 loading class org/jetbrains/kotlin/metadata/ProtoBuf$TypeAlias done
Event: 2.585 loading class org/jetbrains/kotlin/metadata/ProtoBuf$TypeAliasOrBuilder
Event: 2.585 loading class org/jetbrains/kotlin/metadata/ProtoBuf$TypeAliasOrBuilder done
Event: 2.587 loading class org/jetbrains/kotlin/metadata/ProtoBuf$TypeAlias$1
Event: 2.587 loading class org/jetbrains/kotlin/metadata/ProtoBuf$TypeAlias$1 done
Event: 2.597 loading class org/jetbrains/kotlin/load/java/typeEnhancement/SignatureEnhancement$SignatureParts
Event: 2.597 loading class org/jetbrains/kotlin/load/java/typeEnhancement/SignatureEnhancement$SignatureParts done


Dynamic libraries:
0x00007ff78ac00000 - 0x00007ff78ac0a000 	C:\Program Files\Android\Android Studio\jre\bin\java.exe
0x00007ffd22cf0000 - 0x00007ffd22ee5000 	C:\Windows\SYSTEM32\ntdll.dll
0x00007ffd21500000 - 0x00007ffd215bd000 	C:\Windows\System32\KERNEL32.DLL
0x00007ffd20a70000 - 0x00007ffd20d3d000 	C:\Windows\System32\KERNELBASE.dll
0x00007ffd20690000 - 0x00007ffd20790000 	C:\Windows\System32\ucrtbase.dll
0x00007ffd0b390000 - 0x00007ffd0b3a9000 	C:\Program Files\Android\Android Studio\jre\bin\jli.dll
0x00007ffd10290000 - 0x00007ffd102a7000 	C:\Program Files\Android\Android Studio\jre\bin\VCRUNTIME140.dll
0x00007ffd21640000 - 0x00007ffd217e0000 	C:\Windows\System32\USER32.dll
0x00007ffd20790000 - 0x00007ffd207b2000 	C:\Windows\System32\win32u.dll
0x00007ffd09dc0000 - 0x00007ffd0a05a000 	C:\Windows\WinSxS\amd64_microsoft.windows.common-controls_6595b64144ccf1df_6.0.19041.1110_none_60b5254171f9507e\COMCTL32.dll
0x00007ffd22070000 - 0x00007ffd2209a000 	C:\Windows\System32\GDI32.dll
0x00007ffd20810000 - 0x00007ffd2091b000 	C:\Windows\System32\gdi32full.dll
0x00007ffd221d0000 - 0x00007ffd2226e000 	C:\Windows\System32\msvcrt.dll
0x00007ffd20920000 - 0x00007ffd209bd000 	C:\Windows\System32\msvcp_win.dll
0x00007ffd22480000 - 0x00007ffd224b0000 	C:\Windows\System32\IMM32.DLL
0x00007ffcedd40000 - 0x00007ffcedddd000 	C:\Program Files\Android\Android Studio\jre\bin\msvcp140.dll
0x00007ffccdb60000 - 0x00007ffcce645000 	C:\Program Files\Android\Android Studio\jre\bin\server\jvm.dll
0x00007ffd217e0000 - 0x00007ffd2188e000 	C:\Windows\System32\ADVAPI32.dll
0x00007ffd21460000 - 0x00007ffd214fc000 	C:\Windows\System32\sechost.dll
0x00007ffd22340000 - 0x00007ffd22465000 	C:\Windows\System32\RPCRT4.dll
0x00007ffd225e0000 - 0x00007ffd225e8000 	C:\Windows\System32\PSAPI.DLL
0x00007ffd06780000 - 0x00007ffd06789000 	C:\Windows\SYSTEM32\WSOCK32.dll
0x00007ffd16d20000 - 0x00007ffd16d2a000 	C:\Windows\SYSTEM32\VERSION.dll
0x00007ffd09be0000 - 0x00007ffd09c07000 	C:\Windows\SYSTEM32\WINMM.dll
0x00007ffd22570000 - 0x00007ffd225db000 	C:\Windows\System32\WS2_32.dll
0x00007ffd1ece0000 - 0x00007ffd1ecf2000 	C:\Windows\SYSTEM32\kernel.appcore.dll
0x00007ffd17a40000 - 0x00007ffd17a51000 	C:\Program Files\Android\Android Studio\jre\bin\verify.dll
0x00007ffd1b1b0000 - 0x00007ffd1b394000 	C:\Windows\SYSTEM32\DBGHELP.DLL
0x00007ffd04340000 - 0x00007ffd0436c000 	C:\Windows\SYSTEM32\dbgcore.DLL
0x00007ffd205d0000 - 0x00007ffd20652000 	C:\Windows\System32\bcryptPrimitives.dll
0x00007ffd10260000 - 0x00007ffd10289000 	C:\Program Files\Android\Android Studio\jre\bin\java.dll
0x00007ffd1a6e0000 - 0x00007ffd1a6eb000 	C:\Program Files\Android\Android Studio\jre\bin\jimage.dll
0x00007ffd17790000 - 0x00007ffd177a8000 	C:\Program Files\Android\Android Studio\jre\bin\zip.dll
0x00007ffd21920000 - 0x00007ffd22064000 	C:\Windows\System32\SHELL32.dll
0x00007ffd1e4b0000 - 0x00007ffd1ec44000 	C:\Windows\SYSTEM32\windows.storage.dll
0x00007ffd20f00000 - 0x00007ffd21254000 	C:\Windows\System32\combase.dll
0x00007ffd1fd90000 - 0x00007ffd1fdbc000 	C:\Windows\SYSTEM32\Wldp.dll
0x00007ffd22290000 - 0x00007ffd2233d000 	C:\Windows\System32\SHCORE.dll
0x00007ffd225f0000 - 0x00007ffd22645000 	C:\Windows\System32\shlwapi.dll
0x00007ffd20340000 - 0x00007ffd2035f000 	C:\Windows\SYSTEM32\profapi.dll
0x00007ffd17440000 - 0x00007ffd1745a000 	C:\Program Files\Android\Android Studio\jre\bin\net.dll
0x00007ffd0aec0000 - 0x00007ffd0afca000 	C:\Windows\SYSTEM32\WINHTTP.dll
0x00007ffd1faf0000 - 0x00007ffd1fb5a000 	C:\Windows\system32\mswsock.dll
0x00007ffd16e60000 - 0x00007ffd16e74000 	C:\Program Files\Android\Android Studio\jre\bin\nio.dll

dbghelp: loaded successfully - version: 4.0.5 - missing functions: none
symbol engine: initialized successfully - sym options: 0x614 - pdb path: .;C:\Program Files\Android\Android Studio\jre\bin;C:\Windows\SYSTEM32;C:\Windows\WinSxS\amd64_microsoft.windows.common-controls_6595b64144ccf1df_6.0.19041.1110_none_60b5254171f9507e;C:\Program Files\Android\Android Studio\jre\bin\server

VM Arguments:
java_command: org.jetbrains.kotlin.cli.jvm.K2JVMCompiler @C:\Users\usuario\AndroidStudioProjects\MyApplication\app\build\20220607_9709889366707860979.compiler.options
java_class_path (initial): C:\Users\usuario\.gradle\caches\modules-2\files-2.1\org.jetbrains.kotlin\kotlin-compiler-embeddable\1.6.10\88f2073f4020cdb83132cfe940ceb9a60aba54ea\kotlin-compiler-embeddable-1.6.10.jar;C:\Users\usuario\.gradle\caches\modules-2\files-2.1\org.jetbrains.kotlin\kotlin-reflect\1.6.10\1cbe9c92c12a94eea200d23c2bbaedaf3daf5132\kotlin-reflect-1.6.10.jar;C:\Users\usuario\.gradle\caches\modules-2\files-2.1\org.jetbrains.kotlin\kotlin-stdlib\1.6.10\b8af3fe6f1ca88526914929add63cf5e7c5049af\kotlin-stdlib-1.6.10.jar;C:\Users\usuario\.gradle\caches\modules-2\files-2.1\org.jetbrains.kotlin\kotlin-script-runtime\1.6.10\d0a7ff2e2500ef497ed0214ae40ad3c8387a6164\kotlin-script-runtime-1.6.10.jar;C:\Users\usuario\.gradle\caches\modules-2\files-2.1\org.jetbrains.kotlin\kotlin-daemon-embeddable\1.6.10\a56d79bcbea411fa6058e4ecffc2de73e742bd2a\kotlin-daemon-embeddable-1.6.10.jar;C:\Users\usuario\.gradle\caches\modules-2\files-2.1\org.jetbrains.intellij.deps\trove4j\1.0.20181211\216c2e14b070f334479d800987affe4054cd563f\trove4j-1.0.20181211.jar;C:\Users\usuario\.gradle\caches\modules-2\files-2.1\net.java.dev.jna\jna\5.6.0\330f2244e9030119ab3030fc3fededc86713d9cc\jna-5.6.0.jar;C:\Users\usuario\.gradle\caches\modules-2\files-2.1\org.jetbrains\annotations\13.0\919f0dfe192fb4e063e7dacadee7f8bb9a2672a9\annotations-13.0.jar;C:\Users\usuario\.gradle\caches\modules-2\files-2.1\org.jetbrains.kotlin\kotlin-stdlib-common\1.6.10\c118700e3a33c8a0d9adc920e9dec0831171925\kotlin-stdlib-common-1.6.10.jar
Launcher Type: SUN_STANDARD

[Global flags]
     intx CICompilerCount                          = 4                                         {product} {ergonomic}
     uint ConcGCThreads                            = 2                                         {product} {ergonomic}
     uint G1ConcRefinementThreads                  = 8                                         {product} {ergonomic}
   size_t G1HeapRegionSize                         = 1048576                                   {product} {ergonomic}
    uintx GCDrainStackTargetSize                   = 64                                        {product} {ergonomic}
   size_t InitialHeapSize                          = 132120576                                 {product} {ergonomic}
   size_t MarkStackSize                            = 4194304                                   {product} {ergonomic}
   size_t MaxHeapSize                              = 2111832064                                {product} {ergonomic}
   size_t MaxNewSize                               = 1266679808                                {product} {ergonomic}
   size_t MinHeapDeltaBytes                        = 1048576                                   {product} {ergonomic}
    uintx NonNMethodCodeHeapSize                   = 5836300                                {pd product} {ergonomic}
    uintx NonProfiledCodeHeapSize                  = 122910970                              {pd product} {ergonomic}
    uintx ProfiledCodeHeapSize                     = 122910970                              {pd product} {ergonomic}
    uintx ReservedCodeCacheSize                    = 251658240                              {pd product} {ergonomic}
     bool SegmentedCodeCache                       = true                                      {product} {ergonomic}
     bool UseCompressedClassPointers               = true                                 {lp64_product} {ergonomic}
     bool UseCompressedOops                        = true                                 {lp64_product} {ergonomic}
     bool UseG1GC                                  = true                                      {product} {ergonomic}
     bool UseLargePagesIndividualAllocation        = false                                  {pd product} {ergonomic}

Logging:
Log output configuration:
 #0: stdout all=warning uptime,level,tags
 #1: stderr all=off uptime,level,tags

Environment Variables:
PATH=C:\Program Files\Common Files\Oracle\Java\javapath;C:\Windows\system32;C:\Windows;C:\Windows\System32\Wbem;C:\Windows\System32\WindowsPowerShell\v1.0\;C:\Windows\System32\OpenSSH\;C:\Program Files (x86)\Intel\Intel(R) Management Engine Components\DAL;C:\Program Files\Intel\Intel(R) Management Engine Components\DAL;C:\ProgramData\UNIVALI\Portugol Studio;C:\Program Files\nodejs\;C:\Program Files\Git\cmd;C:\Users\usuario\AppData\Local\Microsoft\WindowsApps;C:\Users\usuario\AppData\Local\GitHubDesktop\bin;C:\Users\usuario\AppData\Local\Programs\Microsoft VS Code\bin;C:\Users\usuario\AppData\Roaming\npm;C:\Program Files\JetBrains\IntelliJ IDEA Community Edition 2022.1.1\bin;
USERNAME=usuario
OS=Windows_NT
PROCESSOR_IDENTIFIER=Intel64 Family 6 Model 142 Stepping 10, GenuineIntel



---------------  S Y S T E M  ---------------

OS: Windows 10 , 64 bit Build 19041 (10.0.19041.1706)
OS uptime: 3 days 4:00 hours

CPU:total 8 (initial active 8) (4 cores per cpu, 2 threads per core) family 6 model 142 stepping 10 microcode 0xe0, cmov, cx8, fxsr, mmx, sse, sse2, sse3, ssse3, sse4.1, sse4.2, popcnt, avx, avx2, aes, clmul, erms, 3dnowpref, lzcnt, ht, tsc, tscinvbit, bmi1, bmi2, adx, fma

Memory: 4k page, system-wide physical 8050M (546M free)
TotalPageFile size 12146M (AvailPageFile size 5M)
current process WorkingSet (physical memory assigned to process): 254M, peak: 256M
current process commit charge ("private bytes"): 368M, peak: 370M

vm_info: OpenJDK 64-Bit Server VM (11.0.12+7-b1504.28-7817840) for windows-amd64 JRE (11.0.12+7-b1504.28-7817840), built on Oct 13 2021 22:12:33 by "builder" with MS VC++ 14.0 (VS2015)

END.
