#
# There is insufficient memory for the Java Runtime Environment to continue.
# Native memory allocation (mmap) failed to map 39845888 bytes for Failed to commit area from 0x000000008c600000 to 0x000000008ec00000 of length 39845888.
# Possible reasons:
#   The system is out of physical RAM or swap space
#   The process is running with CompressedOops enabled, and the Java Heap may be blocking the growth of the native heap
# Possible solutions:
#   Reduce memory load on the system
#   Increase physical memory or swap space
#   Check if swap backing store is full
#   Decrease Java heap size (-Xmx/-Xms)
#   Decrease number of Java threads
#   Decrease Java thread stack sizes (-Xss)
#   Set larger code cache with -XX:ReservedCodeCacheSize=
#   JVM is running with Unscaled Compressed Oops mode in which the Java heap is
#     placed in the first 4GB address space. The Java Heap base address is the
#     maximum limit for the native heap growth. Please use -XX:HeapBaseMinAddress
#     to set the Java Heap base and to place the Java Heap above 4GB virtual address.
# This output file may be truncated or incomplete.
#
#  Out of Memory Error (./src/hotspot/os/windows/os_windows.cpp:3521), pid=7456, tid=9620
#
# JRE version: OpenJDK Runtime Environment (11.0.12+7) (build 11.0.12+7-b1504.28-7817840)
# Java VM: OpenJDK 64-Bit Server VM (11.0.12+7-b1504.28-7817840, mixed mode, tiered, compressed oops, g1 gc, windows-amd64)
# No core dump will be written. Minidumps are not enabled by default on client versions of Windows
#

---------------  S U M M A R Y ------------

Command Line: org.jetbrains.kotlin.cli.jvm.K2JVMCompiler @C:\Users\usuario\AndroidStudioProjects\MyApplication\app\build\20220607_4334698223797692969.compiler.options

Host: Intel(R) Core(TM) i5-8250U CPU @ 1.60GHz, 8 cores, 7G,  Windows 10 , 64 bit Build 19041 (10.0.19041.1706)
Time: Tue Jun  7 19:32:59 2022 Hora oficial do Brasil elapsed time: 5.294888 seconds (0d 0h 0m 5s)

---------------  T H R E A D  ---------------

Current thread (0x000002e120166000):  VMThread "VM Thread" [stack: 0x000000e498a00000,0x000000e498b00000] [id=9620]

Stack: [0x000000e498a00000,0x000000e498b00000]
[error occurred during error reporting (printing stack bounds), id 0xc0000005, EXCEPTION_ACCESS_VIOLATION (0xc0000005) at pc=0x000002e10917112d]

Native frames: (J=compiled Java code, j=interpreted, Vv=VM code, C=native code)
V  [jvm.dll+0x5fbcea]
V  [jvm.dll+0x731905]
V  [jvm.dll+0x732f1d]
V  [jvm.dll+0x733535]
V  [jvm.dll+0x7334eb]
V  [jvm.dll+0x5fb080]
V  [jvm.dll+0x5fb818]
C  [ntdll.dll+0xa209f]
C  [ntdll.dll+0x51454]
C  [ntdll.dll+0xa0bce]
C  0x000002e10917112d

VM_Operation (0x000000e4984fcc20): G1CollectForAllocation, mode: safepoint, requested by thread 0x000002e10563b800


---------------  P R O C E S S  ---------------

Threads class SMR info:
_java_thread_list=0x000002e123bf5f10, length=11, elements={
0x000002e10563b800, 0x000002e12018b800, 0x000002e120195000, 0x000002e120b27800,
0x000002e120b2a000, 0x000002e120b2c000, 0x000002e120b31000, 0x000002e120b32800,
0x000002e120b33800, 0x000002e120c9c000, 0x000002e120c95800
}

Java Threads: ( => current thread )
  0x000002e10563b800 JavaThread "main" [_thread_blocked, id=12512, stack(0x000000e498400000,0x000000e498500000)]
  0x000002e12018b800 JavaThread "Reference Handler" daemon [_thread_blocked, id=12016, stack(0x000000e498b00000,0x000000e498c00000)]
  0x000002e120195000 JavaThread "Finalizer" daemon [_thread_blocked, id=13800, stack(0x000000e498c00000,0x000000e498d00000)]
  0x000002e120b27800 JavaThread "Signal Dispatcher" daemon [_thread_blocked, id=6628, stack(0x000000e498d00000,0x000000e498e00000)]
  0x000002e120b2a000 JavaThread "Attach Listener" daemon [_thread_blocked, id=8480, stack(0x000000e498e00000,0x000000e498f00000)]
  0x000002e120b2c000 JavaThread "Service Thread" daemon [_thread_blocked, id=8048, stack(0x000000e498f00000,0x000000e499000000)]
  0x000002e120b31000 JavaThread "C2 CompilerThread0" daemon [_thread_blocked, id=6496, stack(0x000000e499000000,0x000000e499100000)]
  0x000002e120b32800 JavaThread "C1 CompilerThread0" daemon [_thread_blocked, id=3972, stack(0x000000e499100000,0x000000e499200000)]
  0x000002e120b33800 JavaThread "Sweeper thread" daemon [_thread_blocked, id=10664, stack(0x000000e499200000,0x000000e499300000)]
  0x000002e120c9c000 JavaThread "Common-Cleaner" daemon [_thread_blocked, id=11124, stack(0x000000e499400000,0x000000e499500000)]
  0x000002e120c95800 JavaThread "C2 CompilerThread1" daemon [_thread_in_native, id=10192, stack(0x000000e499500000,0x000000e499600000)]

Other Threads:
=>0x000002e120166000 VMThread "VM Thread" [stack: 0x000000e498a00000,0x000000e498b00000] [id=9620]
  0x000002e120c8a800 WatcherThread [stack: 0x000000e499300000,0x000000e499400000] [id=3372]
  0x000002e105652800 GCTaskThread "GC Thread#0" [stack: 0x000000e498500000,0x000000e498600000] [id=14916]
  0x000002e121310800 GCTaskThread "GC Thread#1" [stack: 0x000000e499700000,0x000000e499800000] [id=7484]
  0x000002e121365000 GCTaskThread "GC Thread#2" [stack: 0x000000e499800000,0x000000e499900000] [id=9332]
  0x000002e105682000 ConcurrentGCThread "G1 Main Marker" [stack: 0x000000e498600000,0x000000e498700000] [id=7852]
  0x000002e105684800 ConcurrentGCThread "G1 Conc#0" [stack: 0x000000e498700000,0x000000e498800000] [id=7152]
  0x000002e121690000 ConcurrentGCThread "G1 Conc#1" [stack: 0x000000e499900000,0x000000e499a00000] [id=14868]
  0x000002e105714800 ConcurrentGCThread "G1 Refine#0" [stack: 0x000000e498800000,0x000000e498900000] [id=12544]
  0x000002e122eae800 ConcurrentGCThread "G1 Refine#1" [stack: 0x000000e499600000,0x000000e499700000] [id=15712]
  0x000002e11ffd0800 ConcurrentGCThread "G1 Young RemSet Sampling" [stack: 0x000000e498900000,0x000000e498a00000] [id=14880]

Threads with active compile tasks:
C2 CompilerThread0   5303 7415       4       org.jetbrains.kotlin.types.ClassifierBasedTypeConstructor::hashCode (61 bytes)
C1 CompilerThread0   5303 7550       3       org.jetbrains.kotlin.ir.declarations.impl.IrFunctionCommonImpl::<init> (149 bytes)
C2 CompilerThread1   5304 7533       4       org.jetbrains.kotlin.backend.common.serialization.mangle.MangleUtilsKt::collectForMangler (167 bytes)

VM state:at safepoint (normal execution)

VM Mutex/Monitor currently owned by a thread:  ([mutex/lock_event])
[0x000002e105637320] Threads_lock - owner thread: 0x000002e120166000
[0x000002e105636360] Heap_lock - owner thread: 0x000002e10563b800

Heap address: 0x0000000082200000, size: 2014 MB, Compressed Oops mode: 32-bit
Narrow klass base: 0x0000000000000000, Narrow klass shift: 3
Compressed class space size: 1073741824 Address: 0x0000000100000000

Heap:
 garbage-first heap   total 206848K, used 51692K [0x0000000082200000, 0x0000000100000000)
  region size 1024K, 7 young (7168K), 7 survivors (7168K)
 Metaspace       used 66388K, capacity 67148K, committed 67336K, reserved 1110016K
  class space    used 7609K, capacity 7922K, committed 7936K, reserved 1048576K
Heap Regions: E=young(eden), S=young(survivor), O=old, HS=humongous(starts), HC=humongous(continues), CS=collection set, F=free, A=archive, TAMS=top-at-mark-start (previous, next)
|   0|0x0000000082200000, 0x0000000082300000, 0x0000000082300000|100%|HS|  |TAMS 0x0000000082300000, 0x0000000082200000| Complete 
|   1|0x0000000082300000, 0x0000000082400000, 0x0000000082400000|100%|HC|  |TAMS 0x0000000082400000, 0x0000000082300000| Complete 
|   2|0x0000000082400000, 0x0000000082500000, 0x0000000082500000|100%|HC|  |TAMS 0x0000000082500000, 0x0000000082400000| Complete 
|   3|0x0000000082500000, 0x0000000082600000, 0x0000000082600000|100%|HS|  |TAMS 0x0000000082600000, 0x0000000082500000| Complete 
|   4|0x0000000082600000, 0x0000000082700000, 0x0000000082700000|100%|HC|  |TAMS 0x0000000082700000, 0x0000000082600000| Complete 
|   5|0x0000000082700000, 0x0000000082800000, 0x0000000082800000|100%|HC|  |TAMS 0x0000000082800000, 0x0000000082700000| Complete 
|   6|0x0000000082800000, 0x0000000082900000, 0x0000000082900000|100%|HS|  |TAMS 0x0000000082900000, 0x0000000082800000| Complete 
|   7|0x0000000082900000, 0x0000000082a00000, 0x0000000082a00000|100%|HC|  |TAMS 0x0000000082a00000, 0x0000000082900000| Complete 
|   8|0x0000000082a00000, 0x0000000082b00000, 0x0000000082b00000|100%| O|  |TAMS 0x0000000082b00000, 0x0000000082a00000| Untracked 
|   9|0x0000000082b00000, 0x0000000082c00000, 0x0000000082c00000|100%| O|  |TAMS 0x0000000082c00000, 0x0000000082b00000| Untracked 
|  10|0x0000000082c00000, 0x0000000082d00000, 0x0000000082d00000|100%| O|  |TAMS 0x0000000082d00000, 0x0000000082c00000| Untracked 
|  11|0x0000000082d00000, 0x0000000082e00000, 0x0000000082e00000|100%| O|  |TAMS 0x0000000082e00000, 0x0000000082d00000| Untracked 
|  12|0x0000000082e00000, 0x0000000082f00000, 0x0000000082f00000|100%| O|  |TAMS 0x0000000082f00000, 0x0000000082e00000| Untracked 
|  13|0x0000000082f00000, 0x0000000083000000, 0x0000000083000000|100%| O|  |TAMS 0x0000000083000000, 0x0000000082f00000| Untracked 
|  14|0x0000000083000000, 0x0000000083100000, 0x0000000083100000|100%| O|  |TAMS 0x0000000083100000, 0x0000000083000000| Untracked 
|  15|0x0000000083100000, 0x0000000083200000, 0x0000000083200000|100%| O|  |TAMS 0x0000000083200000, 0x0000000083100000| Untracked 
|  16|0x0000000083200000, 0x0000000083300000, 0x0000000083300000|100%| O|  |TAMS 0x0000000083300000, 0x0000000083200000| Untracked 
|  17|0x0000000083300000, 0x0000000083400000, 0x0000000083400000|100%| O|  |TAMS 0x0000000083400000, 0x0000000083300000| Untracked 
|  18|0x0000000083400000, 0x0000000083500000, 0x0000000083500000|100%| O|  |TAMS 0x0000000083500000, 0x0000000083400000| Untracked 
|  19|0x0000000083500000, 0x0000000083600000, 0x0000000083600000|100%| O|  |TAMS 0x0000000083600000, 0x0000000083500000| Untracked 
|  20|0x0000000083600000, 0x0000000083700000, 0x0000000083700000|100%| O|  |TAMS 0x0000000083700000, 0x0000000083600000| Untracked 
|  21|0x0000000083700000, 0x0000000083800000, 0x0000000083800000|100%| O|  |TAMS 0x0000000083800000, 0x0000000083700000| Untracked 
|  22|0x0000000083800000, 0x0000000083900000, 0x0000000083900000|100%| O|  |TAMS 0x0000000083900000, 0x0000000083800000| Untracked 
|  23|0x0000000083900000, 0x0000000083a00000, 0x0000000083a00000|100%| O|  |TAMS 0x0000000083a00000, 0x0000000083900000| Untracked 
|  24|0x0000000083a00000, 0x0000000083b00000, 0x0000000083b00000|100%| O|  |TAMS 0x0000000083b00000, 0x0000000083a00000| Untracked 
|  25|0x0000000083b00000, 0x0000000083c00000, 0x0000000083c00000|100%| O|  |TAMS 0x0000000083c00000, 0x0000000083b00000| Untracked 
|  26|0x0000000083c00000, 0x0000000083d00000, 0x0000000083d00000|100%| O|  |TAMS 0x0000000083d00000, 0x0000000083c00000| Untracked 
|  27|0x0000000083d00000, 0x0000000083e00000, 0x0000000083e00000|100%| O|  |TAMS 0x0000000083e00000, 0x0000000083d00000| Untracked 
|  28|0x0000000083e00000, 0x0000000083f00000, 0x0000000083f00000|100%| O|  |TAMS 0x0000000083f00000, 0x0000000083e00000| Untracked 
|  29|0x0000000083f00000, 0x0000000084000000, 0x0000000084000000|100%| O|  |TAMS 0x0000000084000000, 0x0000000083f00000| Untracked 
|  30|0x0000000084000000, 0x0000000084100000, 0x0000000084100000|100%| O|  |TAMS 0x0000000084100000, 0x0000000084000000| Untracked 
|  31|0x0000000084100000, 0x0000000084200000, 0x0000000084200000|100%| O|  |TAMS 0x0000000084200000, 0x0000000084100000| Untracked 
|  32|0x0000000084200000, 0x0000000084300000, 0x0000000084300000|100%| O|  |TAMS 0x0000000084300000, 0x0000000084200000| Untracked 
|  33|0x0000000084300000, 0x0000000084400000, 0x0000000084400000|100%| O|  |TAMS 0x0000000084400000, 0x0000000084300000| Untracked 
|  34|0x0000000084400000, 0x0000000084500000, 0x0000000084500000|100%| O|  |TAMS 0x0000000084500000, 0x0000000084400000| Untracked 
|  35|0x0000000084500000, 0x0000000084600000, 0x0000000084600000|100%| O|  |TAMS 0x0000000084600000, 0x0000000084500000| Untracked 
|  36|0x0000000084600000, 0x0000000084700000, 0x0000000084700000|100%| O|  |TAMS 0x0000000084700000, 0x0000000084600000| Untracked 
|  37|0x0000000084700000, 0x0000000084800000, 0x0000000084800000|100%| O|  |TAMS 0x0000000084800000, 0x0000000084700000| Untracked 
|  38|0x0000000084800000, 0x0000000084900000, 0x0000000084900000|100%| O|  |TAMS 0x0000000084900000, 0x0000000084800000| Untracked 
|  39|0x0000000084900000, 0x0000000084a00000, 0x0000000084a00000|100%| O|  |TAMS 0x0000000084a00000, 0x0000000084900000| Untracked 
|  40|0x0000000084a00000, 0x0000000084b00000, 0x0000000084b00000|100%| O|  |TAMS 0x0000000084ac9a00, 0x0000000084a00000| Untracked 
|  41|0x0000000084b00000, 0x0000000084c00000, 0x0000000084c00000|100%| O|  |TAMS 0x0000000084b00000, 0x0000000084b00000| Untracked 
|  42|0x0000000084c00000, 0x0000000084d00000, 0x0000000084d00000|100%| O|  |TAMS 0x0000000084c00000, 0x0000000084c00000| Untracked 
|  43|0x0000000084d00000, 0x0000000084d7b200, 0x0000000084e00000| 48%| O|  |TAMS 0x0000000084d00000, 0x0000000084d00000| Untracked 
|  44|0x0000000084e00000, 0x0000000084e00000, 0x0000000084f00000|  0%| F|  |TAMS 0x0000000084e00000, 0x0000000084e00000| Untracked 
|  45|0x0000000084f00000, 0x0000000084f00000, 0x0000000085000000|  0%| F|  |TAMS 0x0000000084f00000, 0x0000000084f00000| Untracked 
|  46|0x0000000085000000, 0x0000000085000000, 0x0000000085100000|  0%| F|  |TAMS 0x0000000085000000, 0x0000000085000000| Untracked 
|  47|0x0000000085100000, 0x0000000085100000, 0x0000000085200000|  0%| F|  |TAMS 0x0000000085100000, 0x0000000085100000| Untracked 
|  48|0x0000000085200000, 0x0000000085200000, 0x0000000085300000|  0%| F|  |TAMS 0x0000000085200000, 0x0000000085200000| Untracked 
|  49|0x0000000085300000, 0x0000000085300000, 0x0000000085400000|  0%| F|  |TAMS 0x0000000085300000, 0x0000000085300000| Untracked 
|  50|0x0000000085400000, 0x0000000085400000, 0x0000000085500000|  0%| F|  |TAMS 0x0000000085400000, 0x0000000085400000| Untracked 
|  51|0x0000000085500000, 0x0000000085500000, 0x0000000085600000|  0%| F|  |TAMS 0x0000000085500000, 0x0000000085500000| Untracked 
|  52|0x0000000085600000, 0x0000000085600000, 0x0000000085700000|  0%| F|  |TAMS 0x0000000085600000, 0x0000000085600000| Untracked 
|  53|0x0000000085700000, 0x0000000085700000, 0x0000000085800000|  0%| F|  |TAMS 0x0000000085700000, 0x0000000085700000| Untracked 
|  54|0x0000000085800000, 0x0000000085800000, 0x0000000085900000|  0%| F|  |TAMS 0x0000000085800000, 0x0000000085800000| Untracked 
|  55|0x0000000085900000, 0x0000000085900000, 0x0000000085a00000|  0%| F|  |TAMS 0x0000000085900000, 0x0000000085900000| Untracked 
|  56|0x0000000085a00000, 0x0000000085a00000, 0x0000000085b00000|  0%| F|  |TAMS 0x0000000085a00000, 0x0000000085a00000| Untracked 
|  57|0x0000000085b00000, 0x0000000085b00000, 0x0000000085c00000|  0%| F|  |TAMS 0x0000000085b00000, 0x0000000085b00000| Untracked 
|  58|0x0000000085c00000, 0x0000000085c00000, 0x0000000085d00000|  0%| F|  |TAMS 0x0000000085c00000, 0x0000000085c00000| Untracked 
|  59|0x0000000085d00000, 0x0000000085d00000, 0x0000000085e00000|  0%| F|  |TAMS 0x0000000085d00000, 0x0000000085d00000| Untracked 
|  60|0x0000000085e00000, 0x0000000085e00000, 0x0000000085f00000|  0%| F|  |TAMS 0x0000000085e00000, 0x0000000085e00000| Untracked 
|  61|0x0000000085f00000, 0x0000000085f00000, 0x0000000086000000|  0%| F|  |TAMS 0x0000000085f00000, 0x0000000085f00000| Untracked 
|  62|0x0000000086000000, 0x0000000086000000, 0x0000000086100000|  0%| F|  |TAMS 0x0000000086000000, 0x0000000086000000| Untracked 
|  63|0x0000000086100000, 0x0000000086100000, 0x0000000086200000|  0%| F|  |TAMS 0x0000000086100000, 0x0000000086100000| Untracked 
|  64|0x0000000086200000, 0x0000000086200000, 0x0000000086300000|  0%| F|  |TAMS 0x0000000086200000, 0x0000000086200000| Untracked 
|  65|0x0000000086300000, 0x0000000086300000, 0x0000000086400000|  0%| F|  |TAMS 0x0000000086300000, 0x0000000086300000| Untracked 
|  66|0x0000000086400000, 0x0000000086400000, 0x0000000086500000|  0%| F|  |TAMS 0x0000000086400000, 0x0000000086400000| Untracked 
|  67|0x0000000086500000, 0x0000000086500000, 0x0000000086600000|  0%| F|  |TAMS 0x0000000086500000, 0x0000000086500000| Untracked 
|  68|0x0000000086600000, 0x0000000086600000, 0x0000000086700000|  0%| F|  |TAMS 0x0000000086600000, 0x0000000086600000| Untracked 
|  69|0x0000000086700000, 0x0000000086700000, 0x0000000086800000|  0%| F|  |TAMS 0x0000000086700000, 0x0000000086700000| Untracked 
|  70|0x0000000086800000, 0x0000000086800000, 0x0000000086900000|  0%| F|  |TAMS 0x0000000086800000, 0x0000000086800000| Untracked 
|  71|0x0000000086900000, 0x0000000086900000, 0x0000000086a00000|  0%| F|  |TAMS 0x0000000086900000, 0x0000000086900000| Untracked 
|  72|0x0000000086a00000, 0x0000000086a00000, 0x0000000086b00000|  0%| F|  |TAMS 0x0000000086a00000, 0x0000000086a00000| Untracked 
|  73|0x0000000086b00000, 0x0000000086b00000, 0x0000000086c00000|  0%| F|  |TAMS 0x0000000086b00000, 0x0000000086b00000| Untracked 
|  74|0x0000000086c00000, 0x0000000086c00000, 0x0000000086d00000|  0%| F|  |TAMS 0x0000000086c00000, 0x0000000086c00000| Untracked 
|  75|0x0000000086d00000, 0x0000000086d00000, 0x0000000086e00000|  0%| F|  |TAMS 0x0000000086d00000, 0x0000000086d00000| Untracked 
|  76|0x0000000086e00000, 0x0000000086e00000, 0x0000000086f00000|  0%| F|  |TAMS 0x0000000086e00000, 0x0000000086e00000| Untracked 
|  77|0x0000000086f00000, 0x0000000086f00000, 0x0000000087000000|  0%| F|  |TAMS 0x0000000086f00000, 0x0000000086f00000| Untracked 
|  78|0x0000000087000000, 0x0000000087000000, 0x0000000087100000|  0%| F|  |TAMS 0x0000000087000000, 0x0000000087000000| Untracked 
|  79|0x0000000087100000, 0x0000000087100000, 0x0000000087200000|  0%| F|  |TAMS 0x0000000087100000, 0x0000000087100000| Untracked 
|  80|0x0000000087200000, 0x0000000087200000, 0x0000000087300000|  0%| F|  |TAMS 0x0000000087200000, 0x0000000087200000| Untracked 
|  81|0x0000000087300000, 0x0000000087300000, 0x0000000087400000|  0%| F|  |TAMS 0x0000000087300000, 0x0000000087300000| Untracked 
|  82|0x0000000087400000, 0x0000000087400000, 0x0000000087500000|  0%| F|  |TAMS 0x0000000087400000, 0x0000000087400000| Untracked 
|  83|0x0000000087500000, 0x0000000087500000, 0x0000000087600000|  0%| F|  |TAMS 0x0000000087500000, 0x0000000087500000| Untracked 
|  84|0x0000000087600000, 0x0000000087600000, 0x0000000087700000|  0%| F|  |TAMS 0x0000000087600000, 0x0000000087600000| Untracked 
|  85|0x0000000087700000, 0x0000000087700000, 0x0000000087800000|  0%| F|  |TAMS 0x0000000087700000, 0x0000000087700000| Untracked 
|  86|0x0000000087800000, 0x0000000087800000, 0x0000000087900000|  0%| F|  |TAMS 0x0000000087800000, 0x0000000087800000| Untracked 
|  87|0x0000000087900000, 0x0000000087900000, 0x0000000087a00000|  0%| F|  |TAMS 0x0000000087900000, 0x0000000087900000| Untracked 
|  88|0x0000000087a00000, 0x0000000087a00000, 0x0000000087b00000|  0%| F|  |TAMS 0x0000000087a00000, 0x0000000087a00000| Untracked 
|  89|0x0000000087b00000, 0x0000000087b00000, 0x0000000087c00000|  0%| F|  |TAMS 0x0000000087b00000, 0x0000000087b00000| Untracked 
|  90|0x0000000087c00000, 0x0000000087c00000, 0x0000000087d00000|  0%| F|  |TAMS 0x0000000087c00000, 0x0000000087c00000| Untracked 
|  91|0x0000000087d00000, 0x0000000087d00000, 0x0000000087e00000|  0%| F|  |TAMS 0x0000000087d00000, 0x0000000087d00000| Untracked 
|  92|0x0000000087e00000, 0x0000000087e00000, 0x0000000087f00000|  0%| F|  |TAMS 0x0000000087e00000, 0x0000000087e00000| Untracked 
|  93|0x0000000087f00000, 0x0000000087f00000, 0x0000000088000000|  0%| F|  |TAMS 0x0000000087f00000, 0x0000000087f00000| Untracked 
|  94|0x0000000088000000, 0x0000000088000000, 0x0000000088100000|  0%| F|  |TAMS 0x0000000088000000, 0x0000000088000000| Untracked 
|  95|0x0000000088100000, 0x0000000088100000, 0x0000000088200000|  0%| F|  |TAMS 0x0000000088100000, 0x0000000088100000| Untracked 
|  96|0x0000000088200000, 0x0000000088200000, 0x0000000088300000|  0%| F|  |TAMS 0x0000000088200000, 0x0000000088200000| Untracked 
|  97|0x0000000088300000, 0x0000000088300000, 0x0000000088400000|  0%| F|  |TAMS 0x0000000088300000, 0x0000000088300000| Untracked 
|  98|0x0000000088400000, 0x0000000088400000, 0x0000000088500000|  0%| F|  |TAMS 0x0000000088400000, 0x0000000088400000| Untracked 
|  99|0x0000000088500000, 0x0000000088500000, 0x0000000088600000|  0%| F|  |TAMS 0x0000000088500000, 0x0000000088500000| Untracked 
| 100|0x0000000088600000, 0x0000000088600000, 0x0000000088700000|  0%| F|  |TAMS 0x0000000088600000, 0x0000000088600000| Untracked 
| 101|0x0000000088700000, 0x0000000088800000, 0x0000000088800000|100%| S|CS|TAMS 0x0000000088700000, 0x0000000088700000| Complete 
| 102|0x0000000088800000, 0x0000000088900000, 0x0000000088900000|100%| S|CS|TAMS 0x0000000088800000, 0x0000000088800000| Complete 
| 103|0x0000000088900000, 0x0000000088a00000, 0x0000000088a00000|100%| S|CS|TAMS 0x0000000088900000, 0x0000000088900000| Complete 
| 104|0x0000000088a00000, 0x0000000088b00000, 0x0000000088b00000|100%| S|CS|TAMS 0x0000000088a00000, 0x0000000088a00000| Complete 
| 105|0x0000000088b00000, 0x0000000088c00000, 0x0000000088c00000|100%| S|CS|TAMS 0x0000000088b00000, 0x0000000088b00000| Complete 
| 106|0x0000000088c00000, 0x0000000088d00000, 0x0000000088d00000|100%| S|CS|TAMS 0x0000000088c00000, 0x0000000088c00000| Complete 
| 107|0x0000000088d00000, 0x0000000088e00000, 0x0000000088e00000|100%| S|CS|TAMS 0x0000000088d00000, 0x0000000088d00000| Complete 
| 108|0x0000000088e00000, 0x0000000088e00000, 0x0000000088f00000|  0%| F|  |TAMS 0x0000000088e00000, 0x0000000088e00000| Untracked 
| 109|0x0000000088f00000, 0x0000000088f00000, 0x0000000089000000|  0%| F|  |TAMS 0x0000000088f00000, 0x0000000088f00000| Untracked 
| 110|0x0000000089000000, 0x0000000089000000, 0x0000000089100000|  0%| F|  |TAMS 0x0000000089000000, 0x0000000089000000| Untracked 
| 111|0x0000000089100000, 0x0000000089100000, 0x0000000089200000|  0%| F|  |TAMS 0x0000000089100000, 0x0000000089100000| Untracked 
| 112|0x0000000089200000, 0x0000000089200000, 0x0000000089300000|  0%| F|  |TAMS 0x0000000089200000, 0x0000000089200000| Untracked 
| 113|0x0000000089300000, 0x0000000089300000, 0x0000000089400000|  0%| F|  |TAMS 0x0000000089300000, 0x0000000089300000| Untracked 
| 114|0x0000000089400000, 0x0000000089400000, 0x0000000089500000|  0%| F|  |TAMS 0x0000000089400000, 0x0000000089400000| Untracked 
| 115|0x0000000089500000, 0x0000000089500000, 0x0000000089600000|  0%| F|  |TAMS 0x0000000089500000, 0x0000000089500000| Untracked 
| 116|0x0000000089600000, 0x0000000089600000, 0x0000000089700000|  0%| F|  |TAMS 0x0000000089600000, 0x0000000089600000| Untracked 
| 117|0x0000000089700000, 0x0000000089700000, 0x0000000089800000|  0%| F|  |TAMS 0x0000000089700000, 0x0000000089700000| Untracked 
| 118|0x0000000089800000, 0x0000000089800000, 0x0000000089900000|  0%| F|  |TAMS 0x0000000089800000, 0x0000000089800000| Untracked 
| 119|0x0000000089900000, 0x0000000089900000, 0x0000000089a00000|  0%| F|  |TAMS 0x0000000089900000, 0x0000000089900000| Untracked 
| 120|0x0000000089a00000, 0x0000000089a00000, 0x0000000089b00000|  0%| F|  |TAMS 0x0000000089a00000, 0x0000000089a00000| Untracked 
| 121|0x0000000089b00000, 0x0000000089b00000, 0x0000000089c00000|  0%| F|  |TAMS 0x0000000089b00000, 0x0000000089b00000| Untracked 
| 122|0x0000000089c00000, 0x0000000089c00000, 0x0000000089d00000|  0%| F|  |TAMS 0x0000000089c00000, 0x0000000089c00000| Untracked 
| 123|0x0000000089d00000, 0x0000000089d00000, 0x0000000089e00000|  0%| F|  |TAMS 0x0000000089d00000, 0x0000000089d00000| Untracked 
| 124|0x0000000089e00000, 0x0000000089e00000, 0x0000000089f00000|  0%| F|  |TAMS 0x0000000089e00000, 0x0000000089e00000| Untracked 
| 125|0x0000000089f00000, 0x0000000089f00000, 0x000000008a000000|  0%| F|  |TAMS 0x0000000089f00000, 0x0000000089f00000| Untracked 
| 126|0x000000008a000000, 0x000000008a000000, 0x000000008a100000|  0%| F|  |TAMS 0x000000008a000000, 0x000000008a000000| Untracked 
| 127|0x000000008a100000, 0x000000008a100000, 0x000000008a200000|  0%| F|  |TAMS 0x000000008a100000, 0x000000008a100000| Untracked 
| 128|0x000000008a200000, 0x000000008a200000, 0x000000008a300000|  0%| F|  |TAMS 0x000000008a200000, 0x000000008a200000| Untracked 
| 129|0x000000008a300000, 0x000000008a300000, 0x000000008a400000|  0%| F|  |TAMS 0x000000008a300000, 0x000000008a300000| Untracked 
| 130|0x000000008a400000, 0x000000008a400000, 0x000000008a500000|  0%| F|  |TAMS 0x000000008a400000, 0x000000008a400000| Untracked 
| 131|0x000000008a500000, 0x000000008a500000, 0x000000008a600000|  0%| F|  |TAMS 0x000000008a500000, 0x000000008a500000| Untracked 
| 132|0x000000008a600000, 0x000000008a600000, 0x000000008a700000|  0%| F|  |TAMS 0x000000008a600000, 0x000000008a600000| Untracked 
| 133|0x000000008a700000, 0x000000008a700000, 0x000000008a800000|  0%| F|  |TAMS 0x000000008a700000, 0x000000008a700000| Untracked 
| 134|0x000000008a800000, 0x000000008a800000, 0x000000008a900000|  0%| F|  |TAMS 0x000000008a800000, 0x000000008a800000| Untracked 
| 135|0x000000008a900000, 0x000000008a900000, 0x000000008aa00000|  0%| F|  |TAMS 0x000000008a900000, 0x000000008a900000| Untracked 
| 136|0x000000008aa00000, 0x000000008aa00000, 0x000000008ab00000|  0%| F|  |TAMS 0x000000008aa00000, 0x000000008aa00000| Untracked 
| 137|0x000000008ab00000, 0x000000008ab00000, 0x000000008ac00000|  0%| F|  |TAMS 0x000000008ab00000, 0x000000008ab00000| Untracked 
| 138|0x000000008ac00000, 0x000000008ac00000, 0x000000008ad00000|  0%| F|  |TAMS 0x000000008ac00000, 0x000000008ac00000| Untracked 
| 139|0x000000008ad00000, 0x000000008ad00000, 0x000000008ae00000|  0%| F|  |TAMS 0x000000008ad00000, 0x000000008ad00000| Untracked 
| 140|0x000000008ae00000, 0x000000008ae00000, 0x000000008af00000|  0%| F|  |TAMS 0x000000008ae00000, 0x000000008ae00000| Untracked 
| 141|0x000000008af00000, 0x000000008af00000, 0x000000008b000000|  0%| F|  |TAMS 0x000000008af00000, 0x000000008af00000| Untracked 
| 142|0x000000008b000000, 0x000000008b000000, 0x000000008b100000|  0%| F|  |TAMS 0x000000008b000000, 0x000000008b000000| Untracked 
| 143|0x000000008b100000, 0x000000008b100000, 0x000000008b200000|  0%| F|  |TAMS 0x000000008b100000, 0x000000008b100000| Untracked 
| 144|0x000000008b200000, 0x000000008b200000, 0x000000008b300000|  0%| F|  |TAMS 0x000000008b200000, 0x000000008b200000| Untracked 
| 145|0x000000008b300000, 0x000000008b300000, 0x000000008b400000|  0%| F|  |TAMS 0x000000008b300000, 0x000000008b300000| Untracked 
| 146|0x000000008b400000, 0x000000008b400000, 0x000000008b500000|  0%| F|  |TAMS 0x000000008b400000, 0x000000008b400000| Untracked 
| 147|0x000000008b500000, 0x000000008b500000, 0x000000008b600000|  0%| F|  |TAMS 0x000000008b500000, 0x000000008b500000| Untracked 
| 148|0x000000008b600000, 0x000000008b600000, 0x000000008b700000|  0%| F|  |TAMS 0x000000008b600000, 0x000000008b600000| Untracked 
| 149|0x000000008b700000, 0x000000008b700000, 0x000000008b800000|  0%| F|  |TAMS 0x000000008b700000, 0x000000008b700000| Untracked 
| 150|0x000000008b800000, 0x000000008b800000, 0x000000008b900000|  0%| F|  |TAMS 0x000000008b800000, 0x000000008b800000| Untracked 
| 151|0x000000008b900000, 0x000000008b900000, 0x000000008ba00000|  0%| F|  |TAMS 0x000000008b900000, 0x000000008b900000| Untracked 
| 152|0x000000008ba00000, 0x000000008ba00000, 0x000000008bb00000|  0%| F|  |TAMS 0x000000008ba00000, 0x000000008ba00000| Untracked 
| 153|0x000000008bb00000, 0x000000008bb00000, 0x000000008bc00000|  0%| F|  |TAMS 0x000000008bb00000, 0x000000008bb00000| Untracked 
| 154|0x000000008bc00000, 0x000000008bc00000, 0x000000008bd00000|  0%| F|  |TAMS 0x000000008bc00000, 0x000000008bc00000| Untracked 
| 155|0x000000008bd00000, 0x000000008bd00000, 0x000000008be00000|  0%| F|  |TAMS 0x000000008bd00000, 0x000000008bd00000| Untracked 
| 156|0x000000008be00000, 0x000000008be00000, 0x000000008bf00000|  0%| F|  |TAMS 0x000000008be00000, 0x000000008be00000| Untracked 
| 157|0x000000008bf00000, 0x000000008bf00000, 0x000000008c000000|  0%| F|  |TAMS 0x000000008bf00000, 0x000000008bf00000| Untracked 
| 158|0x000000008c000000, 0x000000008c000000, 0x000000008c100000|  0%| F|  |TAMS 0x000000008c000000, 0x000000008c000000| Untracked 
| 159|0x000000008c100000, 0x000000008c100000, 0x000000008c200000|  0%| F|  |TAMS 0x000000008c100000, 0x000000008c100000| Untracked 
| 160|0x000000008c200000, 0x000000008c200000, 0x000000008c300000|  0%| F|  |TAMS 0x000000008c200000, 0x000000008c200000| Untracked 
| 161|0x000000008c300000, 0x000000008c300000, 0x000000008c400000|  0%| F|  |TAMS 0x000000008c300000, 0x000000008c300000| Untracked 
| 162|0x000000008c400000, 0x000000008c400000, 0x000000008c500000|  0%| F|  |TAMS 0x000000008c400000, 0x000000008c400000| Untracked 
| 163|0x000000008c500000, 0x000000008c500000, 0x000000008c600000|  0%| F|  |TAMS 0x000000008c500000, 0x000000008c500000| Untracked 

Card table byte_map: [0x000002e118fd0000,0x000002e1193c0000] _byte_map_base: 0x000002e118bbf000

Marking Bits (Prev, Next): (CMBitMap*) 0x000002e105679730, (CMBitMap*) 0x000002e1056796f8
 Prev Bits: [0x000002e11b730000, 0x000002e11d6a8000)
 Next Bits: [0x000002e1197b0000, 0x000002e11b728000)

Polling page: 0x000002e105720000

Metaspace:

Usage:
  Non-class:     57.84 MB capacity,    57.40 MB (>99%) used,   338.28 KB ( <1%) free+waste,   109.38 KB ( <1%) overhead. 
      Class:      7.74 MB capacity,     7.43 MB ( 96%) used,   263.97 KB (  3%) free+waste,    48.06 KB ( <1%) overhead. 
       Both:     65.57 MB capacity,    64.83 MB ( 99%) used,   602.25 KB ( <1%) free+waste,   157.44 KB ( <1%) overhead. 

Virtual space:
  Non-class space:       60.00 MB reserved,      58.01 MB ( 97%) committed 
      Class space:        1.00 GB reserved,       7.75 MB ( <1%) committed 
             Both:        1.06 GB reserved,      65.76 MB (  6%) committed 

Chunk freelists:
   Non-Class:  46.00 KB
       Class:  14.00 KB
        Both:  60.00 KB

MaxMetaspaceSize: 17179869184.00 GB
CompressedClassSpaceSize: 1.00 GB
Initial GC threshold: 20.80 MB
Current GC threshold: 98.55 MB
CDS: off

CodeHeap 'non-profiled nmethods': size=120000Kb used=3303Kb max_used=3303Kb free=116697Kb
 bounds [0x000002e110c40000, 0x000002e110f80000, 0x000002e118170000]
CodeHeap 'profiled nmethods': size=120000Kb used=18499Kb max_used=18499Kb free=101500Kb
 bounds [0x000002e109710000, 0x000002e10a930000, 0x000002e110c40000]
CodeHeap 'non-nmethods': size=5760Kb used=1337Kb max_used=1361Kb free=4423Kb
 bounds [0x000002e109170000, 0x000002e1093e0000, 0x000002e109710000]
 total_blobs=8109 nmethods=7482 adapters=537
 compilation: enabled
              stopped_count=0, restarted_count=0
 full_count=0

Compilation events (20 events):
Event: 5.271 Thread 0x000002e120b32800 nmethod 7531 0x000002e10a90f690 code [0x000002e10a90f840, 0x000002e10a90f9f8]
Event: 5.271 Thread 0x000002e120b32800 7532       3       org.jetbrains.kotlin.ir.declarations.DescriptorMetadataSource::<init> (5 bytes)
Event: 5.272 Thread 0x000002e120b32800 nmethod 7532 0x000002e10a90fb10 code [0x000002e10a90fcc0, 0x000002e10a90fe18]
Event: 5.272 Thread 0x000002e120b32800 7539       3       org.jetbrains.kotlin.psi2ir.KotlinUtilsKt::getChildTokenStartOffsetOrNull (44 bytes)
Event: 5.272 Thread 0x000002e120b32800 nmethod 7539 0x000002e10a90ff10 code [0x000002e10a910220, 0x000002e10a911148]
Event: 5.272 Thread 0x000002e120b32800 7540       3       org.jetbrains.kotlin.psi2ir.generators.FunctionGenerator::declareSimpleFunctionInner (40 bytes)
Event: 5.273 Thread 0x000002e120b32800 nmethod 7540 0x000002e10a911690 code [0x000002e10a911a00, 0x000002e10a912bb8]
Event: 5.273 Thread 0x000002e120b32800 7543       3       org.jetbrains.kotlin.backend.jvm.JvmNameProvider::nameForValueParameter (142 bytes)
Event: 5.274 Thread 0x000002e120b32800 nmethod 7543 0x000002e10a913210 code [0x000002e10a9135a0, 0x000002e10a914b08]
Event: 5.274 Thread 0x000002e120b32800 7545       3       org.jetbrains.kotlin.descriptors.ScopesHolderForClass::getScope (78 bytes)
Event: 5.275 Thread 0x000002e120b32800 nmethod 7545 0x000002e10a915190 code [0x000002e10a915740, 0x000002e10a918058]
Event: 5.275 Thread 0x000002e120b32800 7547       3       org.jetbrains.kotlin.psi2ir.generators.FunctionGenerator::generateReceiverParameterDeclaration (142 bytes)
Event: 5.276 Thread 0x000002e120b32800 nmethod 7547 0x000002e10a918d90 code [0x000002e10a9190c0, 0x000002e10a91a3b8]
Event: 5.276 Thread 0x000002e120b32800 7546       3       org.jetbrains.kotlin.resolve.calls.components.ClassicTypeSystemContextForCS::upperBound (9 bytes)
Event: 5.276 Thread 0x000002e120b32800 nmethod 7546 0x000002e10a91aa10 code [0x000002e10a91abc0, 0x000002e10a91ace8]
Event: 5.277 Thread 0x000002e120b32800 7548       3       org.jetbrains.kotlin.utils.SmartSet::iterator (117 bytes)
Event: 5.278 Thread 0x000002e120b32800 nmethod 7548 0x000002e10a91ad90 code [0x000002e10a91b220, 0x000002e10a91d398]
Event: 5.278 Thread 0x000002e120b32800 7549       3       org.jetbrains.kotlin.ir.declarations.impl.IrFunctionImpl::<init> (104 bytes)
Event: 5.280 Thread 0x000002e120b32800 nmethod 7549 0x000002e10a91dd10 code [0x000002e10a91e1c0, 0x000002e10a920098]
Event: 5.280 Thread 0x000002e120b32800 7550       3       org.jetbrains.kotlin.ir.declarations.impl.IrFunctionCommonImpl::<init> (149 bytes)

GC Heap History (17 events):
Event: 0.461 GC heap before
{Heap before GC invocations=0 (full 0):
 garbage-first heap   total 129024K, used 27648K [0x0000000082200000, 0x0000000100000000)
  region size 1024K, 24 young (24576K), 0 survivors (0K)
 Metaspace       used 12360K, capacity 12504K, committed 12800K, reserved 1060864K
  class space    used 1164K, capacity 1207K, committed 1280K, reserved 1048576K
}
Event: 0.464 GC heap after
{Heap after GC invocations=1 (full 0):
 garbage-first heap   total 129024K, used 5770K [0x0000000082200000, 0x0000000100000000)
  region size 1024K, 3 young (3072K), 3 survivors (3072K)
 Metaspace       used 12360K, capacity 12504K, committed 12800K, reserved 1060864K
  class space    used 1164K, capacity 1207K, committed 1280K, reserved 1048576K
}
Event: 0.948 GC heap before
{Heap before GC invocations=1 (full 0):
 garbage-first heap   total 129024K, used 41610K [0x0000000082200000, 0x0000000100000000)
  region size 1024K, 39 young (39936K), 3 survivors (3072K)
 Metaspace       used 20875K, capacity 21087K, committed 21296K, reserved 1069056K
  class space    used 2222K, capacity 2312K, committed 2432K, reserved 1048576K
}
Event: 0.961 GC heap after
{Heap after GC invocations=2 (full 0):
 garbage-first heap   total 129024K, used 9198K [0x0000000082200000, 0x0000000100000000)
  region size 1024K, 6 young (6144K), 6 survivors (6144K)
 Metaspace       used 20875K, capacity 21087K, committed 21296K, reserved 1069056K
  class space    used 2222K, capacity 2312K, committed 2432K, reserved 1048576K
}
Event: 1.676 GC heap before
{Heap before GC invocations=3 (full 0):
 garbage-first heap   total 129024K, used 63470K [0x0000000082200000, 0x0000000100000000)
  region size 1024K, 54 young (55296K), 6 survivors (6144K)
 Metaspace       used 32761K, capacity 33204K, committed 33456K, reserved 1079296K
  class space    used 4098K, capacity 4278K, committed 4352K, reserved 1048576K
}
Event: 1.692 GC heap after
{Heap after GC invocations=4 (full 0):
 garbage-first heap   total 129024K, used 20342K [0x0000000082200000, 0x0000000100000000)
  region size 1024K, 7 young (7168K), 7 survivors (7168K)
 Metaspace       used 32761K, capacity 33204K, committed 33456K, reserved 1079296K
  class space    used 4098K, capacity 4278K, committed 4352K, reserved 1048576K
}
Event: 1.859 GC heap before
{Heap before GC invocations=4 (full 0):
 garbage-first heap   total 129024K, used 33654K [0x0000000082200000, 0x0000000100000000)
  region size 1024K, 21 young (21504K), 7 survivors (7168K)
 Metaspace       used 35405K, capacity 35807K, committed 35920K, reserved 1081344K
  class space    used 4380K, capacity 4570K, committed 4608K, reserved 1048576K
}
Event: 1.875 GC heap after
{Heap after GC invocations=5 (full 0):
 garbage-first heap   total 129024K, used 20296K [0x0000000082200000, 0x0000000100000000)
  region size 1024K, 2 young (2048K), 2 survivors (2048K)
 Metaspace       used 35405K, capacity 35807K, committed 35920K, reserved 1081344K
  class space    used 4380K, capacity 4570K, committed 4608K, reserved 1048576K
}
Event: 2.499 GC heap before
{Heap before GC invocations=6 (full 0):
 garbage-first heap   total 129024K, used 69448K [0x0000000082200000, 0x0000000100000000)
  region size 1024K, 48 young (49152K), 2 survivors (2048K)
 Metaspace       used 45500K, capacity 45978K, committed 46160K, reserved 1089536K
  class space    used 5420K, capacity 5607K, committed 5632K, reserved 1048576K
}
Event: 2.508 GC heap after
{Heap after GC invocations=7 (full 0):
 garbage-first heap   total 167936K, used 26243K [0x0000000082200000, 0x0000000100000000)
  region size 1024K, 6 young (6144K), 6 survivors (6144K)
 Metaspace       used 45500K, capacity 45978K, committed 46160K, reserved 1089536K
  class space    used 5420K, capacity 5607K, committed 5632K, reserved 1048576K
}
Event: 3.184 GC heap before
{Heap before GC invocations=7 (full 0):
 garbage-first heap   total 167936K, used 86659K [0x0000000082200000, 0x0000000100000000)
  region size 1024K, 64 young (65536K), 6 survivors (6144K)
 Metaspace       used 51416K, capacity 52053K, committed 52176K, reserved 1095680K
  class space    used 5989K, capacity 6220K, committed 6272K, reserved 1048576K
}
Event: 3.200 GC heap after
{Heap after GC invocations=8 (full 0):
 garbage-first heap   total 167936K, used 33176K [0x0000000082200000, 0x0000000100000000)
  region size 1024K, 7 young (7168K), 7 survivors (7168K)
 Metaspace       used 51416K, capacity 52053K, committed 52176K, reserved 1095680K
  class space    used 5989K, capacity 6220K, committed 6272K, reserved 1048576K
}
Event: 4.115 GC heap before
{Heap before GC invocations=8 (full 0):
 garbage-first heap   total 167936K, used 96664K [0x0000000082200000, 0x0000000100000000)
  region size 1024K, 69 young (70656K), 7 survivors (7168K)
 Metaspace       used 58087K, capacity 58778K, committed 58960K, reserved 1101824K
  class space    used 6802K, capacity 7100K, committed 7168K, reserved 1048576K
}
Event: 4.131 GC heap after
{Heap after GC invocations=9 (full 0):
 garbage-first heap   total 167936K, used 41532K [0x0000000082200000, 0x0000000100000000)
  region size 1024K, 8 young (8192K), 8 survivors (8192K)
 Metaspace       used 58087K, capacity 58778K, committed 58960K, reserved 1101824K
  class space    used 6802K, capacity 7100K, committed 7168K, reserved 1048576K
}
Event: 4.381 GC heap before
{Heap before GC invocations=9 (full 0):
 garbage-first heap   total 167936K, used 60988K [0x0000000082200000, 0x0000000100000000)
  region size 1024K, 28 young (28672K), 8 survivors (8192K)
 Metaspace       used 59492K, capacity 60179K, committed 60296K, reserved 1101824K
  class space    used 6951K, capacity 7266K, committed 7296K, reserved 1048576K
}
Event: 4.397 GC heap after
{Heap after GC invocations=10 (full 0):
 garbage-first heap   total 167936K, used 44805K [0x0000000082200000, 0x0000000100000000)
  region size 1024K, 3 young (3072K), 3 survivors (3072K)
 Metaspace       used 59492K, capacity 60179K, committed 60296K, reserved 1101824K
  class space    used 6951K, capacity 7266K, committed 7296K, reserved 1048576K
}
Event: 5.280 GC heap before
{Heap before GC invocations=11 (full 0):
 garbage-first heap   total 167936K, used 99077K [0x0000000082200000, 0x0000000100000000)
  region size 1024K, 56 young (57344K), 3 survivors (3072K)
 Metaspace       used 66388K, capacity 67148K, committed 67336K, reserved 1110016K
  class space    used 7609K, capacity 7922K, committed 7936K, reserved 1048576K
}

Deoptimization events (20 events):
Event: 5.071 Thread 0x000002e10563b800 Uncommon trap: trap_request=0xffffff4d fr.pc=0x000002e110e64514 relative=0x0000000000000254
Event: 5.071 Thread 0x000002e10563b800 Uncommon trap: reason=unstable_if action=reinterpret pc=0x000002e110e64514 method=java.lang.String.indexOf([BBILjava/lang/String;I)I @ 21 c2
Event: 5.071 Thread 0x000002e10563b800 DEOPT PACKING pc=0x000002e110e64514 sp=0x000000e4984fcfe0
Event: 5.071 Thread 0x000002e10563b800 DEOPT UNPACKING pc=0x000002e1091ba1af sp=0x000000e4984fce78 mode 2
Event: 5.077 Thread 0x000002e10563b800 Uncommon trap: trap_request=0xffffff6e fr.pc=0x000002e110f54cdc relative=0x000000000000011c
Event: 5.077 Thread 0x000002e10563b800 Uncommon trap: reason=speculate_class_check action=maybe_recompile pc=0x000002e110f54cdc method=org.jetbrains.kotlin.types.checker.ClassicTypeSystemContext$DefaultImpls.asSimpleType(Lorg/jetbrains/kotlin/types/checker/ClassicTypeSystemContext;Lorg/jetbrai
Event: 5.077 Thread 0x000002e10563b800 DEOPT PACKING pc=0x000002e110f54cdc sp=0x000000e4984fcd20
Event: 5.077 Thread 0x000002e10563b800 DEOPT UNPACKING pc=0x000002e1091ba1af sp=0x000000e4984fca50 mode 2
Event: 5.077 Thread 0x000002e10563b800 Uncommon trap: trap_request=0xffffff6e fr.pc=0x000002e110f54cdc relative=0x000000000000011c
Event: 5.077 Thread 0x000002e10563b800 Uncommon trap: reason=speculate_class_check action=maybe_recompile pc=0x000002e110f54cdc method=org.jetbrains.kotlin.types.checker.ClassicTypeSystemContext$DefaultImpls.asSimpleType(Lorg/jetbrains/kotlin/types/checker/ClassicTypeSystemContext;Lorg/jetbrai
Event: 5.077 Thread 0x000002e10563b800 DEOPT PACKING pc=0x000002e110f54cdc sp=0x000000e4984fcc90
Event: 5.077 Thread 0x000002e10563b800 DEOPT UNPACKING pc=0x000002e1091ba1af sp=0x000000e4984fc9c0 mode 2
Event: 5.077 Thread 0x000002e10563b800 Uncommon trap: trap_request=0xffffff6e fr.pc=0x000002e110f54cdc relative=0x000000000000011c
Event: 5.077 Thread 0x000002e10563b800 Uncommon trap: reason=speculate_class_check action=maybe_recompile pc=0x000002e110f54cdc method=org.jetbrains.kotlin.types.checker.ClassicTypeSystemContext$DefaultImpls.asSimpleType(Lorg/jetbrains/kotlin/types/checker/ClassicTypeSystemContext;Lorg/jetbrai
Event: 5.077 Thread 0x000002e10563b800 DEOPT PACKING pc=0x000002e110f54cdc sp=0x000000e4984fcb50
Event: 5.077 Thread 0x000002e10563b800 DEOPT UNPACKING pc=0x000002e1091ba1af sp=0x000000e4984fc880 mode 2
Event: 5.077 Thread 0x000002e10563b800 Uncommon trap: trap_request=0xffffff6e fr.pc=0x000002e110f54cdc relative=0x000000000000011c
Event: 5.077 Thread 0x000002e10563b800 Uncommon trap: reason=speculate_class_check action=maybe_recompile pc=0x000002e110f54cdc method=org.jetbrains.kotlin.types.checker.ClassicTypeSystemContext$DefaultImpls.asSimpleType(Lorg/jetbrains/kotlin/types/checker/ClassicTypeSystemContext;Lorg/jetbrai
Event: 5.077 Thread 0x000002e10563b800 DEOPT PACKING pc=0x000002e110f54cdc sp=0x000000e4984fcb50
Event: 5.077 Thread 0x000002e10563b800 DEOPT UNPACKING pc=0x000002e1091ba1af sp=0x000000e4984fc880 mode 2

Classes redefined (0 events):
No events

Internal exceptions (20 events):
Event: 2.328 Thread 0x000002e10563b800 Exception <a 'java/lang/NoSuchMethodError'{0x0000000087a7bc38}: 'java.lang.Object java.lang.invoke.Invokers$Holder.linkToTargetMethod(java.lang.Object, java.lang.Object, int, java.lang.Object)'> (0x0000000087a7bc38) thrown at [./src/hotspot/share/interpreter/linkResolver.cpp, line 773]
Event: 2.676 Thread 0x000002e10563b800 Implicit null exception at 0x000002e110d81b7e to 0x000002e110d81e0c
Event: 3.066 Thread 0x000002e10563b800 Exception <a 'java/lang/NoSuchMethodError'{0x000000008914acf8}: 'java.lang.Object java.lang.invoke.DirectMethodHandle$Holder.invokeStaticInit(java.lang.Object, java.lang.Object, java.lang.Object)'> (0x000000008914acf8) thrown at [./src/hotspot/share/interpreter/linkResolver.cpp, line 773]
Event: 3.072 Thread 0x000002e10563b800 Exception <a 'java/lang/NoSuchMethodError'{0x000000008918a8d8}: 'java.lang.Object java.lang.invoke.DirectMethodHandle$Holder.invokeStatic(java.lang.Object, int, java.lang.Object, java.lang.Object)'> (0x000000008918a8d8) thrown at [./src/hotspot/share/interpreter/linkResolver.cpp, line 773]
Event: 3.073 Thread 0x000002e10563b800 Exception <a 'java/lang/NoSuchMethodError'{0x0000000089194d08}: 'int java.lang.invoke.DirectMethodHandle$Holder.invokeInterface(java.lang.Object, java.lang.Object)'> (0x0000000089194d08) thrown at [./src/hotspot/share/interpreter/linkResolver.cpp, line 773]
Event: 3.822 Thread 0x000002e10563b800 Exception <a 'java/lang/NoSuchMethodError'{0x00000000895910e0}: 'java.lang.Object java.lang.invoke.Invokers$Holder.linkToTargetMethod(java.lang.Object, java.lang.Object, java.lang.Object, int, int, java.lang.Object)'> (0x00000000895910e0) thrown at [./src/hotspot/share/interpreter/linkResolver.cpp, line 773]
Event: 3.836 Thread 0x000002e10563b800 Exception <a 'java/lang/NoSuchMethodError'{0x0000000089400d30}: 'java.lang.Object java.lang.invoke.Invokers$Holder.linkToTargetMethod(java.lang.Object, java.lang.Object, java.lang.Object, java.lang.Object, java.lang.Object, java.lang.Object)'> (0x0000000089400d30) thrown at [./src/hotspot/share/interpreter/linkResolver.cpp, line 773]
Event: 3.895 Thread 0x000002e10563b800 Exception <a 'java/lang/NoSuchMethodError'{0x0000000089169148}: 'int java.lang.invoke.DirectMethodHandle$Holder.invokeVirtual(java.lang.Object, java.lang.Object, java.lang.Object)'> (0x0000000089169148) thrown at [./src/hotspot/share/interpreter/linkResolver.cpp, line 773]
Event: 3.998 Thread 0x000002e10563b800 Exception <a 'java/lang/NoSuchMethodError'{0x0000000088d54c88}: 'java.lang.Object java.lang.invoke.DirectMethodHandle$Holder.invokeSpecial(java.lang.Object, java.lang.Object, java.lang.Object, java.lang.Object, java.lang.Object, int)'> (0x0000000088d54c88) thrown at [./src/hotspot/share/interpreter/linkResolver.cpp, line 773]
Event: 3.998 Thread 0x000002e10563b800 Exception <a 'java/lang/NoSuchMethodError'{0x0000000088d58ad0}: 'java.lang.Object java.lang.invoke.Invokers$Holder.linkToTargetMethod(java.lang.Object, java.lang.Object, java.lang.Object, int, java.lang.Object)'> (0x0000000088d58ad0) thrown at [./src/hotspot/share/interpreter/linkResolver.cpp, line 773]
Event: 4.037 Thread 0x000002e10563b800 Exception <a 'java/lang/NoSuchMethodError'{0x0000000088425410}: 'void java.lang.invoke.DirectMethodHandle$Holder.invokeInterface(java.lang.Object, java.lang.Object)'> (0x0000000088425410) thrown at [./src/hotspot/share/interpreter/linkResolver.cpp, line 773]
Event: 4.072 Thread 0x000002e10563b800 Exception <a 'java/lang/IncompatibleClassChangeError'{0x0000000088368e00}: Found class java.lang.Object, but interface was expected> (0x0000000088368e00) thrown at [./src/hotspot/share/interpreter/linkResolver.cpp, line 839]
Event: 4.081 Thread 0x000002e10563b800 Implicit null exception at 0x000002e110d649cc to 0x000002e110d64aa8
Event: 4.190 Thread 0x000002e10563b800 Implicit null exception at 0x000002e110c9ccde to 0x000002e110c9d44a
Event: 4.191 Thread 0x000002e10563b800 Implicit null exception at 0x000002e110c9972f to 0x000002e110c9979d
Event: 4.508 Thread 0x000002e10563b800 Exception <a 'java/lang/NoSuchMethodError'{0x000000008bd8a670}: 'java.lang.Object java.lang.invoke.DirectMethodHandle$Holder.invokeInterface(java.lang.Object, java.lang.Object, java.lang.Object)'> (0x000000008bd8a670) thrown at [./src/hotspot/share/interpreter/linkResolver.cpp, line 773]
Event: 4.508 Thread 0x000002e10563b800 Exception <a 'java/lang/IncompatibleClassChangeError'{0x000000008bd8d8a0}: Found class java.lang.Object, but interface was expected> (0x000000008bd8d8a0) thrown at [./src/hotspot/share/interpreter/linkResolver.cpp, line 839]
Event: 4.662 Thread 0x000002e10563b800 Implicit null exception at 0x000002e110eb02f8 to 0x000002e110eb09fc
Event: 4.764 Thread 0x000002e10563b800 Implicit null exception at 0x000002e110c972f5 to 0x000002e110c974bc
Event: 4.992 Thread 0x000002e10563b800 Exception <a 'java/lang/NoSuchMethodError'{0x0000000089e6c580}: 'int java.lang.invoke.DirectMethodHandle$Holder.invokeStaticInit(java.lang.Object, java.lang.Object, java.lang.Object, java.lang.Object)'> (0x0000000089e6c580) thrown at [./src/hotspot/share/interpreter/linkResolver.cpp, line 773]

Events (20 events):
Event: 5.172 loading class org/jetbrains/kotlin/ir/util/SymbolTable$declareVariable$1 done
Event: 5.172 loading class org/jetbrains/kotlin/ir/symbols/impl/IrVariableSymbolImpl
Event: 5.172 loading class org/jetbrains/kotlin/ir/symbols/impl/IrVariableSymbolImpl done
Event: 5.172 loading class org/jetbrains/kotlin/ir/symbols/IrVariableSymbol
Event: 5.172 loading class org/jetbrains/kotlin/ir/symbols/IrVariableSymbol done
Event: 5.173 loading class org/jetbrains/kotlin/ir/declarations/impl/IrVariableImpl
Event: 5.173 loading class org/jetbrains/kotlin/ir/declarations/impl/IrVariableImpl done
Event: 5.173 loading class org/jetbrains/kotlin/ir/declarations/IrVariable
Event: 5.173 loading class org/jetbrains/kotlin/ir/declarations/IrVariable done
Event: 5.203 loading class org/jetbrains/kotlin/ir/expressions/IrSpreadElement
Event: 5.203 loading class org/jetbrains/kotlin/ir/expressions/IrSpreadElement done
Event: 5.244 Executing VM operation: ICBufferFull
Event: 5.244 Executing VM operation: ICBufferFull done
Event: 5.245 loading class org/jetbrains/kotlin/ir/types/impl/IrStarProjectionImpl
Event: 5.245 loading class org/jetbrains/kotlin/ir/types/impl/IrStarProjectionImpl done
Event: 5.245 loading class org/jetbrains/kotlin/ir/types/IrStarProjection
Event: 5.245 loading class org/jetbrains/kotlin/ir/types/IrStarProjection done
Event: 5.248 loading class org/jetbrains/kotlin/types/FlexibleTypeBoundsChecker
Event: 5.248 loading class org/jetbrains/kotlin/types/FlexibleTypeBoundsChecker done
Event: 5.280 Executing VM operation: G1CollectForAllocation


Dynamic libraries:
0x00007ff78ac00000 - 0x00007ff78ac0a000 	C:\Program Files\Android\Android Studio\jre\bin\java.exe
0x00007ffd22cf0000 - 0x00007ffd22ee5000 	C:\Windows\SYSTEM32\ntdll.dll
0x00007ffd21500000 - 0x00007ffd215bd000 	C:\Windows\System32\KERNEL32.DLL
0x00007ffd20a70000 - 0x00007ffd20d3d000 	C:\Windows\System32\KERNELBASE.dll
0x00007ffd20690000 - 0x00007ffd20790000 	C:\Windows\System32\ucrtbase.dll
0x00007ffd0b390000 - 0x00007ffd0b3a9000 	C:\Program Files\Android\Android Studio\jre\bin\jli.dll
0x00007ffd10290000 - 0x00007ffd102a7000 	C:\Program Files\Android\Android Studio\jre\bin\VCRUNTIME140.dll
0x00007ffd21640000 - 0x00007ffd217e0000 	C:\Windows\System32\USER32.dll
0x00007ffd09dc0000 - 0x00007ffd0a05a000 	C:\Windows\WinSxS\amd64_microsoft.windows.common-controls_6595b64144ccf1df_6.0.19041.1110_none_60b5254171f9507e\COMCTL32.dll
0x00007ffd20790000 - 0x00007ffd207b2000 	C:\Windows\System32\win32u.dll
0x00007ffd22070000 - 0x00007ffd2209a000 	C:\Windows\System32\GDI32.dll
0x00007ffd221d0000 - 0x00007ffd2226e000 	C:\Windows\System32\msvcrt.dll
0x00007ffd20810000 - 0x00007ffd2091b000 	C:\Windows\System32\gdi32full.dll
0x00007ffd20920000 - 0x00007ffd209bd000 	C:\Windows\System32\msvcp_win.dll
0x00007ffd22480000 - 0x00007ffd224b0000 	C:\Windows\System32\IMM32.DLL
0x00007ffcedd40000 - 0x00007ffcedddd000 	C:\Program Files\Android\Android Studio\jre\bin\msvcp140.dll
0x00007ffccdb60000 - 0x00007ffcce645000 	C:\Program Files\Android\Android Studio\jre\bin\server\jvm.dll
0x00007ffd217e0000 - 0x00007ffd2188e000 	C:\Windows\System32\ADVAPI32.dll
0x00007ffd21460000 - 0x00007ffd214fc000 	C:\Windows\System32\sechost.dll
0x00007ffd22340000 - 0x00007ffd22465000 	C:\Windows\System32\RPCRT4.dll
0x00007ffd225e0000 - 0x00007ffd225e8000 	C:\Windows\System32\PSAPI.DLL
0x00007ffd06780000 - 0x00007ffd06789000 	C:\Windows\SYSTEM32\WSOCK32.dll
0x00007ffd16d20000 - 0x00007ffd16d2a000 	C:\Windows\SYSTEM32\VERSION.dll
0x00007ffd09be0000 - 0x00007ffd09c07000 	C:\Windows\SYSTEM32\WINMM.dll
0x00007ffd22570000 - 0x00007ffd225db000 	C:\Windows\System32\WS2_32.dll
0x00007ffd1ece0000 - 0x00007ffd1ecf2000 	C:\Windows\SYSTEM32\kernel.appcore.dll
0x00007ffd17a40000 - 0x00007ffd17a51000 	C:\Program Files\Android\Android Studio\jre\bin\verify.dll
0x00007ffd1b1b0000 - 0x00007ffd1b394000 	C:\Windows\SYSTEM32\DBGHELP.DLL
0x00007ffd04340000 - 0x00007ffd0436c000 	C:\Windows\SYSTEM32\dbgcore.DLL
0x00007ffd205d0000 - 0x00007ffd20652000 	C:\Windows\System32\bcryptPrimitives.dll
0x00007ffd10260000 - 0x00007ffd10289000 	C:\Program Files\Android\Android Studio\jre\bin\java.dll
0x00007ffd1a6e0000 - 0x00007ffd1a6eb000 	C:\Program Files\Android\Android Studio\jre\bin\jimage.dll
0x00007ffd17790000 - 0x00007ffd177a8000 	C:\Program Files\Android\Android Studio\jre\bin\zip.dll
0x00007ffd21920000 - 0x00007ffd22064000 	C:\Windows\System32\SHELL32.dll
0x00007ffd1e4b0000 - 0x00007ffd1ec44000 	C:\Windows\SYSTEM32\windows.storage.dll
0x00007ffd20f00000 - 0x00007ffd21254000 	C:\Windows\System32\combase.dll
0x00007ffd1fd90000 - 0x00007ffd1fdbc000 	C:\Windows\SYSTEM32\Wldp.dll
0x00007ffd22290000 - 0x00007ffd2233d000 	C:\Windows\System32\SHCORE.dll
0x00007ffd225f0000 - 0x00007ffd22645000 	C:\Windows\System32\shlwapi.dll
0x00007ffd20340000 - 0x00007ffd2035f000 	C:\Windows\SYSTEM32\profapi.dll
0x00007ffd17440000 - 0x00007ffd1745a000 	C:\Program Files\Android\Android Studio\jre\bin\net.dll
0x00007ffd0aec0000 - 0x00007ffd0afca000 	C:\Windows\SYSTEM32\WINHTTP.dll
0x00007ffd1faf0000 - 0x00007ffd1fb5a000 	C:\Windows\system32\mswsock.dll
0x00007ffd16e60000 - 0x00007ffd16e74000 	C:\Program Files\Android\Android Studio\jre\bin\nio.dll

dbghelp: loaded successfully - version: 4.0.5 - missing functions: none
symbol engine: initialized successfully - sym options: 0x614 - pdb path: .;C:\Program Files\Android\Android Studio\jre\bin;C:\Windows\SYSTEM32;C:\Windows\WinSxS\amd64_microsoft.windows.common-controls_6595b64144ccf1df_6.0.19041.1110_none_60b5254171f9507e;C:\Program Files\Android\Android Studio\jre\bin\server

VM Arguments:
java_command: org.jetbrains.kotlin.cli.jvm.K2JVMCompiler @C:\Users\usuario\AndroidStudioProjects\MyApplication\app\build\20220607_4334698223797692969.compiler.options
java_class_path (initial): C:\Users\usuario\.gradle\caches\modules-2\files-2.1\org.jetbrains.kotlin\kotlin-compiler-embeddable\1.6.10\88f2073f4020cdb83132cfe940ceb9a60aba54ea\kotlin-compiler-embeddable-1.6.10.jar;C:\Users\usuario\.gradle\caches\modules-2\files-2.1\org.jetbrains.kotlin\kotlin-reflect\1.6.10\1cbe9c92c12a94eea200d23c2bbaedaf3daf5132\kotlin-reflect-1.6.10.jar;C:\Users\usuario\.gradle\caches\modules-2\files-2.1\org.jetbrains.kotlin\kotlin-stdlib\1.6.10\b8af3fe6f1ca88526914929add63cf5e7c5049af\kotlin-stdlib-1.6.10.jar;C:\Users\usuario\.gradle\caches\modules-2\files-2.1\org.jetbrains.kotlin\kotlin-script-runtime\1.6.10\d0a7ff2e2500ef497ed0214ae40ad3c8387a6164\kotlin-script-runtime-1.6.10.jar;C:\Users\usuario\.gradle\caches\modules-2\files-2.1\org.jetbrains.kotlin\kotlin-daemon-embeddable\1.6.10\a56d79bcbea411fa6058e4ecffc2de73e742bd2a\kotlin-daemon-embeddable-1.6.10.jar;C:\Users\usuario\.gradle\caches\modules-2\files-2.1\org.jetbrains.intellij.deps\trove4j\1.0.20181211\216c2e14b070f334479d800987affe4054cd563f\trove4j-1.0.20181211.jar;C:\Users\usuario\.gradle\caches\modules-2\files-2.1\net.java.dev.jna\jna\5.6.0\330f2244e9030119ab3030fc3fededc86713d9cc\jna-5.6.0.jar;C:\Users\usuario\.gradle\caches\modules-2\files-2.1\org.jetbrains\annotations\13.0\919f0dfe192fb4e063e7dacadee7f8bb9a2672a9\annotations-13.0.jar;C:\Users\usuario\.gradle\caches\modules-2\files-2.1\org.jetbrains.kotlin\kotlin-stdlib-common\1.6.10\c118700e3a33c8a0d9adc920e9dec0831171925\kotlin-stdlib-common-1.6.10.jar
Launcher Type: SUN_STANDARD

[Global flags]
     intx CICompilerCount                          = 4                                         {product} {ergonomic}
     uint ConcGCThreads                            = 2                                         {product} {ergonomic}
     uint G1ConcRefinementThreads                  = 8                                         {product} {ergonomic}
   size_t G1HeapRegionSize                         = 1048576                                   {product} {ergonomic}
    uintx GCDrainStackTargetSize                   = 64                                        {product} {ergonomic}
   size_t InitialHeapSize                          = 132120576                                 {product} {ergonomic}
   size_t MarkStackSize                            = 4194304                                   {product} {ergonomic}
   size_t MaxHeapSize                              = 2111832064                                {product} {ergonomic}
   size_t MaxNewSize                               = 1266679808                                {product} {ergonomic}
   size_t MinHeapDeltaBytes                        = 1048576                                   {product} {ergonomic}
    uintx NonNMethodCodeHeapSize                   = 5836300                                {pd product} {ergonomic}
    uintx NonProfiledCodeHeapSize                  = 122910970                              {pd product} {ergonomic}
    uintx ProfiledCodeHeapSize                     = 122910970                              {pd product} {ergonomic}
    uintx ReservedCodeCacheSize                    = 251658240                              {pd product} {ergonomic}
     bool SegmentedCodeCache                       = true                                      {product} {ergonomic}
     bool UseCompressedClassPointers               = true                                 {lp64_product} {ergonomic}
     bool UseCompressedOops                        = true                                 {lp64_product} {ergonomic}
     bool UseG1GC                                  = true                                      {product} {ergonomic}
     bool UseLargePagesIndividualAllocation        = false                                  {pd product} {ergonomic}

Logging:
Log output configuration:
 #0: stdout all=warning uptime,level,tags
 #1: stderr all=off uptime,level,tags

Environment Variables:
PATH=C:\Program Files\Common Files\Oracle\Java\javapath;C:\Windows\system32;C:\Windows;C:\Windows\System32\Wbem;C:\Windows\System32\WindowsPowerShell\v1.0\;C:\Windows\System32\OpenSSH\;C:\Program Files (x86)\Intel\Intel(R) Management Engine Components\DAL;C:\Program Files\Intel\Intel(R) Management Engine Components\DAL;C:\ProgramData\UNIVALI\Portugol Studio;C:\Program Files\nodejs\;C:\Program Files\Git\cmd;C:\Users\usuario\AppData\Local\Microsoft\WindowsApps;C:\Users\usuario\AppData\Local\GitHubDesktop\bin;C:\Users\usuario\AppData\Local\Programs\Microsoft VS Code\bin;C:\Users\usuario\AppData\Roaming\npm;C:\Program Files\JetBrains\IntelliJ IDEA Community Edition 2022.1.1\bin;
USERNAME=usuario
OS=Windows_NT
PROCESSOR_IDENTIFIER=Intel64 Family 6 Model 142 Stepping 10, GenuineIntel



---------------  S Y S T E M  ---------------

OS: Windows 10 , 64 bit Build 19041 (10.0.19041.1706)
OS uptime: 3 days 4:01 hours

CPU:total 8 (initial active 8) (4 cores per cpu, 2 threads per core) family 6 model 142 stepping 10 microcode 0xe0, cmov, cx8, fxsr, mmx, sse, sse2, sse3, ssse3, sse4.1, sse4.2, popcnt, avx, avx2, aes, clmul, erms, 3dnowpref, lzcnt, ht, tsc, tscinvbit, bmi1, bmi2, adx, fma

Memory: 4k page, system-wide physical 8050M (434M free)
TotalPageFile size 12146M (AvailPageFile size 32M)
current process WorkingSet (physical memory assigned to process): 302M, peak: 325M
current process commit charge ("private bytes"): 362M, peak: 399M

vm_info: OpenJDK 64-Bit Server VM (11.0.12+7-b1504.28-7817840) for windows-amd64 JRE (11.0.12+7-b1504.28-7817840), built on Oct 13 2021 22:12:33 by "builder" with MS VC++ 14.0 (VS2015)

END.
